              job id: 7019725
         exit status: 0
            cpu time: 95s / 8.0h (0 %)
        elapsed time: 21s / 1800s (1 %)

Job completed successfully
WARNING: Job only used 1% of its requested walltime.
WARNING: Job only used 0% of its requested cpu time.
              job id: 7019726
         exit status: 0
            cpu time: 110s / 8.0h (0 %)
        elapsed time: 22s / 1800s (1 %)

Job completed successfully
WARNING: Job only used 1% of its requested walltime.
WARNING: Job only used 0% of its requested cpu time.
              job id: 7019727
         exit status: 0
            cpu time: 100s / 8.0h (0 %)
        elapsed time: 21s / 1800s (1 %)

Job completed successfully
WARNING: Job only used 1% of its requested walltime.
WARNING: Job only used 0% of its requested cpu time.
              job id: 7019728
         exit status: 0
            cpu time: 99s / 8.0h (0 %)
        elapsed time: 19s / 1800s (1 %)

Job completed successfully
WARNING: Job only used 1% of its requested walltime.
WARNING: Job only used 0% of its requested cpu time.
              job id: 7019729
         exit status: 0
            cpu time: 104s / 8.0h (0 %)
        elapsed time: 22s / 1800s (1 %)

Job completed successfully
WARNING: Job only used 1% of its requested walltime.
WARNING: Job only used 0% of its requested cpu time.
              job id: 7019730
         exit status: 0
            cpu time: 91s / 8.0h (0 %)
        elapsed time: 20s / 1800s (1 %)

Job completed successfully
WARNING: Job only used 1% of its requested walltime.
WARNING: Job only used 0% of its requested cpu time.
              job id: 7019731
         exit status: 0
            cpu time: 116s / 8.0h (0 %)
        elapsed time: 25s / 1800s (1 %)

Job completed successfully
WARNING: Job only used 1% of its requested walltime.
WARNING: Job only used 0% of its requested cpu time.
              job id: 7019732
         exit status: 0
            cpu time: 112s / 8.0h (0 %)
        elapsed time: 22s / 1800s (1 %)

Job completed successfully
WARNING: Job only used 1% of its requested walltime.
WARNING: Job only used 0% of its requested cpu time.
              job id: 7019733
         exit status: 0
            cpu time: 101s / 8.0h (0 %)
        elapsed time: 21s / 1800s (1 %)

Job completed successfully
WARNING: Job only used 1% of its requested walltime.
WARNING: Job only used 0% of its requested cpu time.
              job id: 7019734
         exit status: 0
            cpu time: 99s / 8.0h (0 %)
        elapsed time: 22s / 1800s (1 %)

Job completed successfully
WARNING: Job only used 1% of its requested walltime.
WARNING: Job only used 0% of its requested cpu time.
