              job id: 7019695
         exit status: 0
            cpu time: 100s / 5.0h (0 %)
        elapsed time: 25s / 1800s (1 %)
      virtual memory: 1.9G / 10.0G (19 %)

Job completed successfully
WARNING: Job only used 1% of its requested walltime.
WARNING: Job only used 0% of its requested cpu time.
WARNING: Job only used 19% of its requested memory.
              job id: 7019696
         exit status: 0
            cpu time: 96s / 5.0h (0 %)
        elapsed time: 24s / 1800s (1 %)

Job completed successfully
WARNING: Job only used 1% of its requested walltime.
WARNING: Job only used 0% of its requested cpu time.
              job id: 7019697
         exit status: 0
            cpu time: 92s / 5.0h (0 %)
        elapsed time: 24s / 1800s (1 %)

Job completed successfully
WARNING: Job only used 1% of its requested walltime.
WARNING: Job only used 0% of its requested cpu time.
              job id: 7019698
         exit status: 0
            cpu time: 95s / 5.0h (0 %)
        elapsed time: 24s / 1800s (1 %)
      virtual memory: 2.7G / 10.0G (26 %)

Job completed successfully
WARNING: Job only used 1% of its requested walltime.
WARNING: Job only used 0% of its requested cpu time.
WARNING: Job only used 26% of its requested memory.
              job id: 7019699
         exit status: 0
            cpu time: 96s / 5.0h (0 %)
        elapsed time: 23s / 1800s (1 %)
      virtual memory: 753.7M / 10.0G (7 %)

Job completed successfully
WARNING: Job only used 1% of its requested walltime.
WARNING: Job only used 0% of its requested cpu time.
WARNING: Job only used 7% of its requested memory.
              job id: 7019700
         exit status: 0
            cpu time: 93s / 5.0h (0 %)
        elapsed time: 22s / 1800s (1 %)

Job completed successfully
WARNING: Job only used 1% of its requested walltime.
WARNING: Job only used 0% of its requested cpu time.
              job id: 7019701
         exit status: 0
            cpu time: 92s / 5.0h (0 %)
        elapsed time: 23s / 1800s (1 %)

Job completed successfully
WARNING: Job only used 1% of its requested walltime.
WARNING: Job only used 0% of its requested cpu time.
              job id: 7019702
         exit status: 0
            cpu time: 110s / 5.0h (0 %)
        elapsed time: 32s / 1800s (1 %)
      virtual memory: 1.9G / 10.0G (18 %)

Job completed successfully
WARNING: Job only used 1% of its requested walltime.
WARNING: Job only used 0% of its requested cpu time.
WARNING: Job only used 18% of its requested memory.
              job id: 7019703
         exit status: 0
            cpu time: 92s / 5.0h (0 %)
        elapsed time: 23s / 1800s (1 %)
      virtual memory: 3.2G / 10.0G (32 %)

Job completed successfully
WARNING: Job only used 1% of its requested walltime.
WARNING: Job only used 0% of its requested cpu time.
WARNING: Job only used 32% of its requested memory.
              job id: 7019704
         exit status: 0
            cpu time: 97s / 5.0h (0 %)
        elapsed time: 26s / 1800s (1 %)

Job completed successfully
WARNING: Job only used 1% of its requested walltime.
WARNING: Job only used 0% of its requested cpu time.
