              job id: 7019665
         exit status: 0
            cpu time: 86s / 2.0h (1 %)
        elapsed time: 31s / 1800s (1 %)
      virtual memory: 1.8G / 4.0G (46 %)

Job completed successfully
WARNING: Job only used 1% of its requested walltime.
WARNING: Job only used 1% of its requested cpu time.
WARNING: Job only used 46% of its requested memory.
              job id: 7019666
         exit status: 0
            cpu time: 92s / 2.0h (1 %)
        elapsed time: 29s / 1800s (1 %)
      virtual memory: 1.8G / 4.0G (46 %)

Job completed successfully
WARNING: Job only used 1% of its requested walltime.
WARNING: Job only used 1% of its requested cpu time.
WARNING: Job only used 46% of its requested memory.
              job id: 7019667
         exit status: 0
            cpu time: 90s / 2.0h (1 %)
        elapsed time: 29s / 1800s (1 %)
      virtual memory: 1.4G / 4.0G (35 %)

Job completed successfully
WARNING: Job only used 1% of its requested walltime.
WARNING: Job only used 1% of its requested cpu time.
WARNING: Job only used 35% of its requested memory.
              job id: 7019668
         exit status: 0
            cpu time: 89s / 2.0h (1 %)
        elapsed time: 34s / 1800s (1 %)

Job completed successfully
WARNING: Job only used 1% of its requested walltime.
WARNING: Job only used 1% of its requested cpu time.
              job id: 7019669
         exit status: 0
            cpu time: 91s / 2.0h (1 %)
        elapsed time: 41s / 1800s (2 %)
      virtual memory: 1.4G / 4.0G (35 %)

Job completed successfully
WARNING: Job only used 2% of its requested walltime.
WARNING: Job only used 1% of its requested cpu time.
WARNING: Job only used 35% of its requested memory.
              job id: 7019670
         exit status: 0
            cpu time: 88s / 2.0h (1 %)
        elapsed time: 27s / 1800s (1 %)

Job completed successfully
WARNING: Job only used 1% of its requested walltime.
WARNING: Job only used 1% of its requested cpu time.
              job id: 7019671
         exit status: 0
            cpu time: 90s / 2.0h (1 %)
        elapsed time: 33s / 1800s (1 %)
      virtual memory: 1.8G / 4.0G (46 %)

Job completed successfully
WARNING: Job only used 1% of its requested walltime.
WARNING: Job only used 1% of its requested cpu time.
WARNING: Job only used 46% of its requested memory.
              job id: 7019672
         exit status: 0
            cpu time: 92s / 2.0h (1 %)
        elapsed time: 35s / 1800s (1 %)
      virtual memory: 1.8G / 4.0G (46 %)

Job completed successfully
WARNING: Job only used 1% of its requested walltime.
WARNING: Job only used 1% of its requested cpu time.
WARNING: Job only used 46% of its requested memory.
              job id: 7019673
         exit status: 0
            cpu time: 93s / 2.0h (1 %)
        elapsed time: 30s / 1800s (1 %)
      virtual memory: 1.8G / 4.0G (44 %)

Job completed successfully
WARNING: Job only used 1% of its requested walltime.
WARNING: Job only used 1% of its requested cpu time.
WARNING: Job only used 44% of its requested memory.
              job id: 7019674
         exit status: 0
            cpu time: 94s / 2.0h (1 %)
        elapsed time: 31s / 1800s (1 %)
      virtual memory: 1.8G / 4.0G (46 %)

Job completed successfully
WARNING: Job only used 1% of its requested walltime.
WARNING: Job only used 1% of its requested cpu time.
WARNING: Job only used 46% of its requested memory.
