              job id: 7019715
         exit status: 0
            cpu time: 119s / 7.0h (0 %)
        elapsed time: 29s / 1800s (1 %)

Job completed successfully
WARNING: Job only used 1% of its requested walltime.
WARNING: Job only used 0% of its requested cpu time.
              job id: 7019716
         exit status: 0
            cpu time: 118s / 7.0h (0 %)
        elapsed time: 27s / 1800s (1 %)

Job completed successfully
WARNING: Job only used 1% of its requested walltime.
WARNING: Job only used 0% of its requested cpu time.
              job id: 7019717
         exit status: 0
            cpu time: 118s / 7.0h (0 %)
        elapsed time: 30s / 1800s (1 %)
      virtual memory: 2.0G / 14.0G (14 %)

Job completed successfully
WARNING: Job only used 1% of its requested walltime.
WARNING: Job only used 0% of its requested cpu time.
WARNING: Job only used 14% of its requested memory.
              job id: 7019718
         exit status: 0
            cpu time: 125s / 7.0h (0 %)
        elapsed time: 28s / 1800s (1 %)
      virtual memory: 3.2G / 14.0G (22 %)

Job completed successfully
WARNING: Job only used 1% of its requested walltime.
WARNING: Job only used 0% of its requested cpu time.
WARNING: Job only used 22% of its requested memory.
              job id: 7019719
         exit status: 0
            cpu time: 130s / 7.0h (0 %)
        elapsed time: 30s / 1800s (1 %)

Job completed successfully
WARNING: Job only used 1% of its requested walltime.
WARNING: Job only used 0% of its requested cpu time.
              job id: 7019720
         exit status: 0
            cpu time: 108s / 7.0h (0 %)
        elapsed time: 28s / 1800s (1 %)

Job completed successfully
WARNING: Job only used 1% of its requested walltime.
WARNING: Job only used 0% of its requested cpu time.
              job id: 7019721
         exit status: 0
            cpu time: 115s / 7.0h (0 %)
        elapsed time: 29s / 1800s (1 %)
      virtual memory: 2.7G / 14.0G (19 %)

Job completed successfully
WARNING: Job only used 1% of its requested walltime.
WARNING: Job only used 0% of its requested cpu time.
WARNING: Job only used 19% of its requested memory.
              job id: 7019722
         exit status: 0
            cpu time: 131s / 7.0h (0 %)
        elapsed time: 30s / 1800s (1 %)

Job completed successfully
WARNING: Job only used 1% of its requested walltime.
WARNING: Job only used 0% of its requested cpu time.
              job id: 7019723
         exit status: 0
            cpu time: 123s / 7.0h (0 %)
        elapsed time: 29s / 1800s (1 %)
      virtual memory: 2.1G / 14.0G (15 %)

Job completed successfully
WARNING: Job only used 1% of its requested walltime.
WARNING: Job only used 0% of its requested cpu time.
WARNING: Job only used 15% of its requested memory.
              job id: 7019724
         exit status: 0
            cpu time: 120s / 7.0h (0 %)
        elapsed time: 28s / 1800s (1 %)
      virtual memory: 3.2G / 14.0G (23 %)

Job completed successfully
WARNING: Job only used 1% of its requested walltime.
WARNING: Job only used 0% of its requested cpu time.
WARNING: Job only used 23% of its requested memory.
