              job id: 7019685
         exit status: 0
            cpu time: 94s / 4.0h (0 %)
        elapsed time: 30s / 1800s (1 %)
      virtual memory: 347.9M / 8.0G (4 %)

Job completed successfully
WARNING: Job only used 1% of its requested walltime.
WARNING: Job only used 0% of its requested cpu time.
WARNING: Job only used 4% of its requested memory.
              job id: 7019686
         exit status: 0
            cpu time: 93s / 4.0h (0 %)
        elapsed time: 29s / 1800s (1 %)
      virtual memory: 1.7G / 8.0G (21 %)

Job completed successfully
WARNING: Job only used 1% of its requested walltime.
WARNING: Job only used 0% of its requested cpu time.
WARNING: Job only used 21% of its requested memory.
              job id: 7019687
         exit status: 0
            cpu time: 103s / 4.0h (0 %)
        elapsed time: 34s / 1800s (1 %)
      virtual memory: 2.5G / 8.0G (31 %)

Job completed successfully
WARNING: Job only used 1% of its requested walltime.
WARNING: Job only used 0% of its requested cpu time.
WARNING: Job only used 31% of its requested memory.
              job id: 7019688
         exit status: 0
            cpu time: 95s / 4.0h (0 %)
        elapsed time: 30s / 1800s (1 %)

Job completed successfully
WARNING: Job only used 1% of its requested walltime.
WARNING: Job only used 0% of its requested cpu time.
              job id: 7019689
         exit status: 0
            cpu time: 95s / 4.0h (0 %)
        elapsed time: 28s / 1800s (1 %)
      virtual memory: 1.8G / 8.0G (22 %)

Job completed successfully
WARNING: Job only used 1% of its requested walltime.
WARNING: Job only used 0% of its requested cpu time.
WARNING: Job only used 22% of its requested memory.
              job id: 7019690
         exit status: 0
            cpu time: 103s / 4.0h (0 %)
        elapsed time: 32s / 1800s (1 %)
      virtual memory: 2.7G / 8.0G (33 %)

Job completed successfully
WARNING: Job only used 1% of its requested walltime.
WARNING: Job only used 0% of its requested cpu time.
WARNING: Job only used 33% of its requested memory.
              job id: 7019691
         exit status: 0
            cpu time: 96s / 4.0h (0 %)
        elapsed time: 33s / 1800s (1 %)
      virtual memory: 2.7G / 8.0G (33 %)

Job completed successfully
WARNING: Job only used 1% of its requested walltime.
WARNING: Job only used 0% of its requested cpu time.
WARNING: Job only used 33% of its requested memory.
              job id: 7019692
         exit status: 0
            cpu time: 96s / 4.0h (0 %)
        elapsed time: 32s / 1800s (1 %)

Job completed successfully
WARNING: Job only used 1% of its requested walltime.
WARNING: Job only used 0% of its requested cpu time.
              job id: 7019693
         exit status: 0
            cpu time: 96s / 4.0h (0 %)
        elapsed time: 31s / 1800s (1 %)
      virtual memory: 2.2G / 8.0G (27 %)

Job completed successfully
WARNING: Job only used 1% of its requested walltime.
WARNING: Job only used 0% of its requested cpu time.
WARNING: Job only used 27% of its requested memory.
              job id: 7019694
         exit status: 0
            cpu time: 106s / 4.0h (0 %)
        elapsed time: 32s / 1800s (1 %)

Job completed successfully
WARNING: Job only used 1% of its requested walltime.
WARNING: Job only used 0% of its requested cpu time.
