              job id: 7019705
         exit status: 0
            cpu time: 113s / 6.0h (0 %)
        elapsed time: 33s / 1800s (1 %)
      virtual memory: 2.4G / 12.0G (20 %)

Job completed successfully
WARNING: Job only used 1% of its requested walltime.
WARNING: Job only used 0% of its requested cpu time.
WARNING: Job only used 20% of its requested memory.
              job id: 7019706
         exit status: 0
            cpu time: 97s / 6.0h (0 %)
        elapsed time: 27s / 1800s (1 %)

Job completed successfully
WARNING: Job only used 1% of its requested walltime.
WARNING: Job only used 0% of its requested cpu time.
              job id: 7019707
         exit status: 0
            cpu time: 111s / 6.0h (0 %)
        elapsed time: 33s / 1800s (1 %)
      virtual memory: 2.1G / 12.0G (17 %)

Job completed successfully
WARNING: Job only used 1% of its requested walltime.
WARNING: Job only used 0% of its requested cpu time.
WARNING: Job only used 17% of its requested memory.
              job id: 7019708
         exit status: 0
            cpu time: 120s / 6.0h (0 %)
        elapsed time: 32s / 1800s (1 %)
      virtual memory: 3.3G / 12.0G (27 %)

Job completed successfully
WARNING: Job only used 1% of its requested walltime.
WARNING: Job only used 0% of its requested cpu time.
WARNING: Job only used 27% of its requested memory.
              job id: 7019709
         exit status: 0
            cpu time: 108s / 6.0h (0 %)
        elapsed time: 27s / 1800s (1 %)

Job completed successfully
WARNING: Job only used 1% of its requested walltime.
WARNING: Job only used 0% of its requested cpu time.
              job id: 7019710
         exit status: 0
            cpu time: 99s / 6.0h (0 %)
        elapsed time: 28s / 1800s (1 %)
      virtual memory: 2.1G / 12.0G (17 %)

Job completed successfully
WARNING: Job only used 1% of its requested walltime.
WARNING: Job only used 0% of its requested cpu time.
WARNING: Job only used 17% of its requested memory.
              job id: 7019711
         exit status: 0
            cpu time: 110s / 6.0h (0 %)
        elapsed time: 29s / 1800s (1 %)
      virtual memory: 2.8G / 12.0G (23 %)

Job completed successfully
WARNING: Job only used 1% of its requested walltime.
WARNING: Job only used 0% of its requested cpu time.
WARNING: Job only used 23% of its requested memory.
              job id: 7019712
         exit status: 0
            cpu time: 103s / 6.0h (0 %)
        elapsed time: 27s / 1800s (1 %)

Job completed successfully
WARNING: Job only used 1% of its requested walltime.
WARNING: Job only used 0% of its requested cpu time.
              job id: 7019713
         exit status: 0
            cpu time: 105s / 6.0h (0 %)
        elapsed time: 29s / 1800s (1 %)
      virtual memory: 2.1G / 12.0G (17 %)

Job completed successfully
WARNING: Job only used 1% of its requested walltime.
WARNING: Job only used 0% of its requested cpu time.
WARNING: Job only used 17% of its requested memory.
              job id: 7019714
         exit status: 0
            cpu time: 105s / 6.0h (0 %)
        elapsed time: 29s / 1800s (1 %)
      virtual memory: 3.3G / 12.0G (27 %)

Job completed successfully
WARNING: Job only used 1% of its requested walltime.
WARNING: Job only used 0% of its requested cpu time.
WARNING: Job only used 27% of its requested memory.
