              job id: 7019675
         exit status: 0
            cpu time: 111s / 3.0h (1 %)
        elapsed time: 42s / 1800s (2 %)
      virtual memory: 1.6G / 6.0G (26 %)

Job completed successfully
WARNING: Job only used 2% of its requested walltime.
WARNING: Job only used 1% of its requested cpu time.
WARNING: Job only used 26% of its requested memory.
              job id: 7019676
         exit status: 0
            cpu time: 103s / 3.0h (0 %)
        elapsed time: 40s / 1800s (2 %)
      virtual memory: 404.2M / 6.0G (6 %)

Job completed successfully
WARNING: Job only used 2% of its requested walltime.
WARNING: Job only used 0% of its requested cpu time.
WARNING: Job only used 6% of its requested memory.
              job id: 7019677
         exit status: 0
            cpu time: 113s / 3.0h (1 %)
        elapsed time: 40s / 1800s (2 %)

Job completed successfully
WARNING: Job only used 2% of its requested walltime.
WARNING: Job only used 1% of its requested cpu time.
              job id: 7019678
         exit status: 0
            cpu time: 105s / 3.0h (0 %)
        elapsed time: 41s / 1800s (2 %)
      virtual memory: 1.5G / 6.0G (25 %)

Job completed successfully
WARNING: Job only used 2% of its requested walltime.
WARNING: Job only used 0% of its requested cpu time.
WARNING: Job only used 25% of its requested memory.
              job id: 7019679
         exit status: 0
            cpu time: 124s / 3.0h (1 %)
        elapsed time: 52s / 1800s (2 %)
      virtual memory: 1.7G / 6.0G (27 %)

Job completed successfully
WARNING: Job only used 2% of its requested walltime.
WARNING: Job only used 1% of its requested cpu time.
WARNING: Job only used 27% of its requested memory.
              job id: 7019680
         exit status: 0
            cpu time: 104s / 3.0h (0 %)
        elapsed time: 40s / 1800s (2 %)

Job completed successfully
WARNING: Job only used 2% of its requested walltime.
WARNING: Job only used 0% of its requested cpu time.
              job id: 7019681
         exit status: 0
            cpu time: 105s / 3.0h (0 %)
        elapsed time: 39s / 1800s (2 %)
      virtual memory: 1.7G / 6.0G (27 %)

Job completed successfully
WARNING: Job only used 2% of its requested walltime.
WARNING: Job only used 0% of its requested cpu time.
WARNING: Job only used 27% of its requested memory.
              job id: 7019682
         exit status: 0
            cpu time: 100s / 3.0h (0 %)
        elapsed time: 39s / 1800s (2 %)
      virtual memory: 1.6G / 6.0G (26 %)

Job completed successfully
WARNING: Job only used 2% of its requested walltime.
WARNING: Job only used 0% of its requested cpu time.
WARNING: Job only used 26% of its requested memory.
              job id: 7019683
         exit status: 0
            cpu time: 103s / 3.0h (0 %)
        elapsed time: 40s / 1800s (2 %)
      virtual memory: 1.7G / 6.0G (27 %)

Job completed successfully
WARNING: Job only used 2% of its requested walltime.
WARNING: Job only used 0% of its requested cpu time.
WARNING: Job only used 27% of its requested memory.
              job id: 7019684
         exit status: 0
            cpu time: 102s / 3.0h (0 %)
        elapsed time: 40s / 1800s (2 %)
      virtual memory: 2.4G / 6.0G (39 %)

Job completed successfully
WARNING: Job only used 2% of its requested walltime.
WARNING: Job only used 0% of its requested cpu time.
WARNING: Job only used 39% of its requested memory.
