              job id: 7019815
         exit status: 0
            cpu time: 6.6h / 160.0h (4 %)
        elapsed time: 1.7h / 10.0h (16 %)
      virtual memory: 3.8G / 32.0G (11 %)

Job completed successfully
WARNING: Job only used 16% of its requested walltime.
WARNING: Job only used 4% of its requested cpu time.
WARNING: Job only used 11% of its requested memory.
              job id: 7019818
         exit status: 0
            cpu time: 5.6h / 160.0h (3 %)
        elapsed time: 1.4h / 10.0h (13 %)
      virtual memory: 3.6G / 32.0G (11 %)

Job completed successfully
WARNING: Job only used 13% of its requested walltime.
WARNING: Job only used 3% of its requested cpu time.
WARNING: Job only used 11% of its requested memory.
              job id: 7019816
         exit status: 0
            cpu time: 6.9h / 160.0h (4 %)
        elapsed time: 1.8h / 10.0h (17 %)
      virtual memory: 3.6G / 32.0G (11 %)

Job completed successfully
WARNING: Job only used 17% of its requested walltime.
WARNING: Job only used 4% of its requested cpu time.
WARNING: Job only used 11% of its requested memory.
              job id: 7019817
         exit status: 0
            cpu time: 6.5h / 160.0h (4 %)
        elapsed time: 1.8h / 10.0h (17 %)
      virtual memory: 4.1G / 32.0G (12 %)

Job completed successfully
WARNING: Job only used 17% of its requested walltime.
WARNING: Job only used 4% of its requested cpu time.
WARNING: Job only used 12% of its requested memory.
              job id: 7019819
         exit status: 0
            cpu time: 5.5h / 160.0h (3 %)
        elapsed time: 1.4h / 10.0h (13 %)
      virtual memory: 3.6G / 32.0G (11 %)

Job completed successfully
WARNING: Job only used 13% of its requested walltime.
WARNING: Job only used 3% of its requested cpu time.
WARNING: Job only used 11% of its requested memory.
              job id: 7019820
         exit status: 0
            cpu time: 6.3h / 160.0h (3 %)
        elapsed time: 1.6h / 10.0h (15 %)
      virtual memory: 3.9G / 32.0G (12 %)

Job completed successfully
WARNING: Job only used 15% of its requested walltime.
WARNING: Job only used 3% of its requested cpu time.
WARNING: Job only used 12% of its requested memory.
              job id: 7019821
         exit status: 0
            cpu time: 6.7h / 160.0h (4 %)
        elapsed time: 1.7h / 10.0h (16 %)
      virtual memory: 4.0G / 32.0G (12 %)

Job completed successfully
WARNING: Job only used 16% of its requested walltime.
WARNING: Job only used 4% of its requested cpu time.
WARNING: Job only used 12% of its requested memory.
              job id: 7019822
         exit status: 0
            cpu time: 5.7h / 160.0h (3 %)
        elapsed time: 1.3h / 10.0h (13 %)
      virtual memory: 3.6G / 32.0G (11 %)

Job completed successfully
WARNING: Job only used 13% of its requested walltime.
WARNING: Job only used 3% of its requested cpu time.
WARNING: Job only used 11% of its requested memory.
              job id: 7019823
         exit status: 0
            cpu time: 5.9h / 160.0h (3 %)
        elapsed time: 1.5h / 10.0h (14 %)
      virtual memory: 5.2G / 32.0G (16 %)

Job completed successfully
WARNING: Job only used 14% of its requested walltime.
WARNING: Job only used 3% of its requested cpu time.
WARNING: Job only used 16% of its requested memory.
              job id: 7019824
         exit status: 0
            cpu time: 6.8h / 160.0h (4 %)
        elapsed time: 1.7h / 10.0h (17 %)
      virtual memory: 3.8G / 32.0G (11 %)

Job completed successfully
WARNING: Job only used 17% of its requested walltime.
WARNING: Job only used 4% of its requested cpu time.
WARNING: Job only used 11% of its requested memory.
