              job id: 7019795
         exit status: 0
            cpu time: 5.3h / 120.0h (4 %)
        elapsed time: 1.4h / 10.0h (13 %)
      virtual memory: 2.8G / 24.0G (11 %)

Job completed successfully
WARNING: Job only used 13% of its requested walltime.
WARNING: Job only used 4% of its requested cpu time.
WARNING: Job only used 11% of its requested memory.
              job id: 7019796
         exit status: 0
            cpu time: 5.5h / 120.0h (4 %)
        elapsed time: 1.4h / 10.0h (13 %)
      virtual memory: 2.9G / 24.0G (11 %)

Job completed successfully
WARNING: Job only used 13% of its requested walltime.
WARNING: Job only used 4% of its requested cpu time.
WARNING: Job only used 11% of its requested memory.
              job id: 7019797
         exit status: 0
            cpu time: 6.1h / 120.0h (5 %)
        elapsed time: 1.7h / 10.0h (16 %)
      virtual memory: 3.6G / 24.0G (15 %)

Job completed successfully
WARNING: Job only used 16% of its requested walltime.
WARNING: Job only used 5% of its requested cpu time.
WARNING: Job only used 15% of its requested memory.
              job id: 7019798
         exit status: 0
            cpu time: 6.0h / 120.0h (4 %)
        elapsed time: 1.6h / 10.0h (15 %)
      virtual memory: 3.1G / 24.0G (12 %)

Job completed successfully
WARNING: Job only used 15% of its requested walltime.
WARNING: Job only used 4% of its requested cpu time.
WARNING: Job only used 12% of its requested memory.
              job id: 7019799
         exit status: 0
            cpu time: 5.2h / 120.0h (4 %)
        elapsed time: 1.4h / 10.0h (13 %)
      virtual memory: 2.9G / 24.0G (11 %)

Job completed successfully
WARNING: Job only used 13% of its requested walltime.
WARNING: Job only used 4% of its requested cpu time.
WARNING: Job only used 11% of its requested memory.
              job id: 7019800
         exit status: 0
            cpu time: 6.3h / 120.0h (5 %)
        elapsed time: 1.8h / 10.0h (18 %)
      virtual memory: 2.9G / 24.0G (12 %)

Job completed successfully
WARNING: Job only used 18% of its requested walltime.
WARNING: Job only used 5% of its requested cpu time.
WARNING: Job only used 12% of its requested memory.
              job id: 7019801
         exit status: 0
            cpu time: 5.9h / 120.0h (4 %)
        elapsed time: 1.5h / 10.0h (15 %)
      virtual memory: 2.9G / 24.0G (11 %)

Job completed successfully
WARNING: Job only used 15% of its requested walltime.
WARNING: Job only used 4% of its requested cpu time.
WARNING: Job only used 11% of its requested memory.
              job id: 7019802
         exit status: 0
            cpu time: 5.7h / 120.0h (4 %)
        elapsed time: 1.5h / 10.0h (14 %)
      virtual memory: 2.9G / 24.0G (11 %)

Job completed successfully
WARNING: Job only used 14% of its requested walltime.
WARNING: Job only used 4% of its requested cpu time.
WARNING: Job only used 11% of its requested memory.
              job id: 7019803
         exit status: 0
            cpu time: 6.8h / 120.0h (5 %)
        elapsed time: 1.9h / 10.0h (18 %)
      virtual memory: 2.9G / 24.0G (11 %)

Job completed successfully
WARNING: Job only used 18% of its requested walltime.
WARNING: Job only used 5% of its requested cpu time.
WARNING: Job only used 11% of its requested memory.
              job id: 7019804
         exit status: 0
            cpu time: 5.4h / 120.0h (4 %)
        elapsed time: 1.4h / 10.0h (14 %)
      virtual memory: 2.9G / 24.0G (12 %)

Job completed successfully
WARNING: Job only used 14% of its requested walltime.
WARNING: Job only used 4% of its requested cpu time.
WARNING: Job only used 12% of its requested memory.
