              job id: 7019805
         exit status: 0
            cpu time: 7.1h / 140.0h (5 %)
        elapsed time: 3.0h / 10.0h (30 %)
      virtual memory: 3.5G / 28.0G (12 %)

Job completed successfully
WARNING: Job only used 30% of its requested walltime.
WARNING: Job only used 5% of its requested cpu time.
WARNING: Job only used 12% of its requested memory.
              job id: 7019807
         exit status: 0
            cpu time: 6.9h / 140.0h (4 %)
        elapsed time: 2.9h / 10.0h (29 %)
      virtual memory: 3.1G / 28.0G (11 %)

Job completed successfully
WARNING: Job only used 29% of its requested walltime.
WARNING: Job only used 4% of its requested cpu time.
WARNING: Job only used 11% of its requested memory.
              job id: 7019809
         exit status: 0
            cpu time: 6.9h / 140.0h (4 %)
        elapsed time: 2.9h / 10.0h (29 %)
      virtual memory: 3.5G / 28.0G (12 %)

Job completed successfully
WARNING: Job only used 29% of its requested walltime.
WARNING: Job only used 4% of its requested cpu time.
WARNING: Job only used 12% of its requested memory.
              job id: 7019810
         exit status: 0
            cpu time: 6.5h / 140.0h (4 %)
        elapsed time: 2.8h / 10.0h (27 %)
      virtual memory: 3.4G / 28.0G (11 %)

Job completed successfully
WARNING: Job only used 27% of its requested walltime.
WARNING: Job only used 4% of its requested cpu time.
WARNING: Job only used 11% of its requested memory.
              job id: 7019808
         exit status: 0
            cpu time: 7.4h / 140.0h (5 %)
        elapsed time: 3.2h / 10.0h (32 %)
      virtual memory: 3.5G / 28.0G (12 %)

Job completed successfully
WARNING: Job only used 32% of its requested walltime.
WARNING: Job only used 5% of its requested cpu time.
WARNING: Job only used 12% of its requested memory.
              job id: 7019806
         exit status: 0
            cpu time: 9.1h / 140.0h (6 %)
        elapsed time: 4.1h / 10.0h (40 %)
      virtual memory: 3.0G / 28.0G (10 %)

Job completed successfully
WARNING: Job only used 40% of its requested walltime.
WARNING: Job only used 6% of its requested cpu time.
WARNING: Job only used 10% of its requested memory.
              job id: 7019812
         exit status: 0
            cpu time: 6.4h / 140.0h (4 %)
        elapsed time: 2.7h / 10.0h (26 %)
      virtual memory: 3.4G / 28.0G (12 %)

Job completed successfully
WARNING: Job only used 26% of its requested walltime.
WARNING: Job only used 4% of its requested cpu time.
WARNING: Job only used 12% of its requested memory.
              job id: 7019811
         exit status: 0
            cpu time: 7.4h / 140.0h (5 %)
        elapsed time: 3.2h / 10.0h (31 %)
      virtual memory: 3.4G / 28.0G (12 %)

Job completed successfully
WARNING: Job only used 31% of its requested walltime.
WARNING: Job only used 5% of its requested cpu time.
WARNING: Job only used 12% of its requested memory.
              job id: 7019814
         exit status: 0
            cpu time: 6.6h / 140.0h (4 %)
        elapsed time: 2.8h / 10.0h (27 %)
      virtual memory: 3.3G / 28.0G (11 %)

Job completed successfully
WARNING: Job only used 27% of its requested walltime.
WARNING: Job only used 4% of its requested cpu time.
WARNING: Job only used 11% of its requested memory.
              job id: 7019813
         exit status: 0
            cpu time: 7.9h / 140.0h (5 %)
        elapsed time: 3.4h / 10.0h (34 %)
      virtual memory: 3.5G / 28.0G (12 %)

Job completed successfully
WARNING: Job only used 34% of its requested walltime.
WARNING: Job only used 5% of its requested cpu time.
WARNING: Job only used 12% of its requested memory.
