              job id: 7019755
         exit status: 0
            cpu time: 5.6h / 40.0h (14 %)
        elapsed time: 1.5h / 10.0h (15 %)
      virtual memory: 2.0G / 8.0G (24 %)

Job completed successfully
WARNING: Job only used 15% of its requested walltime.
WARNING: Job only used 14% of its requested cpu time.
WARNING: Job only used 24% of its requested memory.
              job id: 7019756
         exit status: 0
            cpu time: 5.3h / 40.0h (13 %)
        elapsed time: 1.5h / 10.0h (14 %)
      virtual memory: 1.9G / 8.0G (24 %)

Job completed successfully
WARNING: Job only used 14% of its requested walltime.
WARNING: Job only used 13% of its requested cpu time.
WARNING: Job only used 24% of its requested memory.
              job id: 7019757
         exit status: 0
            cpu time: 4.9h / 40.0h (12 %)
        elapsed time: 1.3h / 10.0h (13 %)
      virtual memory: 2.0G / 8.0G (24 %)

Job completed successfully
WARNING: Job only used 13% of its requested walltime.
WARNING: Job only used 12% of its requested cpu time.
WARNING: Job only used 24% of its requested memory.
              job id: 7019759
         exit status: 0
            cpu time: 4.9h / 40.0h (12 %)
        elapsed time: 1.3h / 10.0h (12 %)
      virtual memory: 2.0G / 8.0G (24 %)

Job completed successfully
WARNING: Job only used 12% of its requested walltime.
WARNING: Job only used 12% of its requested cpu time.
WARNING: Job only used 24% of its requested memory.
              job id: 7019758
         exit status: 0
            cpu time: 6.4h / 40.0h (15 %)
        elapsed time: 1.6h / 10.0h (16 %)
      virtual memory: 1.9G / 8.0G (24 %)

Job completed successfully
WARNING: Job only used 16% of its requested walltime.
WARNING: Job only used 15% of its requested cpu time.
WARNING: Job only used 24% of its requested memory.
              job id: 7019761
         exit status: 0
            cpu time: 5.2h / 40.0h (12 %)
        elapsed time: 1.4h / 10.0h (14 %)
      virtual memory: 2.0G / 8.0G (24 %)

Job completed successfully
WARNING: Job only used 14% of its requested walltime.
WARNING: Job only used 12% of its requested cpu time.
WARNING: Job only used 24% of its requested memory.
              job id: 7019760
         exit status: 0
            cpu time: 5.9h / 40.0h (14 %)
        elapsed time: 1.6h / 10.0h (15 %)
      virtual memory: 2.0G / 8.0G (24 %)

Job completed successfully
WARNING: Job only used 15% of its requested walltime.
WARNING: Job only used 14% of its requested cpu time.
WARNING: Job only used 24% of its requested memory.
              job id: 7019762
         exit status: 0
            cpu time: 5.1h / 40.0h (12 %)
        elapsed time: 1.4h / 10.0h (13 %)
      virtual memory: 2.0G / 8.0G (24 %)

Job completed successfully
WARNING: Job only used 13% of its requested walltime.
WARNING: Job only used 12% of its requested cpu time.
WARNING: Job only used 24% of its requested memory.
              job id: 7019763
         exit status: 0
            cpu time: 5.9h / 40.0h (14 %)
        elapsed time: 1.6h / 10.0h (15 %)
      virtual memory: 2.0G / 8.0G (24 %)

Job completed successfully
WARNING: Job only used 15% of its requested walltime.
WARNING: Job only used 14% of its requested cpu time.
WARNING: Job only used 24% of its requested memory.
              job id: 7019764
         exit status: 0
            cpu time: 5.0h / 40.0h (12 %)
        elapsed time: 1.4h / 10.0h (14 %)
      virtual memory: 2.0G / 8.0G (24 %)

Job completed successfully
WARNING: Job only used 14% of its requested walltime.
WARNING: Job only used 12% of its requested cpu time.
WARNING: Job only used 24% of its requested memory.
