              job id: 7019765
         exit status: 0
            cpu time: 7.4h / 60.0h (12 %)
        elapsed time: 3.7h / 10.0h (36 %)
      virtual memory: 2.1G / 12.0G (17 %)

Job completed successfully
WARNING: Job only used 36% of its requested walltime.
WARNING: Job only used 12% of its requested cpu time.
WARNING: Job only used 17% of its requested memory.
              job id: 7019766
         exit status: 0
            cpu time: 8.2h / 60.0h (13 %)
        elapsed time: 4.2h / 10.0h (41 %)
      virtual memory: 2.1G / 12.0G (17 %)

Job completed successfully
WARNING: Job only used 41% of its requested walltime.
WARNING: Job only used 13% of its requested cpu time.
WARNING: Job only used 17% of its requested memory.
              job id: 7019767
         exit status: 0
            cpu time: 8.3h / 60.0h (13 %)
        elapsed time: 4.2h / 10.0h (41 %)
      virtual memory: 2.1G / 12.0G (17 %)

Job completed successfully
WARNING: Job only used 41% of its requested walltime.
WARNING: Job only used 13% of its requested cpu time.
WARNING: Job only used 17% of its requested memory.
              job id: 7019768
         exit status: 0
            cpu time: 7.8h / 60.0h (12 %)
        elapsed time: 3.9h / 10.0h (39 %)
      virtual memory: 2.0G / 12.0G (16 %)

Job completed successfully
WARNING: Job only used 39% of its requested walltime.
WARNING: Job only used 12% of its requested cpu time.
WARNING: Job only used 16% of its requested memory.
              job id: 7019769
         exit status: 0
            cpu time: 8.6h / 60.0h (14 %)
        elapsed time: 4.3h / 10.0h (42 %)
      virtual memory: 2.1G / 12.0G (17 %)

Job completed successfully
WARNING: Job only used 42% of its requested walltime.
WARNING: Job only used 14% of its requested cpu time.
WARNING: Job only used 17% of its requested memory.
              job id: 7019770
         exit status: 0
            cpu time: 8.1h / 60.0h (13 %)
        elapsed time: 4.0h / 10.0h (40 %)
      virtual memory: 2.0G / 12.0G (16 %)

Job completed successfully
WARNING: Job only used 40% of its requested walltime.
WARNING: Job only used 13% of its requested cpu time.
WARNING: Job only used 16% of its requested memory.
              job id: 7019771
         exit status: 0
            cpu time: 7.9h / 60.0h (13 %)
        elapsed time: 4.0h / 10.0h (39 %)
      virtual memory: 2.0G / 12.0G (16 %)

Job completed successfully
WARNING: Job only used 39% of its requested walltime.
WARNING: Job only used 13% of its requested cpu time.
WARNING: Job only used 16% of its requested memory.
              job id: 7019772
         exit status: 0
            cpu time: 8.5h / 60.0h (14 %)
        elapsed time: 4.4h / 10.0h (43 %)
      virtual memory: 2.4G / 12.0G (19 %)

Job completed successfully
WARNING: Job only used 43% of its requested walltime.
WARNING: Job only used 14% of its requested cpu time.
WARNING: Job only used 19% of its requested memory.
              job id: 7019773
         exit status: 0
            cpu time: 8.6h / 60.0h (14 %)
        elapsed time: 4.3h / 10.0h (43 %)
      virtual memory: 2.0G / 12.0G (16 %)

Job completed successfully
WARNING: Job only used 43% of its requested walltime.
WARNING: Job only used 14% of its requested cpu time.
WARNING: Job only used 16% of its requested memory.
              job id: 7019774
         exit status: 0
            cpu time: 7.6h / 60.0h (12 %)
        elapsed time: 3.8h / 10.0h (37 %)
      virtual memory: 2.0G / 12.0G (16 %)

Job completed successfully
WARNING: Job only used 37% of its requested walltime.
WARNING: Job only used 12% of its requested cpu time.
WARNING: Job only used 16% of its requested memory.
