              job id: 7019775
         exit status: 0
            cpu time: 5.6h / 80.0h (6 %)
        elapsed time: 1.4h / 10.0h (14 %)
      virtual memory: 2.6G / 16.0G (16 %)

Job completed successfully
WARNING: Job only used 14% of its requested walltime.
WARNING: Job only used 6% of its requested cpu time.
WARNING: Job only used 16% of its requested memory.
              job id: 7019776
         exit status: 0
            cpu time: 6.5h / 80.0h (8 %)
        elapsed time: 1.7h / 10.0h (16 %)
      virtual memory: 2.3G / 16.0G (14 %)

Job completed successfully
WARNING: Job only used 16% of its requested walltime.
WARNING: Job only used 8% of its requested cpu time.
WARNING: Job only used 14% of its requested memory.
              job id: 7019777
         exit status: 0
            cpu time: 5.4h / 80.0h (6 %)
        elapsed time: 1.5h / 10.0h (14 %)
      virtual memory: 2.7G / 16.0G (16 %)

Job completed successfully
WARNING: Job only used 14% of its requested walltime.
WARNING: Job only used 6% of its requested cpu time.
WARNING: Job only used 16% of its requested memory.
              job id: 7019778
         exit status: 0
            cpu time: 6.3h / 80.0h (7 %)
        elapsed time: 1.7h / 10.0h (17 %)
      virtual memory: 2.2G / 16.0G (14 %)

Job completed successfully
WARNING: Job only used 17% of its requested walltime.
WARNING: Job only used 7% of its requested cpu time.
WARNING: Job only used 14% of its requested memory.
              job id: 7019779
         exit status: 0
            cpu time: 5.5h / 80.0h (6 %)
        elapsed time: 1.5h / 10.0h (14 %)
      virtual memory: 2.3G / 16.0G (14 %)

Job completed successfully
WARNING: Job only used 14% of its requested walltime.
WARNING: Job only used 6% of its requested cpu time.
WARNING: Job only used 14% of its requested memory.
              job id: 7019780
         exit status: 0
            cpu time: 6.8h / 80.0h (8 %)
        elapsed time: 1.9h / 10.0h (18 %)
      virtual memory: 2.4G / 16.0G (14 %)

Job completed successfully
WARNING: Job only used 18% of its requested walltime.
WARNING: Job only used 8% of its requested cpu time.
WARNING: Job only used 14% of its requested memory.
              job id: 7019781
         exit status: 0
            cpu time: 5.4h / 80.0h (6 %)
        elapsed time: 1.4h / 10.0h (13 %)
      virtual memory: 2.3G / 16.0G (14 %)

Job completed successfully
WARNING: Job only used 13% of its requested walltime.
WARNING: Job only used 6% of its requested cpu time.
WARNING: Job only used 14% of its requested memory.
              job id: 7019783
         exit status: 0
            cpu time: 5.0h / 80.0h (6 %)
        elapsed time: 1.4h / 10.0h (13 %)
      virtual memory: 2.2G / 16.0G (13 %)

Job completed successfully
WARNING: Job only used 13% of its requested walltime.
WARNING: Job only used 6% of its requested cpu time.
WARNING: Job only used 13% of its requested memory.
              job id: 7019782
         exit status: 0
            cpu time: 6.0h / 80.0h (7 %)
        elapsed time: 1.6h / 10.0h (16 %)
      virtual memory: 2.2G / 16.0G (13 %)

Job completed successfully
WARNING: Job only used 16% of its requested walltime.
WARNING: Job only used 7% of its requested cpu time.
WARNING: Job only used 13% of its requested memory.
              job id: 7019784
         exit status: 0
            cpu time: 6.1h / 80.0h (7 %)
        elapsed time: 1.6h / 10.0h (16 %)
      virtual memory: 2.5G / 16.0G (15 %)

Job completed successfully
WARNING: Job only used 16% of its requested walltime.
WARNING: Job only used 7% of its requested cpu time.
WARNING: Job only used 15% of its requested memory.
