              job id: 7019786
         exit status: 0
            cpu time: 8.0h / 100.0h (7 %)
        elapsed time: 3.7h / 10.0h (37 %)
      virtual memory: 2.7G / 20.0G (13 %)

Job completed successfully
WARNING: Job only used 37% of its requested walltime.
WARNING: Job only used 7% of its requested cpu time.
WARNING: Job only used 13% of its requested memory.
              job id: 7019785
         exit status: 0
            cpu time: 9.5h / 100.0h (9 %)
        elapsed time: 4.4h / 10.0h (44 %)
      virtual memory: 2.8G / 20.0G (13 %)

Job completed successfully
WARNING: Job only used 44% of its requested walltime.
WARNING: Job only used 9% of its requested cpu time.
WARNING: Job only used 13% of its requested memory.
              job id: 7019787
         exit status: 0
            cpu time: 7.7h / 100.0h (7 %)
        elapsed time: 3.6h / 10.0h (35 %)
      virtual memory: 2.8G / 20.0G (14 %)

Job completed successfully
WARNING: Job only used 35% of its requested walltime.
WARNING: Job only used 7% of its requested cpu time.
WARNING: Job only used 14% of its requested memory.
              job id: 7019788
         exit status: 0
            cpu time: 7.7h / 100.0h (7 %)
        elapsed time: 3.5h / 10.0h (35 %)
      virtual memory: 2.7G / 20.0G (13 %)

Job completed successfully
WARNING: Job only used 35% of its requested walltime.
WARNING: Job only used 7% of its requested cpu time.
WARNING: Job only used 13% of its requested memory.
              job id: 7019789
         exit status: 0
            cpu time: 7.4h / 100.0h (7 %)
        elapsed time: 3.4h / 10.0h (33 %)
      virtual memory: 3.1G / 20.0G (15 %)

Job completed successfully
WARNING: Job only used 33% of its requested walltime.
WARNING: Job only used 7% of its requested cpu time.
WARNING: Job only used 15% of its requested memory.
              job id: 7019790
         exit status: 0
            cpu time: 8.0h / 100.0h (7 %)
        elapsed time: 3.6h / 10.0h (36 %)
      virtual memory: 2.8G / 20.0G (14 %)

Job completed successfully
WARNING: Job only used 36% of its requested walltime.
WARNING: Job only used 7% of its requested cpu time.
WARNING: Job only used 14% of its requested memory.
              job id: 7019791
         exit status: 0
            cpu time: 7.8h / 100.0h (7 %)
        elapsed time: 3.6h / 10.0h (36 %)
      virtual memory: 2.7G / 20.0G (13 %)

Job completed successfully
WARNING: Job only used 36% of its requested walltime.
WARNING: Job only used 7% of its requested cpu time.
WARNING: Job only used 13% of its requested memory.
              job id: 7019792
         exit status: 0
            cpu time: 7.8h / 100.0h (7 %)
        elapsed time: 3.6h / 10.0h (35 %)
      virtual memory: 3.1G / 20.0G (15 %)

Job completed successfully
WARNING: Job only used 35% of its requested walltime.
WARNING: Job only used 7% of its requested cpu time.
WARNING: Job only used 15% of its requested memory.
              job id: 7019793
         exit status: 0
            cpu time: 7.2h / 100.0h (7 %)
        elapsed time: 3.3h / 10.0h (33 %)
      virtual memory: 2.8G / 20.0G (13 %)

Job completed successfully
WARNING: Job only used 33% of its requested walltime.
WARNING: Job only used 7% of its requested cpu time.
WARNING: Job only used 13% of its requested memory.
              job id: 7019794
         exit status: 0
            cpu time: 8.7h / 100.0h (8 %)
        elapsed time: 4.1h / 10.0h (40 %)
      virtual memory: 2.7G / 20.0G (13 %)

Job completed successfully
WARNING: Job only used 40% of its requested walltime.
WARNING: Job only used 8% of its requested cpu time.
WARNING: Job only used 13% of its requested memory.
