              job id: 7017088
         exit status: 0
            cpu time: 70s / 1800s (3 %)
        elapsed time: 74s / 1800s (4 %)
      virtual memory: 426.1M / 2.0G (20 %)

Job completed successfully
WARNING: Job only used 4% of its requested walltime.
WARNING: Job only used 3% of its requested cpu time.
WARNING: Job only used 20% of its requested memory.
              job id: 7017089
         exit status: 0
            cpu time: 69s / 1800s (3 %)
        elapsed time: 79s / 1800s (4 %)
      virtual memory: 425.9M / 2.0G (20 %)

Job completed successfully
WARNING: Job only used 4% of its requested walltime.
WARNING: Job only used 3% of its requested cpu time.
WARNING: Job only used 20% of its requested memory.
              job id: 7017090
         exit status: 0
            cpu time: 68s / 1800s (3 %)
        elapsed time: 71s / 1800s (3 %)
      virtual memory: 426.2M / 2.0G (20 %)

Job completed successfully
WARNING: Job only used 3% of its requested walltime.
WARNING: Job only used 3% of its requested cpu time.
WARNING: Job only used 20% of its requested memory.
              job id: 7017091
         exit status: 0
            cpu time: 65s / 1800s (3 %)
        elapsed time: 68s / 1800s (3 %)
      virtual memory: 426.2M / 2.0G (20 %)

Job completed successfully
WARNING: Job only used 3% of its requested walltime.
WARNING: Job only used 3% of its requested cpu time.
WARNING: Job only used 20% of its requested memory.
              job id: 7017092
         exit status: 0
            cpu time: 70s / 1800s (3 %)
        elapsed time: 73s / 1800s (4 %)
      virtual memory: 426.2M / 2.0G (20 %)

Job completed successfully
WARNING: Job only used 4% of its requested walltime.
WARNING: Job only used 3% of its requested cpu time.
WARNING: Job only used 20% of its requested memory.
              job id: 7017093
         exit status: 0
            cpu time: 65s / 1800s (3 %)
        elapsed time: 68s / 1800s (3 %)
      virtual memory: 426.2M / 2.0G (20 %)

Job completed successfully
WARNING: Job only used 3% of its requested walltime.
WARNING: Job only used 3% of its requested cpu time.
WARNING: Job only used 20% of its requested memory.
              job id: 7017094
         exit status: 0
            cpu time: 72s / 1800s (4 %)
        elapsed time: 74s / 1800s (4 %)
      virtual memory: 426.2M / 2.0G (20 %)

Job completed successfully
WARNING: Job only used 4% of its requested walltime.
WARNING: Job only used 4% of its requested cpu time.
WARNING: Job only used 20% of its requested memory.
              job id: 7017095
         exit status: 0
            cpu time: 74s / 1800s (4 %)
        elapsed time: 77s / 1800s (4 %)
      virtual memory: 426.6M / 2.0G (20 %)

Job completed successfully
WARNING: Job only used 4% of its requested walltime.
WARNING: Job only used 4% of its requested cpu time.
WARNING: Job only used 20% of its requested memory.
              job id: 7017096
         exit status: 0
            cpu time: 68s / 1800s (3 %)
        elapsed time: 71s / 1800s (3 %)
      virtual memory: 426.2M / 2.0G (20 %)

Job completed successfully
WARNING: Job only used 3% of its requested walltime.
WARNING: Job only used 3% of its requested cpu time.
WARNING: Job only used 20% of its requested memory.
              job id: 7017097
         exit status: 0
            cpu time: 69s / 1800s (3 %)
        elapsed time: 71s / 1800s (3 %)
      virtual memory: 426.6M / 2.0G (20 %)

Job completed successfully
WARNING: Job only used 3% of its requested walltime.
WARNING: Job only used 3% of its requested cpu time.
WARNING: Job only used 20% of its requested memory.
