              job id: 7018788
         exit status: 0
            cpu time: 78s / 3.5h (0 %)
        elapsed time: 36s / 1800s (2 %)
      virtual memory: 2.2G / 7.0G (30 %)

Job completed successfully
WARNING: Job only used 2% of its requested walltime.
WARNING: Job only used 0% of its requested cpu time.
WARNING: Job only used 30% of its requested memory.
              job id: 7018787
         exit status: 0
            cpu time: 79s / 3.5h (0 %)
        elapsed time: 38s / 1800s (2 %)
      virtual memory: 2.2G / 7.0G (30 %)

Job completed successfully
WARNING: Job only used 2% of its requested walltime.
WARNING: Job only used 0% of its requested cpu time.
WARNING: Job only used 30% of its requested memory.
              job id: 7018790
         exit status: 0
            cpu time: 78s / 3.5h (0 %)
        elapsed time: 34s / 1800s (1 %)
      virtual memory: 1.6G / 7.0G (22 %)

Job completed successfully
WARNING: Job only used 1% of its requested walltime.
WARNING: Job only used 0% of its requested cpu time.
WARNING: Job only used 22% of its requested memory.
              job id: 7018789
         exit status: 0
            cpu time: 80s / 3.5h (0 %)
        elapsed time: 35s / 1800s (1 %)
      virtual memory: 1.4G / 7.0G (20 %)

Job completed successfully
WARNING: Job only used 1% of its requested walltime.
WARNING: Job only used 0% of its requested cpu time.
WARNING: Job only used 20% of its requested memory.
              job id: 7018792
         exit status: 0
            cpu time: 76s / 3.5h (0 %)
        elapsed time: 33s / 1800s (1 %)
      virtual memory: 2.1G / 7.0G (30 %)

Job completed successfully
WARNING: Job only used 1% of its requested walltime.
WARNING: Job only used 0% of its requested cpu time.
WARNING: Job only used 30% of its requested memory.
              job id: 7018791
         exit status: 0
            cpu time: 79s / 3.5h (0 %)
        elapsed time: 36s / 1800s (2 %)
      virtual memory: 2.2G / 7.0G (30 %)

Job completed successfully
WARNING: Job only used 2% of its requested walltime.
WARNING: Job only used 0% of its requested cpu time.
WARNING: Job only used 30% of its requested memory.
              job id: 7018793
         exit status: 0
            cpu time: 80s / 3.5h (0 %)
        elapsed time: 34s / 1800s (1 %)
      virtual memory: 1.6G / 7.0G (22 %)

Job completed successfully
WARNING: Job only used 1% of its requested walltime.
WARNING: Job only used 0% of its requested cpu time.
WARNING: Job only used 22% of its requested memory.
              job id: 7018794
         exit status: 0
            cpu time: 76s / 3.5h (0 %)
        elapsed time: 34s / 1800s (1 %)
      virtual memory: 1.5G / 7.0G (21 %)

Job completed successfully
WARNING: Job only used 1% of its requested walltime.
WARNING: Job only used 0% of its requested cpu time.
WARNING: Job only used 21% of its requested memory.
              job id: 7018795
         exit status: 0
            cpu time: 79s / 3.5h (0 %)
        elapsed time: 34s / 1800s (1 %)
      virtual memory: 2.2G / 7.0G (30 %)

Job completed successfully
WARNING: Job only used 1% of its requested walltime.
WARNING: Job only used 0% of its requested cpu time.
WARNING: Job only used 30% of its requested memory.
              job id: 7018796
         exit status: 0
            cpu time: 78s / 3.5h (0 %)
        elapsed time: 36s / 1800s (2 %)
      virtual memory: 2.2G / 7.0G (30 %)

Job completed successfully
WARNING: Job only used 2% of its requested walltime.
WARNING: Job only used 0% of its requested cpu time.
WARNING: Job only used 30% of its requested memory.
