              job id: 7018777
         exit status: 0
            cpu time: 64s / 3.0h (0 %)
        elapsed time: 34s / 1800s (1 %)

Job completed successfully
WARNING: Job only used 1% of its requested walltime.
WARNING: Job only used 0% of its requested cpu time.
              job id: 7018778
         exit status: 0
            cpu time: 66s / 3.0h (0 %)
        elapsed time: 35s / 1800s (1 %)
      virtual memory: 1.3G / 6.0G (22 %)

Job completed successfully
WARNING: Job only used 1% of its requested walltime.
WARNING: Job only used 0% of its requested cpu time.
WARNING: Job only used 22% of its requested memory.
              job id: 7018779
         exit status: 0
            cpu time: 65s / 3.0h (0 %)
        elapsed time: 34s / 1800s (1 %)

Job completed successfully
WARNING: Job only used 1% of its requested walltime.
WARNING: Job only used 0% of its requested cpu time.
              job id: 7018780
         exit status: 0
            cpu time: 64s / 3.0h (0 %)
        elapsed time: 34s / 1800s (1 %)
      virtual memory: 1.3G / 6.0G (22 %)

Job completed successfully
WARNING: Job only used 1% of its requested walltime.
WARNING: Job only used 0% of its requested cpu time.
WARNING: Job only used 22% of its requested memory.
              job id: 7018781
         exit status: 0
            cpu time: 64s / 3.0h (0 %)
        elapsed time: 34s / 1800s (1 %)
      virtual memory: 2.0G / 6.0G (32 %)

Job completed successfully
WARNING: Job only used 1% of its requested walltime.
WARNING: Job only used 0% of its requested cpu time.
WARNING: Job only used 32% of its requested memory.
              job id: 7018782
         exit status: 0
            cpu time: 65s / 3.0h (0 %)
        elapsed time: 35s / 1800s (1 %)
      virtual memory: 1.3G / 6.0G (22 %)

Job completed successfully
WARNING: Job only used 1% of its requested walltime.
WARNING: Job only used 0% of its requested cpu time.
WARNING: Job only used 22% of its requested memory.
              job id: 7018783
         exit status: 0
            cpu time: 63s / 3.0h (0 %)
        elapsed time: 34s / 1800s (1 %)
      virtual memory: 2.0G / 6.0G (32 %)

Job completed successfully
WARNING: Job only used 1% of its requested walltime.
WARNING: Job only used 0% of its requested cpu time.
WARNING: Job only used 32% of its requested memory.
              job id: 7018784
         exit status: 0
            cpu time: 65s / 3.0h (0 %)
        elapsed time: 35s / 1800s (1 %)
      virtual memory: 1.3G / 6.0G (22 %)

Job completed successfully
WARNING: Job only used 1% of its requested walltime.
WARNING: Job only used 0% of its requested cpu time.
WARNING: Job only used 22% of its requested memory.
              job id: 7018785
         exit status: 0
            cpu time: 64s / 3.0h (0 %)
        elapsed time: 34s / 1800s (1 %)
      virtual memory: 2.0G / 6.0G (32 %)

Job completed successfully
WARNING: Job only used 1% of its requested walltime.
WARNING: Job only used 0% of its requested cpu time.
WARNING: Job only used 32% of its requested memory.
              job id: 7018786
         exit status: 0
            cpu time: 64s / 3.0h (0 %)
        elapsed time: 34s / 1800s (1 %)
      virtual memory: 1.3G / 6.0G (22 %)

Job completed successfully
WARNING: Job only used 1% of its requested walltime.
WARNING: Job only used 0% of its requested cpu time.
WARNING: Job only used 22% of its requested memory.
