              job id: 7018847
         exit status: 0
            cpu time: 75s / 6.5h (0 %)
        elapsed time: 20s / 1800s (1 %)

Job completed successfully
WARNING: Job only used 1% of its requested walltime.
WARNING: Job only used 0% of its requested cpu time.
              job id: 7018848
         exit status: 0
            cpu time: 73s / 6.5h (0 %)
        elapsed time: 19s / 1800s (1 %)

Job completed successfully
WARNING: Job only used 1% of its requested walltime.
WARNING: Job only used 0% of its requested cpu time.
              job id: 7018849
         exit status: 0
            cpu time: 74s / 6.5h (0 %)
        elapsed time: 19s / 1800s (1 %)

Job completed successfully
WARNING: Job only used 1% of its requested walltime.
WARNING: Job only used 0% of its requested cpu time.
              job id: 7018850
         exit status: 0
            cpu time: 76s / 6.5h (0 %)
        elapsed time: 20s / 1800s (1 %)

Job completed successfully
WARNING: Job only used 1% of its requested walltime.
WARNING: Job only used 0% of its requested cpu time.
              job id: 7018851
         exit status: 0
            cpu time: 76s / 6.5h (0 %)
        elapsed time: 21s / 1800s (1 %)

Job completed successfully
WARNING: Job only used 1% of its requested walltime.
WARNING: Job only used 0% of its requested cpu time.
              job id: 7018852
         exit status: 0
            cpu time: 74s / 6.5h (0 %)
        elapsed time: 19s / 1800s (1 %)

Job completed successfully
WARNING: Job only used 1% of its requested walltime.
WARNING: Job only used 0% of its requested cpu time.
              job id: 7018853
         exit status: 0
            cpu time: 76s / 6.5h (0 %)
        elapsed time: 20s / 1800s (1 %)

Job completed successfully
WARNING: Job only used 1% of its requested walltime.
WARNING: Job only used 0% of its requested cpu time.
              job id: 7018854
         exit status: 0
            cpu time: 76s / 6.5h (0 %)
        elapsed time: 21s / 1800s (1 %)

Job completed successfully
WARNING: Job only used 1% of its requested walltime.
WARNING: Job only used 0% of its requested cpu time.
              job id: 7018855
         exit status: 0
            cpu time: 75s / 6.5h (0 %)
        elapsed time: 20s / 1800s (1 %)

Job completed successfully
WARNING: Job only used 1% of its requested walltime.
WARNING: Job only used 0% of its requested cpu time.
              job id: 7018856
         exit status: 0
            cpu time: 73s / 6.5h (0 %)
        elapsed time: 19s / 1800s (1 %)

Job completed successfully
WARNING: Job only used 1% of its requested walltime.
WARNING: Job only used 0% of its requested cpu time.
