              job id: 7018867
         exit status: 0
            cpu time: 72s / 7.5h (0 %)
        elapsed time: 22s / 1800s (1 %)

Job completed successfully
WARNING: Job only used 1% of its requested walltime.
WARNING: Job only used 0% of its requested cpu time.
              job id: 7018868
         exit status: 0
            cpu time: 72s / 7.5h (0 %)
        elapsed time: 21s / 1800s (1 %)

Job completed successfully
WARNING: Job only used 1% of its requested walltime.
WARNING: Job only used 0% of its requested cpu time.
              job id: 7018869
         exit status: 0
            cpu time: 72s / 7.5h (0 %)
        elapsed time: 21s / 1800s (1 %)

Job completed successfully
WARNING: Job only used 1% of its requested walltime.
WARNING: Job only used 0% of its requested cpu time.
              job id: 7018870
         exit status: 0
            cpu time: 73s / 7.5h (0 %)
        elapsed time: 21s / 1800s (1 %)

Job completed successfully
WARNING: Job only used 1% of its requested walltime.
WARNING: Job only used 0% of its requested cpu time.
              job id: 7018871
         exit status: 0
            cpu time: 74s / 7.5h (0 %)
        elapsed time: 22s / 1800s (1 %)

Job completed successfully
WARNING: Job only used 1% of its requested walltime.
WARNING: Job only used 0% of its requested cpu time.
              job id: 7018872
         exit status: 0
            cpu time: 73s / 7.5h (0 %)
        elapsed time: 21s / 1800s (1 %)

Job completed successfully
WARNING: Job only used 1% of its requested walltime.
WARNING: Job only used 0% of its requested cpu time.
              job id: 7018873
         exit status: 0
            cpu time: 73s / 7.5h (0 %)
        elapsed time: 22s / 1800s (1 %)

Job completed successfully
WARNING: Job only used 1% of its requested walltime.
WARNING: Job only used 0% of its requested cpu time.
              job id: 7018874
         exit status: 0
            cpu time: 72s / 7.5h (0 %)
        elapsed time: 21s / 1800s (1 %)

Job completed successfully
WARNING: Job only used 1% of its requested walltime.
WARNING: Job only used 0% of its requested cpu time.
              job id: 7018875
         exit status: 0
            cpu time: 74s / 7.5h (0 %)
        elapsed time: 21s / 1800s (1 %)

Job completed successfully
WARNING: Job only used 1% of its requested walltime.
WARNING: Job only used 0% of its requested cpu time.
              job id: 7018876
         exit status: 0
            cpu time: 73s / 7.5h (0 %)
        elapsed time: 21s / 1800s (1 %)

Job completed successfully
WARNING: Job only used 1% of its requested walltime.
WARNING: Job only used 0% of its requested cpu time.
