              job id: 7018767
         exit status: 0
            cpu time: 63s / 2.5h (0 %)
        elapsed time: 31s / 1800s (1 %)
      virtual memory: 753.4M / 5.0G (14 %)

Job completed successfully
WARNING: Job only used 1% of its requested walltime.
WARNING: Job only used 0% of its requested cpu time.
WARNING: Job only used 14% of its requested memory.
              job id: 7018768
         exit status: 0
            cpu time: 61s / 2.5h (0 %)
        elapsed time: 30s / 1800s (1 %)
      virtual memory: 1.7G / 5.0G (33 %)

Job completed successfully
WARNING: Job only used 1% of its requested walltime.
WARNING: Job only used 0% of its requested cpu time.
WARNING: Job only used 33% of its requested memory.
              job id: 7018769
         exit status: 0
            cpu time: 62s / 2.5h (0 %)
        elapsed time: 30s / 1800s (1 %)
      virtual memory: 1.7G / 5.0G (33 %)

Job completed successfully
WARNING: Job only used 1% of its requested walltime.
WARNING: Job only used 0% of its requested cpu time.
WARNING: Job only used 33% of its requested memory.
              job id: 7018770
         exit status: 0
            cpu time: 63s / 2.5h (0 %)
        elapsed time: 30s / 1800s (1 %)
      virtual memory: 1.3G / 5.0G (25 %)

Job completed successfully
WARNING: Job only used 1% of its requested walltime.
WARNING: Job only used 0% of its requested cpu time.
WARNING: Job only used 25% of its requested memory.
              job id: 7018771
         exit status: 0
            cpu time: 61s / 2.5h (0 %)
        elapsed time: 30s / 1800s (1 %)

Job completed successfully
WARNING: Job only used 1% of its requested walltime.
WARNING: Job only used 0% of its requested cpu time.
              job id: 7018772
         exit status: 0
            cpu time: 63s / 2.5h (0 %)
        elapsed time: 31s / 1800s (1 %)

Job completed successfully
WARNING: Job only used 1% of its requested walltime.
WARNING: Job only used 0% of its requested cpu time.
              job id: 7018773
         exit status: 0
            cpu time: 63s / 2.5h (0 %)
        elapsed time: 29s / 1800s (1 %)
      virtual memory: 1.7G / 5.0G (33 %)

Job completed successfully
WARNING: Job only used 1% of its requested walltime.
WARNING: Job only used 0% of its requested cpu time.
WARNING: Job only used 33% of its requested memory.
              job id: 7018774
         exit status: 0
            cpu time: 63s / 2.5h (0 %)
        elapsed time: 30s / 1800s (1 %)
      virtual memory: 1.7G / 5.0G (33 %)

Job completed successfully
WARNING: Job only used 1% of its requested walltime.
WARNING: Job only used 0% of its requested cpu time.
WARNING: Job only used 33% of its requested memory.
              job id: 7018775
         exit status: 0
            cpu time: 64s / 2.5h (0 %)
        elapsed time: 31s / 1800s (1 %)
      virtual memory: 1.3G / 5.0G (25 %)

Job completed successfully
WARNING: Job only used 1% of its requested walltime.
WARNING: Job only used 0% of its requested cpu time.
WARNING: Job only used 25% of its requested memory.
              job id: 7018776
         exit status: 0
            cpu time: 63s / 2.5h (0 %)
        elapsed time: 30s / 1800s (1 %)
      virtual memory: 1.3G / 5.0G (25 %)

Job completed successfully
WARNING: Job only used 1% of its requested walltime.
WARNING: Job only used 0% of its requested cpu time.
WARNING: Job only used 25% of its requested memory.
