              job id: 7018797
         exit status: 0
            cpu time: 60s / 4.0h (0 %)
        elapsed time: 23s / 1800s (1 %)

Job completed successfully
WARNING: Job only used 1% of its requested walltime.
WARNING: Job only used 0% of its requested cpu time.
              job id: 7018798
         exit status: 0
            cpu time: 59s / 4.0h (0 %)
        elapsed time: 23s / 1800s (1 %)

Job completed successfully
WARNING: Job only used 1% of its requested walltime.
WARNING: Job only used 0% of its requested cpu time.
              job id: 7018799
         exit status: 0
            cpu time: 61s / 4.0h (0 %)
        elapsed time: 24s / 1800s (1 %)
      virtual memory: 1.5G / 8.0G (19 %)

Job completed successfully
WARNING: Job only used 1% of its requested walltime.
WARNING: Job only used 0% of its requested cpu time.
WARNING: Job only used 19% of its requested memory.
              job id: 7018800
         exit status: 0
            cpu time: 62s / 4.0h (0 %)
        elapsed time: 23s / 1800s (1 %)
      virtual memory: 2.0G / 8.0G (25 %)

Job completed successfully
WARNING: Job only used 1% of its requested walltime.
WARNING: Job only used 0% of its requested cpu time.
WARNING: Job only used 25% of its requested memory.
              job id: 7018801
         exit status: 0
            cpu time: 63s / 4.0h (0 %)
        elapsed time: 23s / 1800s (1 %)
      virtual memory: 727.6M / 8.0G (8 %)

Job completed successfully
WARNING: Job only used 1% of its requested walltime.
WARNING: Job only used 0% of its requested cpu time.
WARNING: Job only used 8% of its requested memory.
              job id: 7018802
         exit status: 0
            cpu time: 59s / 4.0h (0 %)
        elapsed time: 23s / 1800s (1 %)

Job completed successfully
WARNING: Job only used 1% of its requested walltime.
WARNING: Job only used 0% of its requested cpu time.
              job id: 7018803
         exit status: 0
            cpu time: 61s / 4.0h (0 %)
        elapsed time: 24s / 1800s (1 %)
      virtual memory: 1.6G / 8.0G (19 %)

Job completed successfully
WARNING: Job only used 1% of its requested walltime.
WARNING: Job only used 0% of its requested cpu time.
WARNING: Job only used 19% of its requested memory.
              job id: 7018804
         exit status: 0
            cpu time: 61s / 4.0h (0 %)
        elapsed time: 23s / 1800s (1 %)
      virtual memory: 2.4G / 8.0G (30 %)

Job completed successfully
WARNING: Job only used 1% of its requested walltime.
WARNING: Job only used 0% of its requested cpu time.
WARNING: Job only used 30% of its requested memory.
              job id: 7018805
         exit status: 0
            cpu time: 60s / 4.0h (0 %)
        elapsed time: 23s / 1800s (1 %)

Job completed successfully
WARNING: Job only used 1% of its requested walltime.
WARNING: Job only used 0% of its requested cpu time.
              job id: 7018806
         exit status: 0
            cpu time: 60s / 4.0h (0 %)
        elapsed time: 23s / 1800s (1 %)

Job completed successfully
WARNING: Job only used 1% of its requested walltime.
WARNING: Job only used 0% of its requested cpu time.
