              job id: 7018837
         exit status: 0
            cpu time: 68s / 6.0h (0 %)
        elapsed time: 23s / 1800s (1 %)

Job completed successfully
WARNING: Job only used 1% of its requested walltime.
WARNING: Job only used 0% of its requested cpu time.
              job id: 7018838
         exit status: 0
            cpu time: 71s / 6.0h (0 %)
        elapsed time: 25s / 1800s (1 %)

Job completed successfully
WARNING: Job only used 1% of its requested walltime.
WARNING: Job only used 0% of its requested cpu time.
              job id: 7018839
         exit status: 0
            cpu time: 70s / 6.0h (0 %)
        elapsed time: 23s / 1800s (1 %)
      virtual memory: 2.3G / 12.0G (18 %)

Job completed successfully
WARNING: Job only used 1% of its requested walltime.
WARNING: Job only used 0% of its requested cpu time.
WARNING: Job only used 18% of its requested memory.
              job id: 7018840
         exit status: 0
            cpu time: 71s / 6.0h (0 %)
        elapsed time: 25s / 1800s (1 %)
      virtual memory: 687.7M / 12.0G (5 %)

Job completed successfully
WARNING: Job only used 1% of its requested walltime.
WARNING: Job only used 0% of its requested cpu time.
WARNING: Job only used 5% of its requested memory.
              job id: 7018841
         exit status: 0
            cpu time: 70s / 6.0h (0 %)
        elapsed time: 23s / 1800s (1 %)

Job completed successfully
WARNING: Job only used 1% of its requested walltime.
WARNING: Job only used 0% of its requested cpu time.
              job id: 7018842
         exit status: 0
            cpu time: 69s / 6.0h (0 %)
        elapsed time: 23s / 1800s (1 %)

Job completed successfully
WARNING: Job only used 1% of its requested walltime.
WARNING: Job only used 0% of its requested cpu time.
              job id: 7018843
         exit status: 0
            cpu time: 69s / 6.0h (0 %)
        elapsed time: 24s / 1800s (1 %)

Job completed successfully
WARNING: Job only used 1% of its requested walltime.
WARNING: Job only used 0% of its requested cpu time.
              job id: 7018844
         exit status: 0
            cpu time: 68s / 6.0h (0 %)
        elapsed time: 23s / 1800s (1 %)

Job completed successfully
WARNING: Job only used 1% of its requested walltime.
WARNING: Job only used 0% of its requested cpu time.
              job id: 7018845
         exit status: 0
            cpu time: 70s / 6.0h (0 %)
        elapsed time: 23s / 1800s (1 %)

Job completed successfully
WARNING: Job only used 1% of its requested walltime.
WARNING: Job only used 0% of its requested cpu time.
              job id: 7018846
         exit status: 0
            cpu time: 69s / 6.0h (0 %)
        elapsed time: 23s / 1800s (1 %)

Job completed successfully
WARNING: Job only used 1% of its requested walltime.
WARNING: Job only used 0% of its requested cpu time.
