              job id: 7018857
         exit status: 0
            cpu time: 86s / 7.0h (0 %)
        elapsed time: 28s / 1800s (1 %)

Job completed successfully
WARNING: Job only used 1% of its requested walltime.
WARNING: Job only used 0% of its requested cpu time.
              job id: 7018858
         exit status: 0
            cpu time: 86s / 7.0h (0 %)
        elapsed time: 26s / 1800s (1 %)
      virtual memory: 3.1G / 14.0G (22 %)

Job completed successfully
WARNING: Job only used 1% of its requested walltime.
WARNING: Job only used 0% of its requested cpu time.
WARNING: Job only used 22% of its requested memory.
              job id: 7018859
         exit status: 0
            cpu time: 86s / 7.0h (0 %)
        elapsed time: 27s / 1800s (1 %)

Job completed successfully
WARNING: Job only used 1% of its requested walltime.
WARNING: Job only used 0% of its requested cpu time.
              job id: 7018860
         exit status: 0
            cpu time: 84s / 7.0h (0 %)
        elapsed time: 26s / 1800s (1 %)

Job completed successfully
WARNING: Job only used 1% of its requested walltime.
WARNING: Job only used 0% of its requested cpu time.
              job id: 7018861
         exit status: 0
            cpu time: 88s / 7.0h (0 %)
        elapsed time: 28s / 1800s (1 %)

Job completed successfully
WARNING: Job only used 1% of its requested walltime.
WARNING: Job only used 0% of its requested cpu time.
              job id: 7018862
         exit status: 0
            cpu time: 87s / 7.0h (0 %)
        elapsed time: 28s / 1800s (1 %)
      virtual memory: 2.8G / 14.0G (20 %)

Job completed successfully
WARNING: Job only used 1% of its requested walltime.
WARNING: Job only used 0% of its requested cpu time.
WARNING: Job only used 20% of its requested memory.
              job id: 7018863
         exit status: 0
            cpu time: 88s / 7.0h (0 %)
        elapsed time: 28s / 1800s (1 %)

Job completed successfully
WARNING: Job only used 1% of its requested walltime.
WARNING: Job only used 0% of its requested cpu time.
              job id: 7018864
         exit status: 0
            cpu time: 86s / 7.0h (0 %)
        elapsed time: 27s / 1800s (1 %)

Job completed successfully
WARNING: Job only used 1% of its requested walltime.
WARNING: Job only used 0% of its requested cpu time.
              job id: 7018865
         exit status: 0
            cpu time: 85s / 7.0h (0 %)
        elapsed time: 26s / 1800s (1 %)
      virtual memory: 2.8G / 14.0G (20 %)

Job completed successfully
WARNING: Job only used 1% of its requested walltime.
WARNING: Job only used 0% of its requested cpu time.
WARNING: Job only used 20% of its requested memory.
              job id: 7018866
         exit status: 0
            cpu time: 88s / 7.0h (0 %)
        elapsed time: 29s / 1800s (1 %)

Job completed successfully
WARNING: Job only used 1% of its requested walltime.
WARNING: Job only used 0% of its requested cpu time.
