              job id: 7018877
         exit status: 0
            cpu time: 81s / 8.0h (0 %)
        elapsed time: 21s / 1800s (1 %)

Job completed successfully
WARNING: Job only used 1% of its requested walltime.
WARNING: Job only used 0% of its requested cpu time.
              job id: 7018878
         exit status: 0
            cpu time: 81s / 8.0h (0 %)
        elapsed time: 18s / 1800s (1 %)

Job completed successfully
WARNING: Job only used 1% of its requested walltime.
WARNING: Job only used 0% of its requested cpu time.
              job id: 7018879
         exit status: 0
            cpu time: 81s / 8.0h (0 %)
        elapsed time: 19s / 1800s (1 %)

Job completed successfully
WARNING: Job only used 1% of its requested walltime.
WARNING: Job only used 0% of its requested cpu time.
              job id: 7018880
         exit status: 0
            cpu time: 82s / 8.0h (0 %)
        elapsed time: 19s / 1800s (1 %)

Job completed successfully
WARNING: Job only used 1% of its requested walltime.
WARNING: Job only used 0% of its requested cpu time.
              job id: 7018881
         exit status: 0
            cpu time: 81s / 8.0h (0 %)
        elapsed time: 19s / 1800s (1 %)

Job completed successfully
WARNING: Job only used 1% of its requested walltime.
WARNING: Job only used 0% of its requested cpu time.
              job id: 7018882
         exit status: 0
            cpu time: 82s / 8.0h (0 %)
        elapsed time: 19s / 1800s (1 %)

Job completed successfully
WARNING: Job only used 1% of its requested walltime.
WARNING: Job only used 0% of its requested cpu time.
              job id: 7018883
         exit status: 0
            cpu time: 80s / 8.0h (0 %)
        elapsed time: 19s / 1800s (1 %)

Job completed successfully
WARNING: Job only used 1% of its requested walltime.
WARNING: Job only used 0% of its requested cpu time.
              job id: 7018884
         exit status: 0
            cpu time: 81s / 8.0h (0 %)
        elapsed time: 19s / 1800s (1 %)

Job completed successfully
WARNING: Job only used 1% of its requested walltime.
WARNING: Job only used 0% of its requested cpu time.
              job id: 7018885
         exit status: 0
            cpu time: 81s / 8.0h (0 %)
        elapsed time: 19s / 1800s (1 %)

Job completed successfully
WARNING: Job only used 1% of its requested walltime.
WARNING: Job only used 0% of its requested cpu time.
              job id: 7018886
         exit status: 0
            cpu time: 82s / 8.0h (0 %)
        elapsed time: 19s / 1800s (1 %)

Job completed successfully
WARNING: Job only used 1% of its requested walltime.
WARNING: Job only used 0% of its requested cpu time.
