              job id: 7018807
         exit status: 0
            cpu time: 70s / 4.5h (0 %)
        elapsed time: 27s / 1800s (1 %)
      virtual memory: 1.7G / 9.0G (18 %)

Job completed successfully
WARNING: Job only used 1% of its requested walltime.
WARNING: Job only used 0% of its requested cpu time.
WARNING: Job only used 18% of its requested memory.
              job id: 7018808
         exit status: 0
            cpu time: 69s / 4.5h (0 %)
        elapsed time: 27s / 1800s (1 %)
      virtual memory: 2.7G / 9.0G (30 %)

Job completed successfully
WARNING: Job only used 1% of its requested walltime.
WARNING: Job only used 0% of its requested cpu time.
WARNING: Job only used 30% of its requested memory.
              job id: 7018809
         exit status: 0
            cpu time: 71s / 4.5h (0 %)
        elapsed time: 28s / 1800s (1 %)

Job completed successfully
WARNING: Job only used 1% of its requested walltime.
WARNING: Job only used 0% of its requested cpu time.
              job id: 7018810
         exit status: 0
            cpu time: 71s / 4.5h (0 %)
        elapsed time: 27s / 1800s (1 %)
      virtual memory: 1.5G / 9.0G (17 %)

Job completed successfully
WARNING: Job only used 1% of its requested walltime.
WARNING: Job only used 0% of its requested cpu time.
WARNING: Job only used 17% of its requested memory.
              job id: 7018811
         exit status: 0
            cpu time: 73s / 4.5h (0 %)
        elapsed time: 28s / 1800s (1 %)
      virtual memory: 2.8G / 9.0G (30 %)

Job completed successfully
WARNING: Job only used 1% of its requested walltime.
WARNING: Job only used 0% of its requested cpu time.
WARNING: Job only used 30% of its requested memory.
              job id: 7018812
         exit status: 0
            cpu time: 71s / 4.5h (0 %)
        elapsed time: 27s / 1800s (1 %)

Job completed successfully
WARNING: Job only used 1% of its requested walltime.
WARNING: Job only used 0% of its requested cpu time.
              job id: 7018813
         exit status: 0
            cpu time: 73s / 4.5h (0 %)
        elapsed time: 28s / 1800s (1 %)
      virtual memory: 1.6G / 9.0G (17 %)

Job completed successfully
WARNING: Job only used 1% of its requested walltime.
WARNING: Job only used 0% of its requested cpu time.
WARNING: Job only used 17% of its requested memory.
              job id: 7018814
         exit status: 0
            cpu time: 72s / 4.5h (0 %)
        elapsed time: 28s / 1800s (1 %)
      virtual memory: 2.7G / 9.0G (30 %)

Job completed successfully
WARNING: Job only used 1% of its requested walltime.
WARNING: Job only used 0% of its requested cpu time.
WARNING: Job only used 30% of its requested memory.
              job id: 7018815
         exit status: 0
            cpu time: 73s / 4.5h (0 %)
        elapsed time: 28s / 1800s (1 %)

Job completed successfully
WARNING: Job only used 1% of its requested walltime.
WARNING: Job only used 0% of its requested cpu time.
              job id: 7018816
         exit status: 0
            cpu time: 71s / 4.5h (0 %)
        elapsed time: 27s / 1800s (1 %)
      virtual memory: 1.7G / 9.0G (18 %)

Job completed successfully
WARNING: Job only used 1% of its requested walltime.
WARNING: Job only used 0% of its requested cpu time.
WARNING: Job only used 18% of its requested memory.
