              job id: 7018757
         exit status: 0
            cpu time: 65s / 2.0h (0 %)
        elapsed time: 38s / 1800s (2 %)

Job completed successfully
WARNING: Job only used 2% of its requested walltime.
WARNING: Job only used 0% of its requested cpu time.
              job id: 7018758
         exit status: 0
            cpu time: 65s / 2.0h (0 %)
        elapsed time: 39s / 1800s (2 %)
      virtual memory: 1.2G / 4.0G (30 %)

Job completed successfully
WARNING: Job only used 2% of its requested walltime.
WARNING: Job only used 0% of its requested cpu time.
WARNING: Job only used 30% of its requested memory.
              job id: 7018759
         exit status: 0
            cpu time: 65s / 2.0h (0 %)
        elapsed time: 38s / 1800s (2 %)
      virtual memory: 1.6G / 4.0G (40 %)

Job completed successfully
WARNING: Job only used 2% of its requested walltime.
WARNING: Job only used 0% of its requested cpu time.
WARNING: Job only used 40% of its requested memory.
              job id: 7018761
         exit status: 0
            cpu time: 63s / 2.0h (0 %)
        elapsed time: 37s / 1800s (2 %)
      virtual memory: 1.2G / 4.0G (30 %)

Job completed successfully
WARNING: Job only used 2% of its requested walltime.
WARNING: Job only used 0% of its requested cpu time.
WARNING: Job only used 30% of its requested memory.
              job id: 7018760
         exit status: 0
            cpu time: 64s / 2.0h (0 %)
        elapsed time: 37s / 1800s (2 %)
      virtual memory: 1.2G / 4.0G (30 %)

Job completed successfully
WARNING: Job only used 2% of its requested walltime.
WARNING: Job only used 0% of its requested cpu time.
WARNING: Job only used 30% of its requested memory.
              job id: 7018762
         exit status: 0
            cpu time: 65s / 2.0h (0 %)
        elapsed time: 37s / 1800s (2 %)
      virtual memory: 1.6G / 4.0G (40 %)

Job completed successfully
WARNING: Job only used 2% of its requested walltime.
WARNING: Job only used 0% of its requested cpu time.
WARNING: Job only used 40% of its requested memory.
              job id: 7018764
         exit status: 0
            cpu time: 64s / 2.0h (0 %)
        elapsed time: 37s / 1800s (2 %)
      virtual memory: 1.2G / 4.0G (30 %)

Job completed successfully
WARNING: Job only used 2% of its requested walltime.
WARNING: Job only used 0% of its requested cpu time.
WARNING: Job only used 30% of its requested memory.
              job id: 7018763
         exit status: 0
            cpu time: 65s / 2.0h (0 %)
        elapsed time: 39s / 1800s (2 %)
      virtual memory: 1.2G / 4.0G (30 %)

Job completed successfully
WARNING: Job only used 2% of its requested walltime.
WARNING: Job only used 0% of its requested cpu time.
WARNING: Job only used 30% of its requested memory.
              job id: 7018765
         exit status: 0
            cpu time: 65s / 2.0h (0 %)
        elapsed time: 38s / 1800s (2 %)
      virtual memory: 1.6G / 4.0G (40 %)

Job completed successfully
WARNING: Job only used 2% of its requested walltime.
WARNING: Job only used 0% of its requested cpu time.
WARNING: Job only used 40% of its requested memory.
              job id: 7018766
         exit status: 0
            cpu time: 66s / 2.0h (0 %)
        elapsed time: 39s / 1800s (2 %)
      virtual memory: 1.8G / 4.0G (44 %)

Job completed successfully
WARNING: Job only used 2% of its requested walltime.
WARNING: Job only used 0% of its requested cpu time.
WARNING: Job only used 44% of its requested memory.
