              job id: 7018737
         exit status: 0
            cpu time: 56s / 1.0h (1 %)
        elapsed time: 34s / 1800s (1 %)

Job completed successfully
WARNING: Job only used 1% of its requested walltime.
WARNING: Job only used 1% of its requested cpu time.
              job id: 7018738
         exit status: 0
            cpu time: 56s / 1.0h (1 %)
        elapsed time: 33s / 1800s (1 %)
      virtual memory: 1.1G / 2.0G (53 %)

Job completed successfully
WARNING: Job only used 1% of its requested walltime.
WARNING: Job only used 1% of its requested cpu time.
WARNING: Job only used 53% of its requested memory.
              job id: 7018741
         exit status: 0
            cpu time: 56s / 1.0h (1 %)
        elapsed time: 36s / 1800s (2 %)

Job completed successfully
WARNING: Job only used 2% of its requested walltime.
WARNING: Job only used 1% of its requested cpu time.
              job id: 7018739
         exit status: 0
            cpu time: 56s / 1.0h (1 %)
        elapsed time: 39s / 1800s (2 %)
      virtual memory: 1.1G / 2.0G (53 %)

Job completed successfully
WARNING: Job only used 2% of its requested walltime.
WARNING: Job only used 1% of its requested cpu time.
WARNING: Job only used 53% of its requested memory.
              job id: 7018742
         exit status: 0
            cpu time: 57s / 1.0h (1 %)
        elapsed time: 36s / 1800s (2 %)
      virtual memory: 1.1G / 2.0G (53 %)

Job completed successfully
WARNING: Job only used 2% of its requested walltime.
WARNING: Job only used 1% of its requested cpu time.
WARNING: Job only used 53% of its requested memory.
              job id: 7018740
         exit status: 0
            cpu time: 58s / 1.0h (1 %)
        elapsed time: 44s / 1800s (2 %)
      virtual memory: 1.1G / 2.0G (53 %)

Job completed successfully
WARNING: Job only used 2% of its requested walltime.
WARNING: Job only used 1% of its requested cpu time.
WARNING: Job only used 53% of its requested memory.
              job id: 7018743
         exit status: 0
            cpu time: 56s / 1.0h (1 %)
        elapsed time: 33s / 1800s (1 %)

Job completed successfully
WARNING: Job only used 1% of its requested walltime.
WARNING: Job only used 1% of its requested cpu time.
              job id: 7018744
         exit status: 0
            cpu time: 58s / 1.0h (1 %)
        elapsed time: 34s / 1800s (1 %)
      virtual memory: 1.1G / 2.0G (53 %)

Job completed successfully
WARNING: Job only used 1% of its requested walltime.
WARNING: Job only used 1% of its requested cpu time.
WARNING: Job only used 53% of its requested memory.
              job id: 7018745
         exit status: 0
            cpu time: 56s / 1.0h (1 %)
        elapsed time: 32s / 1800s (1 %)

Job completed successfully
WARNING: Job only used 1% of its requested walltime.
WARNING: Job only used 1% of its requested cpu time.
              job id: 7018746
         exit status: 0
            cpu time: 57s / 1.0h (1 %)
        elapsed time: 33s / 1800s (1 %)
      virtual memory: 1.1G / 2.0G (53 %)

Job completed successfully
WARNING: Job only used 1% of its requested walltime.
WARNING: Job only used 1% of its requested cpu time.
WARNING: Job only used 53% of its requested memory.
