              job id: 7018817
         exit status: 0
            cpu time: 69s / 5.0h (0 %)
        elapsed time: 23s / 1800s (1 %)
      virtual memory: 2.5G / 10.0G (25 %)

Job completed successfully
WARNING: Job only used 1% of its requested walltime.
WARNING: Job only used 0% of its requested cpu time.
WARNING: Job only used 25% of its requested memory.
              job id: 7018818
         exit status: 0
            cpu time: 67s / 5.0h (0 %)
        elapsed time: 22s / 1800s (1 %)

Job completed successfully
WARNING: Job only used 1% of its requested walltime.
WARNING: Job only used 0% of its requested cpu time.
              job id: 7018819
         exit status: 0
            cpu time: 69s / 5.0h (0 %)
        elapsed time: 23s / 1800s (1 %)

Job completed successfully
WARNING: Job only used 1% of its requested walltime.
WARNING: Job only used 0% of its requested cpu time.
              job id: 7018820
         exit status: 0
            cpu time: 70s / 5.0h (0 %)
        elapsed time: 23s / 1800s (1 %)

Job completed successfully
WARNING: Job only used 1% of its requested walltime.
WARNING: Job only used 0% of its requested cpu time.
              job id: 7018821
         exit status: 0
            cpu time: 69s / 5.0h (0 %)
        elapsed time: 23s / 1800s (1 %)
      virtual memory: 1.9G / 10.0G (19 %)

Job completed successfully
WARNING: Job only used 1% of its requested walltime.
WARNING: Job only used 0% of its requested cpu time.
WARNING: Job only used 19% of its requested memory.
              job id: 7018822
         exit status: 0
            cpu time: 68s / 5.0h (0 %)
        elapsed time: 24s / 1800s (1 %)
      virtual memory: 3.1G / 10.0G (30 %)

Job completed successfully
WARNING: Job only used 1% of its requested walltime.
WARNING: Job only used 0% of its requested cpu time.
WARNING: Job only used 30% of its requested memory.
              job id: 7018823
         exit status: 0
            cpu time: 70s / 5.0h (0 %)
        elapsed time: 23s / 1800s (1 %)

Job completed successfully
WARNING: Job only used 1% of its requested walltime.
WARNING: Job only used 0% of its requested cpu time.
              job id: 7018824
         exit status: 0
            cpu time: 71s / 5.0h (0 %)
        elapsed time: 24s / 1800s (1 %)

Job completed successfully
WARNING: Job only used 1% of its requested walltime.
WARNING: Job only used 0% of its requested cpu time.
              job id: 7018825
         exit status: 0
            cpu time: 70s / 5.0h (0 %)
        elapsed time: 24s / 1800s (1 %)
      virtual memory: 1.9G / 10.0G (18 %)

Job completed successfully
WARNING: Job only used 1% of its requested walltime.
WARNING: Job only used 0% of its requested cpu time.
WARNING: Job only used 18% of its requested memory.
              job id: 7018826
         exit status: 0
            cpu time: 72s / 5.0h (0 %)
        elapsed time: 25s / 1800s (1 %)
      virtual memory: 753.7M / 10.0G (7 %)

Job completed successfully
WARNING: Job only used 1% of its requested walltime.
WARNING: Job only used 0% of its requested cpu time.
WARNING: Job only used 7% of its requested memory.
