              job id: 7018747
         exit status: 0
            cpu time: 69s / 1.5h (1 %)
        elapsed time: 53s / 1800s (2 %)
      virtual memory: 1.2G / 3.0G (40 %)

Job completed successfully
WARNING: Job only used 2% of its requested walltime.
WARNING: Job only used 1% of its requested cpu time.
WARNING: Job only used 40% of its requested memory.
              job id: 7018748
         exit status: 0
            cpu time: 71s / 1.5h (1 %)
        elapsed time: 55s / 1800s (3 %)
      virtual memory: 1.1G / 3.0G (38 %)

Job completed successfully
WARNING: Job only used 3% of its requested walltime.
WARNING: Job only used 1% of its requested cpu time.
WARNING: Job only used 38% of its requested memory.
              job id: 7018749
         exit status: 0
            cpu time: 70s / 1.5h (1 %)
        elapsed time: 55s / 1800s (3 %)
      virtual memory: 1.1G / 3.0G (38 %)

Job completed successfully
WARNING: Job only used 3% of its requested walltime.
WARNING: Job only used 1% of its requested cpu time.
WARNING: Job only used 38% of its requested memory.
              job id: 7018750
         exit status: 0
            cpu time: 69s / 1.5h (1 %)
        elapsed time: 54s / 1800s (3 %)
      virtual memory: 1.1G / 3.0G (38 %)

Job completed successfully
WARNING: Job only used 3% of its requested walltime.
WARNING: Job only used 1% of its requested cpu time.
WARNING: Job only used 38% of its requested memory.
              job id: 7018751
         exit status: 0
            cpu time: 69s / 1.5h (1 %)
        elapsed time: 54s / 1800s (3 %)
      virtual memory: 1.1G / 3.0G (38 %)

Job completed successfully
WARNING: Job only used 3% of its requested walltime.
WARNING: Job only used 1% of its requested cpu time.
WARNING: Job only used 38% of its requested memory.
              job id: 7018752
         exit status: 0
            cpu time: 69s / 1.5h (1 %)
        elapsed time: 54s / 1800s (3 %)
      virtual memory: 1.1G / 3.0G (38 %)

Job completed successfully
WARNING: Job only used 3% of its requested walltime.
WARNING: Job only used 1% of its requested cpu time.
WARNING: Job only used 38% of its requested memory.
              job id: 7018753
         exit status: 0
            cpu time: 70s / 1.5h (1 %)
        elapsed time: 54s / 1800s (3 %)
      virtual memory: 1.6G / 3.0G (52 %)

Job completed successfully
WARNING: Job only used 3% of its requested walltime.
WARNING: Job only used 1% of its requested cpu time.
WARNING: Job only used 52% of its requested memory.
              job id: 7018754
         exit status: 0
            cpu time: 72s / 1.5h (1 %)
        elapsed time: 55s / 1800s (3 %)
      virtual memory: 1.1G / 3.0G (38 %)

Job completed successfully
WARNING: Job only used 3% of its requested walltime.
WARNING: Job only used 1% of its requested cpu time.
WARNING: Job only used 38% of its requested memory.
              job id: 7018755
         exit status: 0
            cpu time: 69s / 1.5h (1 %)
        elapsed time: 53s / 1800s (2 %)
      virtual memory: 1.4G / 3.0G (45 %)

Job completed successfully
WARNING: Job only used 2% of its requested walltime.
WARNING: Job only used 1% of its requested cpu time.
WARNING: Job only used 45% of its requested memory.
              job id: 7018756
         exit status: 0
            cpu time: 71s / 1.5h (1 %)
        elapsed time: 55s / 1800s (3 %)
      virtual memory: 1.1G / 3.0G (38 %)

Job completed successfully
WARNING: Job only used 3% of its requested walltime.
WARNING: Job only used 1% of its requested cpu time.
WARNING: Job only used 38% of its requested memory.
