              job id: 7018827
         exit status: 0
            cpu time: 84s / 5.5h (0 %)
        elapsed time: 28s / 1800s (1 %)

Job completed successfully
WARNING: Job only used 1% of its requested walltime.
WARNING: Job only used 0% of its requested cpu time.
              job id: 7018828
         exit status: 0
            cpu time: 84s / 5.5h (0 %)
        elapsed time: 29s / 1800s (1 %)
      virtual memory: 1.9G / 11.0G (16 %)

Job completed successfully
WARNING: Job only used 1% of its requested walltime.
WARNING: Job only used 0% of its requested cpu time.
WARNING: Job only used 16% of its requested memory.
              job id: 7018829
         exit status: 0
            cpu time: 87s / 5.5h (0 %)
        elapsed time: 30s / 1800s (1 %)
      virtual memory: 3.1G / 11.0G (28 %)

Job completed successfully
WARNING: Job only used 1% of its requested walltime.
WARNING: Job only used 0% of its requested cpu time.
WARNING: Job only used 28% of its requested memory.
              job id: 7018830
         exit status: 0
            cpu time: 86s / 5.5h (0 %)
        elapsed time: 30s / 1800s (1 %)

Job completed successfully
WARNING: Job only used 1% of its requested walltime.
WARNING: Job only used 0% of its requested cpu time.
              job id: 7018831
         exit status: 0
            cpu time: 85s / 5.5h (0 %)
        elapsed time: 28s / 1800s (1 %)
      virtual memory: 1.9G / 11.0G (16 %)

Job completed successfully
WARNING: Job only used 1% of its requested walltime.
WARNING: Job only used 0% of its requested cpu time.
WARNING: Job only used 16% of its requested memory.
              job id: 7018832
         exit status: 0
            cpu time: 84s / 5.5h (0 %)
        elapsed time: 28s / 1800s (1 %)
      virtual memory: 2.6G / 11.0G (23 %)

Job completed successfully
WARNING: Job only used 1% of its requested walltime.
WARNING: Job only used 0% of its requested cpu time.
WARNING: Job only used 23% of its requested memory.
              job id: 7018833
         exit status: 0
            cpu time: 87s / 5.5h (0 %)
        elapsed time: 30s / 1800s (1 %)

Job completed successfully
WARNING: Job only used 1% of its requested walltime.
WARNING: Job only used 0% of its requested cpu time.
              job id: 7018834
         exit status: 0
            cpu time: 85s / 5.5h (0 %)
        elapsed time: 28s / 1800s (1 %)
      virtual memory: 1.8G / 11.0G (16 %)

Job completed successfully
WARNING: Job only used 1% of its requested walltime.
WARNING: Job only used 0% of its requested cpu time.
WARNING: Job only used 16% of its requested memory.
              job id: 7018835
         exit status: 0
            cpu time: 86s / 5.5h (0 %)
        elapsed time: 29s / 1800s (1 %)
      virtual memory: 2.7G / 11.0G (24 %)

Job completed successfully
WARNING: Job only used 1% of its requested walltime.
WARNING: Job only used 0% of its requested cpu time.
WARNING: Job only used 24% of its requested memory.
              job id: 7018836
         exit status: 0
            cpu time: 82s / 5.5h (0 %)
        elapsed time: 27s / 1800s (1 %)

Job completed successfully
WARNING: Job only used 1% of its requested walltime.
WARNING: Job only used 0% of its requested cpu time.
