              job id: 7019398
         exit status: 0
            cpu time: 4.8h / 80.0h (6 %)
        elapsed time: 2.7h / 10.0h (27 %)
      virtual memory: 2.4G / 16.0G (14 %)

Job completed successfully
WARNING: Job only used 27% of its requested walltime.
WARNING: Job only used 6% of its requested cpu time.
WARNING: Job only used 14% of its requested memory.
              job id: 7019399
         exit status: 0
            cpu time: 4.9h / 80.0h (6 %)
        elapsed time: 2.7h / 10.0h (27 %)
      virtual memory: 2.4G / 16.0G (14 %)

Job completed successfully
WARNING: Job only used 27% of its requested walltime.
WARNING: Job only used 6% of its requested cpu time.
WARNING: Job only used 14% of its requested memory.
              job id: 7019400
         exit status: 0
            cpu time: 5.0h / 80.0h (6 %)
        elapsed time: 2.8h / 10.0h (28 %)
      virtual memory: 2.2G / 16.0G (13 %)

Job completed successfully
WARNING: Job only used 28% of its requested walltime.
WARNING: Job only used 6% of its requested cpu time.
WARNING: Job only used 13% of its requested memory.
              job id: 7019401
         exit status: 0
            cpu time: 5.4h / 80.0h (6 %)
        elapsed time: 2.8h / 10.0h (27 %)
      virtual memory: 2.4G / 16.0G (14 %)

Job completed successfully
WARNING: Job only used 27% of its requested walltime.
WARNING: Job only used 6% of its requested cpu time.
WARNING: Job only used 14% of its requested memory.
              job id: 7019402
         exit status: 0
            cpu time: 5.3h / 80.0h (6 %)
        elapsed time: 3.0h / 10.0h (29 %)
      virtual memory: 2.4G / 16.0G (14 %)

Job completed successfully
WARNING: Job only used 29% of its requested walltime.
WARNING: Job only used 6% of its requested cpu time.
WARNING: Job only used 14% of its requested memory.
              job id: 7019403
         exit status: 0
            cpu time: 4.3h / 80.0h (5 %)
        elapsed time: 2.3h / 10.0h (23 %)
      virtual memory: 2.2G / 16.0G (13 %)

Job completed successfully
WARNING: Job only used 23% of its requested walltime.
WARNING: Job only used 5% of its requested cpu time.
WARNING: Job only used 13% of its requested memory.
              job id: 7019404
         exit status: 0
            cpu time: 4.5h / 80.0h (5 %)
        elapsed time: 2.4h / 10.0h (24 %)
      virtual memory: 2.3G / 16.0G (14 %)

Job completed successfully
WARNING: Job only used 24% of its requested walltime.
WARNING: Job only used 5% of its requested cpu time.
WARNING: Job only used 14% of its requested memory.
              job id: 7019406
         exit status: 0
            cpu time: 5.2h / 80.0h (6 %)
        elapsed time: 2.5h / 10.0h (25 %)
      virtual memory: 2.2G / 16.0G (13 %)

Job completed successfully
WARNING: Job only used 25% of its requested walltime.
WARNING: Job only used 6% of its requested cpu time.
WARNING: Job only used 13% of its requested memory.
              job id: 7019405
         exit status: 0
            cpu time: 5.1h / 80.0h (6 %)
        elapsed time: 2.8h / 10.0h (28 %)
      virtual memory: 2.2G / 16.0G (13 %)

Job completed successfully
WARNING: Job only used 28% of its requested walltime.
WARNING: Job only used 6% of its requested cpu time.
WARNING: Job only used 13% of its requested memory.
              job id: 7019407
         exit status: 0
            cpu time: 4.8h / 80.0h (5 %)
        elapsed time: 2.5h / 10.0h (25 %)
      virtual memory: 2.2G / 16.0G (13 %)

Job completed successfully
WARNING: Job only used 25% of its requested walltime.
WARNING: Job only used 5% of its requested cpu time.
WARNING: Job only used 13% of its requested memory.
