              job id: 7019468
         exit status: 0
            cpu time: 4.3h / 150.0h (2 %)
        elapsed time: 2.3h / 10.0h (22 %)
      virtual memory: 3.0G / 30.0G (10 %)

Job completed successfully
WARNING: Job only used 22% of its requested walltime.
WARNING: Job only used 2% of its requested cpu time.
WARNING: Job only used 10% of its requested memory.
              job id: 7019469
         exit status: 0
            cpu time: 5.3h / 150.0h (3 %)
        elapsed time: 2.9h / 10.0h (28 %)
      virtual memory: 3.3G / 30.0G (11 %)

Job completed successfully
WARNING: Job only used 28% of its requested walltime.
WARNING: Job only used 3% of its requested cpu time.
WARNING: Job only used 11% of its requested memory.
              job id: 7019470
         exit status: 0
            cpu time: 5.2h / 150.0h (3 %)
        elapsed time: 2.9h / 10.0h (28 %)
      virtual memory: 3.0G / 30.0G (10 %)

Job completed successfully
WARNING: Job only used 28% of its requested walltime.
WARNING: Job only used 3% of its requested cpu time.
WARNING: Job only used 10% of its requested memory.
              job id: 7019472
         exit status: 0
            cpu time: 4.2h / 150.0h (2 %)
        elapsed time: 2.4h / 10.0h (23 %)
      virtual memory: 3.4G / 30.0G (11 %)

Job completed successfully
WARNING: Job only used 23% of its requested walltime.
WARNING: Job only used 2% of its requested cpu time.
WARNING: Job only used 11% of its requested memory.
              job id: 7019471
         exit status: 0
            cpu time: 5.7h / 150.0h (3 %)
        elapsed time: 3.3h / 10.0h (33 %)
      virtual memory: 3.3G / 30.0G (10 %)

Job completed successfully
WARNING: Job only used 33% of its requested walltime.
WARNING: Job only used 3% of its requested cpu time.
WARNING: Job only used 10% of its requested memory.
              job id: 7019473
         exit status: 0
            cpu time: 5.3h / 150.0h (3 %)
        elapsed time: 2.9h / 10.0h (29 %)
      virtual memory: 3.8G / 30.0G (12 %)

Job completed successfully
WARNING: Job only used 29% of its requested walltime.
WARNING: Job only used 3% of its requested cpu time.
WARNING: Job only used 12% of its requested memory.
              job id: 7019475
         exit status: 0
            cpu time: 4.6h / 150.0h (3 %)
        elapsed time: 2.5h / 10.0h (25 %)
      virtual memory: 3.0G / 30.0G (10 %)

Job completed successfully
WARNING: Job only used 25% of its requested walltime.
WARNING: Job only used 3% of its requested cpu time.
WARNING: Job only used 10% of its requested memory.
              job id: 7019474
         exit status: 0
            cpu time: 5.1h / 150.0h (3 %)
        elapsed time: 2.8h / 10.0h (28 %)
      virtual memory: 3.5G / 30.0G (11 %)

Job completed successfully
WARNING: Job only used 28% of its requested walltime.
WARNING: Job only used 3% of its requested cpu time.
WARNING: Job only used 11% of its requested memory.
              job id: 7019476
         exit status: 0
            cpu time: 5.9h / 150.0h (3 %)
        elapsed time: 3.3h / 10.0h (33 %)
      virtual memory: 3.3G / 30.0G (10 %)

Job completed successfully
WARNING: Job only used 33% of its requested walltime.
WARNING: Job only used 3% of its requested cpu time.
WARNING: Job only used 10% of its requested memory.
              job id: 7019477
         exit status: 0
            cpu time: 5.5h / 150.0h (3 %)
        elapsed time: 3.1h / 10.0h (31 %)
      virtual memory: 3.1G / 30.0G (10 %)

Job completed successfully
WARNING: Job only used 31% of its requested walltime.
WARNING: Job only used 3% of its requested cpu time.
WARNING: Job only used 10% of its requested memory.
