              job id: 7019344
         exit status: 0
            cpu time: 3.8h / 20.0h (18 %)
        elapsed time: 2.0h / 10.0h (20 %)
      virtual memory: 1.4G / 4.0G (34 %)

Job completed successfully
WARNING: Job only used 20% of its requested walltime.
WARNING: Job only used 18% of its requested cpu time.
WARNING: Job only used 34% of its requested memory.
              job id: 7019343
         exit status: 0
            cpu time: 4.0h / 20.0h (19 %)
        elapsed time: 2.0h / 10.0h (20 %)
      virtual memory: 1.4G / 4.0G (34 %)

Job completed successfully
WARNING: Job only used 20% of its requested walltime.
WARNING: Job only used 19% of its requested cpu time.
WARNING: Job only used 34% of its requested memory.
              job id: 7019342
         exit status: 0
            cpu time: 4.1h / 20.0h (20 %)
        elapsed time: 2.3h / 10.0h (23 %)
      virtual memory: 1.4G / 4.0G (34 %)

Job completed successfully
WARNING: Job only used 23% of its requested walltime.
WARNING: Job only used 20% of its requested cpu time.
WARNING: Job only used 34% of its requested memory.
              job id: 7019345
         exit status: 0
            cpu time: 4.3h / 20.0h (21 %)
        elapsed time: 2.3h / 10.0h (23 %)
      virtual memory: 1.4G / 4.0G (34 %)

Job completed successfully
WARNING: Job only used 23% of its requested walltime.
WARNING: Job only used 21% of its requested cpu time.
WARNING: Job only used 34% of its requested memory.
              job id: 7019339
         exit status: 0
            cpu time: 4.8h / 20.0h (23 %)
        elapsed time: 2.6h / 10.0h (26 %)
      virtual memory: 1.3G / 4.0G (33 %)

Job completed successfully
WARNING: Job only used 26% of its requested walltime.
WARNING: Job only used 23% of its requested cpu time.
WARNING: Job only used 33% of its requested memory.
              job id: 7019338
         exit status: 0
            cpu time: 5.1h / 20.0h (25 %)
        elapsed time: 2.8h / 10.0h (27 %)
      virtual memory: 1.4G / 4.0G (34 %)

Job completed successfully
WARNING: Job only used 27% of its requested walltime.
WARNING: Job only used 25% of its requested cpu time.
WARNING: Job only used 34% of its requested memory.
              job id: 7019340
         exit status: 0
            cpu time: 5.6h / 20.0h (27 %)
        elapsed time: 3.0h / 10.0h (30 %)
      virtual memory: 1.4G / 4.0G (34 %)

Job completed successfully
WARNING: Job only used 30% of its requested walltime.
WARNING: Job only used 27% of its requested cpu time.
WARNING: Job only used 34% of its requested memory.
              job id: 7019341
         exit status: 0
            cpu time: 5.8h / 20.0h (28 %)
        elapsed time: 3.2h / 10.0h (31 %)
      virtual memory: 1.3G / 4.0G (33 %)

Job completed successfully
WARNING: Job only used 31% of its requested walltime.
WARNING: Job only used 28% of its requested cpu time.
WARNING: Job only used 33% of its requested memory.
              job id: 7019347
         exit status: 0
            cpu time: 3.9h / 20.0h (19 %)
        elapsed time: 2.0h / 10.0h (20 %)
      virtual memory: 1.4G / 4.0G (34 %)

Job completed successfully
WARNING: Job only used 20% of its requested walltime.
WARNING: Job only used 19% of its requested cpu time.
WARNING: Job only used 34% of its requested memory.
              job id: 7019346
         exit status: 0
            cpu time: 3.8h / 20.0h (18 %)
        elapsed time: 2.0h / 10.0h (20 %)
      virtual memory: 1.3G / 4.0G (33 %)

Job completed successfully
WARNING: Job only used 20% of its requested walltime.
WARNING: Job only used 18% of its requested cpu time.
WARNING: Job only used 33% of its requested memory.
