              job id: 7019438
         exit status: 0
            cpu time: 4.8h / 120.0h (4 %)
        elapsed time: 2.5h / 10.0h (25 %)
      virtual memory: 2.6G / 24.0G (10 %)

Job completed successfully
WARNING: Job only used 25% of its requested walltime.
WARNING: Job only used 4% of its requested cpu time.
WARNING: Job only used 10% of its requested memory.
              job id: 7019439
         exit status: 0
            cpu time: 4.8h / 120.0h (4 %)
        elapsed time: 2.6h / 10.0h (25 %)
      virtual memory: 2.7G / 24.0G (11 %)

Job completed successfully
WARNING: Job only used 25% of its requested walltime.
WARNING: Job only used 4% of its requested cpu time.
WARNING: Job only used 11% of its requested memory.
              job id: 7019440
         exit status: 0
            cpu time: 5.1h / 120.0h (4 %)
        elapsed time: 2.9h / 10.0h (28 %)
      virtual memory: 2.7G / 24.0G (11 %)

Job completed successfully
WARNING: Job only used 28% of its requested walltime.
WARNING: Job only used 4% of its requested cpu time.
WARNING: Job only used 11% of its requested memory.
              job id: 7019441
         exit status: 0
            cpu time: 4.3h / 120.0h (3 %)
        elapsed time: 2.2h / 10.0h (21 %)
      virtual memory: 3.2G / 24.0G (13 %)

Job completed successfully
WARNING: Job only used 21% of its requested walltime.
WARNING: Job only used 3% of its requested cpu time.
WARNING: Job only used 13% of its requested memory.
              job id: 7019442
         exit status: 0
            cpu time: 4.6h / 120.0h (3 %)
        elapsed time: 2.4h / 10.0h (24 %)
      virtual memory: 2.9G / 24.0G (11 %)

Job completed successfully
WARNING: Job only used 24% of its requested walltime.
WARNING: Job only used 3% of its requested cpu time.
WARNING: Job only used 11% of its requested memory.
              job id: 7019443
         exit status: 0
            cpu time: 5.2h / 120.0h (4 %)
        elapsed time: 2.8h / 10.0h (28 %)
      virtual memory: 2.7G / 24.0G (11 %)

Job completed successfully
WARNING: Job only used 28% of its requested walltime.
WARNING: Job only used 4% of its requested cpu time.
WARNING: Job only used 11% of its requested memory.
              job id: 7019444
         exit status: 0
            cpu time: 4.7h / 120.0h (3 %)
        elapsed time: 2.5h / 10.0h (24 %)
      virtual memory: 2.7G / 24.0G (11 %)

Job completed successfully
WARNING: Job only used 24% of its requested walltime.
WARNING: Job only used 3% of its requested cpu time.
WARNING: Job only used 11% of its requested memory.
              job id: 7019445
         exit status: 0
            cpu time: 5.0h / 120.0h (4 %)
        elapsed time: 2.7h / 10.0h (27 %)
      virtual memory: 2.7G / 24.0G (11 %)

Job completed successfully
WARNING: Job only used 27% of its requested walltime.
WARNING: Job only used 4% of its requested cpu time.
WARNING: Job only used 11% of its requested memory.
              job id: 7019446
         exit status: 0
            cpu time: 5.1h / 120.0h (4 %)
        elapsed time: 2.8h / 10.0h (27 %)
      virtual memory: 2.7G / 24.0G (11 %)

Job completed successfully
WARNING: Job only used 27% of its requested walltime.
WARNING: Job only used 4% of its requested cpu time.
WARNING: Job only used 11% of its requested memory.
              job id: 7019447
         exit status: 0
            cpu time: 5.0h / 120.0h (4 %)
        elapsed time: 2.7h / 10.0h (27 %)
      virtual memory: 2.7G / 24.0G (11 %)

Job completed successfully
WARNING: Job only used 27% of its requested walltime.
WARNING: Job only used 4% of its requested cpu time.
WARNING: Job only used 11% of its requested memory.
