              job id: 7019448
         exit status: 0
            cpu time: 5.1h / 130.0h (3 %)
        elapsed time: 3.1h / 10.0h (30 %)
      virtual memory: 2.9G / 26.0G (11 %)

Job completed successfully
WARNING: Job only used 30% of its requested walltime.
WARNING: Job only used 3% of its requested cpu time.
WARNING: Job only used 11% of its requested memory.
              job id: 7019449
         exit status: 0
            cpu time: 5.2h / 130.0h (4 %)
        elapsed time: 3.3h / 10.0h (33 %)
      virtual memory: 3.1G / 26.0G (11 %)

Job completed successfully
WARNING: Job only used 33% of its requested walltime.
WARNING: Job only used 4% of its requested cpu time.
WARNING: Job only used 11% of its requested memory.
              job id: 7019450
         exit status: 0
            cpu time: 4.7h / 130.0h (3 %)
        elapsed time: 2.8h / 10.0h (27 %)
      virtual memory: 2.9G / 26.0G (11 %)

Job completed successfully
WARNING: Job only used 27% of its requested walltime.
WARNING: Job only used 3% of its requested cpu time.
WARNING: Job only used 11% of its requested memory.
              job id: 7019452
         exit status: 0
            cpu time: 4.9h / 130.0h (3 %)
        elapsed time: 3.0h / 10.0h (30 %)
      virtual memory: 2.9G / 26.0G (11 %)

Job completed successfully
WARNING: Job only used 30% of its requested walltime.
WARNING: Job only used 3% of its requested cpu time.
WARNING: Job only used 11% of its requested memory.
              job id: 7019451
         exit status: 0
            cpu time: 5.3h / 130.0h (4 %)
        elapsed time: 3.3h / 10.0h (33 %)
      virtual memory: 3.1G / 26.0G (12 %)

Job completed successfully
WARNING: Job only used 33% of its requested walltime.
WARNING: Job only used 4% of its requested cpu time.
WARNING: Job only used 12% of its requested memory.
              job id: 7019453
         exit status: 0
            cpu time: 5.2h / 130.0h (3 %)
        elapsed time: 3.1h / 10.0h (31 %)
      virtual memory: 2.9G / 26.0G (11 %)

Job completed successfully
WARNING: Job only used 31% of its requested walltime.
WARNING: Job only used 3% of its requested cpu time.
WARNING: Job only used 11% of its requested memory.
              job id: 7019454
         exit status: 0
            cpu time: 5.2h / 130.0h (3 %)
        elapsed time: 3.3h / 10.0h (32 %)
      virtual memory: 3.0G / 26.0G (11 %)

Job completed successfully
WARNING: Job only used 32% of its requested walltime.
WARNING: Job only used 3% of its requested cpu time.
WARNING: Job only used 11% of its requested memory.
              job id: 7019457
         exit status: 0
            cpu time: 4.7h / 130.0h (3 %)
        elapsed time: 2.7h / 10.0h (26 %)
      virtual memory: 2.9G / 26.0G (11 %)

Job completed successfully
WARNING: Job only used 26% of its requested walltime.
WARNING: Job only used 3% of its requested cpu time.
WARNING: Job only used 11% of its requested memory.
              job id: 7019455
         exit status: 0
            cpu time: 5.6h / 130.0h (4 %)
        elapsed time: 3.6h / 10.0h (35 %)
      virtual memory: 3.1G / 26.0G (12 %)

Job completed successfully
WARNING: Job only used 35% of its requested walltime.
WARNING: Job only used 4% of its requested cpu time.
WARNING: Job only used 12% of its requested memory.
              job id: 7019456
         exit status: 0
            cpu time: 5.5h / 130.0h (4 %)
        elapsed time: 3.5h / 10.0h (34 %)
      virtual memory: 2.9G / 26.0G (11 %)

Job completed successfully
WARNING: Job only used 34% of its requested walltime.
WARNING: Job only used 4% of its requested cpu time.
WARNING: Job only used 11% of its requested memory.
