              job id: 7019419
         exit status: 0
            cpu time: 4.9h / 100.0h (4 %)
        elapsed time: 2.5h / 10.0h (24 %)
      virtual memory: 2.6G / 20.0G (12 %)

Job completed successfully
WARNING: Job only used 24% of its requested walltime.
WARNING: Job only used 4% of its requested cpu time.
WARNING: Job only used 12% of its requested memory.
              job id: 7019418
         exit status: 0
            cpu time: 6.1h / 100.0h (6 %)
        elapsed time: 3.0h / 10.0h (29 %)
      virtual memory: 2.5G / 20.0G (12 %)

Job completed successfully
WARNING: Job only used 29% of its requested walltime.
WARNING: Job only used 6% of its requested cpu time.
WARNING: Job only used 12% of its requested memory.
              job id: 7019420
         exit status: 0
            cpu time: 5.5h / 100.0h (5 %)
        elapsed time: 2.6h / 10.0h (26 %)
      virtual memory: 2.4G / 20.0G (12 %)

Job completed successfully
WARNING: Job only used 26% of its requested walltime.
WARNING: Job only used 5% of its requested cpu time.
WARNING: Job only used 12% of its requested memory.
              job id: 7019421
         exit status: 0
            cpu time: 5.5h / 100.0h (5 %)
        elapsed time: 2.7h / 10.0h (26 %)
      virtual memory: 2.9G / 20.0G (14 %)

Job completed successfully
WARNING: Job only used 26% of its requested walltime.
WARNING: Job only used 5% of its requested cpu time.
WARNING: Job only used 14% of its requested memory.
              job id: 7019424
         exit status: 0
            cpu time: 5.2h / 100.0h (5 %)
        elapsed time: 2.4h / 10.0h (23 %)
      virtual memory: 2.6G / 20.0G (12 %)

Job completed successfully
WARNING: Job only used 23% of its requested walltime.
WARNING: Job only used 5% of its requested cpu time.
WARNING: Job only used 12% of its requested memory.
              job id: 7019422
         exit status: 0
            cpu time: 5.8h / 100.0h (5 %)
        elapsed time: 2.8h / 10.0h (28 %)
      virtual memory: 2.5G / 20.0G (12 %)

Job completed successfully
WARNING: Job only used 28% of its requested walltime.
WARNING: Job only used 5% of its requested cpu time.
WARNING: Job only used 12% of its requested memory.
              job id: 7019423
         exit status: 0
            cpu time: 5.3h / 100.0h (5 %)
        elapsed time: 2.5h / 10.0h (25 %)
      virtual memory: 2.5G / 20.0G (12 %)

Job completed successfully
WARNING: Job only used 25% of its requested walltime.
WARNING: Job only used 5% of its requested cpu time.
WARNING: Job only used 12% of its requested memory.
              job id: 7019425
         exit status: 0
            cpu time: 5.3h / 100.0h (5 %)
        elapsed time: 2.5h / 10.0h (25 %)
      virtual memory: 2.5G / 20.0G (12 %)

Job completed successfully
WARNING: Job only used 25% of its requested walltime.
WARNING: Job only used 5% of its requested cpu time.
WARNING: Job only used 12% of its requested memory.
              job id: 7019426
         exit status: 0
            cpu time: 5.9h / 100.0h (5 %)
        elapsed time: 2.9h / 10.0h (28 %)
      virtual memory: 2.5G / 20.0G (12 %)

Job completed successfully
WARNING: Job only used 28% of its requested walltime.
WARNING: Job only used 5% of its requested cpu time.
WARNING: Job only used 12% of its requested memory.
              job id: 7019427
         exit status: 0
            cpu time: 5.9h / 100.0h (5 %)
        elapsed time: 2.9h / 10.0h (29 %)
      virtual memory: 2.4G / 20.0G (12 %)

Job completed successfully
WARNING: Job only used 29% of its requested walltime.
WARNING: Job only used 5% of its requested cpu time.
WARNING: Job only used 12% of its requested memory.
