              job id: 7019348
         exit status: 0
            cpu time: 6.1h / 30.0h (20 %)
        elapsed time: 6.1h / 10.0h (60 %)
      virtual memory: 1.4G / 6.0G (22 %)

Job completed successfully
WARNING: Job only used 60% of its requested walltime.
WARNING: Job only used 20% of its requested cpu time.
WARNING: Job only used 22% of its requested memory.
              job id: 7019349
         exit status: 0
            cpu time: 5.6h / 30.0h (18 %)
        elapsed time: 5.6h / 10.0h (55 %)
      virtual memory: 1.4G / 6.0G (22 %)

Job completed successfully
WARNING: Job only used 55% of its requested walltime.
WARNING: Job only used 18% of its requested cpu time.
WARNING: Job only used 22% of its requested memory.
              job id: 7019350
         exit status: 0
            cpu time: 6.5h / 30.0h (21 %)
        elapsed time: 6.4h / 10.0h (64 %)
      virtual memory: 1.4G / 6.0G (22 %)

Job completed successfully
WARNING: Job only used 64% of its requested walltime.
WARNING: Job only used 21% of its requested cpu time.
WARNING: Job only used 22% of its requested memory.
              job id: 7019351
         exit status: 0
            cpu time: 6.1h / 30.0h (20 %)
        elapsed time: 6.1h / 10.0h (60 %)
      virtual memory: 1.4G / 6.0G (22 %)

Job completed successfully
WARNING: Job only used 60% of its requested walltime.
WARNING: Job only used 20% of its requested cpu time.
WARNING: Job only used 22% of its requested memory.
              job id: 7019352
         exit status: 0
            cpu time: 7.2h / 30.0h (23 %)
        elapsed time: 7.1h / 10.0h (71 %)
      virtual memory: 1.4G / 6.0G (22 %)

Job completed successfully
WARNING: Job only used 71% of its requested walltime.
WARNING: Job only used 23% of its requested cpu time.
WARNING: Job only used 22% of its requested memory.
              job id: 7019353
         exit status: 0
            cpu time: 7.7h / 30.0h (25 %)
        elapsed time: 7.7h / 10.0h (76 %)
      virtual memory: 1.4G / 6.0G (22 %)

Job completed successfully
WARNING: Job only used 76% of its requested walltime.
WARNING: Job only used 25% of its requested cpu time.
WARNING: Job only used 22% of its requested memory.
              job id: 7019354
         exit status: 0
            cpu time: 5.4h / 30.0h (18 %)
        elapsed time: 5.4h / 10.0h (53 %)
      virtual memory: 1.4G / 6.0G (22 %)

Job completed successfully
WARNING: Job only used 53% of its requested walltime.
WARNING: Job only used 18% of its requested cpu time.
WARNING: Job only used 22% of its requested memory.
              job id: 7019355
         exit status: 0
            cpu time: 6.3h / 30.0h (20 %)
        elapsed time: 6.2h / 10.0h (62 %)
      virtual memory: 1.4G / 6.0G (22 %)

Job completed successfully
WARNING: Job only used 62% of its requested walltime.
WARNING: Job only used 20% of its requested cpu time.
WARNING: Job only used 22% of its requested memory.
              job id: 7019356
         exit status: 0
            cpu time: 6.1h / 30.0h (20 %)
        elapsed time: 6.0h / 10.0h (60 %)
      virtual memory: 1.4G / 6.0G (22 %)

Job completed successfully
WARNING: Job only used 60% of its requested walltime.
WARNING: Job only used 20% of its requested cpu time.
WARNING: Job only used 22% of its requested memory.
              job id: 7019357
         exit status: 0
            cpu time: 6.5h / 30.0h (21 %)
        elapsed time: 6.5h / 10.0h (64 %)
      virtual memory: 1.4G / 6.0G (23 %)

Job completed successfully
WARNING: Job only used 64% of its requested walltime.
WARNING: Job only used 21% of its requested cpu time.
WARNING: Job only used 23% of its requested memory.
