              job id: 7019458
         exit status: 0
            cpu time: 4.8h / 140.0h (3 %)
        elapsed time: 2.0h / 10.0h (19 %)
      virtual memory: 3.1G / 28.0G (11 %)

Job completed successfully
WARNING: Job only used 19% of its requested walltime.
WARNING: Job only used 3% of its requested cpu time.
WARNING: Job only used 11% of its requested memory.
              job id: 7019459
         exit status: 0
            cpu time: 4.1h / 140.0h (2 %)
        elapsed time: 1.8h / 10.0h (17 %)
      virtual memory: 3.3G / 28.0G (11 %)

Job completed successfully
WARNING: Job only used 17% of its requested walltime.
WARNING: Job only used 2% of its requested cpu time.
WARNING: Job only used 11% of its requested memory.
              job id: 7019461
         exit status: 0
            cpu time: 5.3h / 140.0h (3 %)
        elapsed time: 2.3h / 10.0h (22 %)
      virtual memory: 3.3G / 28.0G (11 %)

Job completed successfully
WARNING: Job only used 22% of its requested walltime.
WARNING: Job only used 3% of its requested cpu time.
WARNING: Job only used 11% of its requested memory.
              job id: 7019460
         exit status: 0
            cpu time: 5.3h / 140.0h (3 %)
        elapsed time: 2.4h / 10.0h (23 %)
      virtual memory: 3.1G / 28.0G (11 %)

Job completed successfully
WARNING: Job only used 23% of its requested walltime.
WARNING: Job only used 3% of its requested cpu time.
WARNING: Job only used 11% of its requested memory.
              job id: 7019462
         exit status: 0
            cpu time: 4.4h / 140.0h (3 %)
        elapsed time: 1.8h / 10.0h (18 %)
      virtual memory: 3.1G / 28.0G (11 %)

Job completed successfully
WARNING: Job only used 18% of its requested walltime.
WARNING: Job only used 3% of its requested cpu time.
WARNING: Job only used 11% of its requested memory.
              job id: 7019463
         exit status: 0
            cpu time: 5.3h / 140.0h (3 %)
        elapsed time: 2.3h / 10.0h (22 %)
      virtual memory: 3.1G / 28.0G (11 %)

Job completed successfully
WARNING: Job only used 22% of its requested walltime.
WARNING: Job only used 3% of its requested cpu time.
WARNING: Job only used 11% of its requested memory.
              job id: 7019465
         exit status: 0
            cpu time: 4.1h / 140.0h (2 %)
        elapsed time: 1.7h / 10.0h (17 %)
      virtual memory: 3.1G / 28.0G (11 %)

Job completed successfully
WARNING: Job only used 17% of its requested walltime.
WARNING: Job only used 2% of its requested cpu time.
WARNING: Job only used 11% of its requested memory.
              job id: 7019464
         exit status: 0
            cpu time: 5.5h / 140.0h (3 %)
        elapsed time: 2.4h / 10.0h (24 %)
      virtual memory: 3.3G / 28.0G (11 %)

Job completed successfully
WARNING: Job only used 24% of its requested walltime.
WARNING: Job only used 3% of its requested cpu time.
WARNING: Job only used 11% of its requested memory.
              job id: 7019467
         exit status: 0
            cpu time: 4.6h / 140.0h (3 %)
        elapsed time: 1.9h / 10.0h (18 %)
      virtual memory: 3.2G / 28.0G (11 %)

Job completed successfully
WARNING: Job only used 18% of its requested walltime.
WARNING: Job only used 3% of its requested cpu time.
WARNING: Job only used 11% of its requested memory.
              job id: 7019466
         exit status: 0
            cpu time: 4.7h / 140.0h (3 %)
        elapsed time: 2.0h / 10.0h (19 %)
      virtual memory: 3.2G / 28.0G (11 %)

Job completed successfully
WARNING: Job only used 19% of its requested walltime.
WARNING: Job only used 3% of its requested cpu time.
WARNING: Job only used 11% of its requested memory.
