              job id: 7019378
         exit status: 0
            cpu time: 4.3h / 60.0h (7 %)
        elapsed time: 2.5h / 10.0h (24 %)
      virtual memory: 1.8G / 12.0G (15 %)

Job completed successfully
WARNING: Job only used 24% of its requested walltime.
WARNING: Job only used 7% of its requested cpu time.
WARNING: Job only used 15% of its requested memory.
              job id: 7019381
         exit status: 0
            cpu time: 4.9h / 60.0h (8 %)
        elapsed time: 2.9h / 10.0h (29 %)
      virtual memory: 1.8G / 12.0G (14 %)

Job completed successfully
WARNING: Job only used 29% of its requested walltime.
WARNING: Job only used 8% of its requested cpu time.
WARNING: Job only used 14% of its requested memory.
              job id: 7019379
         exit status: 0
            cpu time: 5.0h / 60.0h (8 %)
        elapsed time: 3.1h / 10.0h (31 %)
      virtual memory: 1.8G / 12.0G (15 %)

Job completed successfully
WARNING: Job only used 31% of its requested walltime.
WARNING: Job only used 8% of its requested cpu time.
WARNING: Job only used 15% of its requested memory.
              job id: 7019383
         exit status: 0
            cpu time: 4.6h / 60.0h (7 %)
        elapsed time: 2.7h / 10.0h (26 %)
      virtual memory: 1.8G / 12.0G (14 %)

Job completed successfully
WARNING: Job only used 26% of its requested walltime.
WARNING: Job only used 7% of its requested cpu time.
WARNING: Job only used 14% of its requested memory.
              job id: 7019380
         exit status: 0
            cpu time: 5.5h / 60.0h (9 %)
        elapsed time: 3.3h / 10.0h (33 %)
      virtual memory: 1.8G / 12.0G (15 %)

Job completed successfully
WARNING: Job only used 33% of its requested walltime.
WARNING: Job only used 9% of its requested cpu time.
WARNING: Job only used 15% of its requested memory.
              job id: 7019382
         exit status: 0
            cpu time: 5.1h / 60.0h (8 %)
        elapsed time: 3.1h / 10.0h (31 %)
      virtual memory: 1.8G / 12.0G (14 %)

Job completed successfully
WARNING: Job only used 31% of its requested walltime.
WARNING: Job only used 8% of its requested cpu time.
WARNING: Job only used 14% of its requested memory.
              job id: 7019385
         exit status: 0
            cpu time: 5.1h / 60.0h (8 %)
        elapsed time: 3.0h / 10.0h (30 %)
      virtual memory: 1.8G / 12.0G (14 %)

Job completed successfully
WARNING: Job only used 30% of its requested walltime.
WARNING: Job only used 8% of its requested cpu time.
WARNING: Job only used 14% of its requested memory.
              job id: 7019384
         exit status: 0
            cpu time: 5.4h / 60.0h (9 %)
        elapsed time: 3.3h / 10.0h (33 %)
      virtual memory: 1.8G / 12.0G (14 %)

Job completed successfully
WARNING: Job only used 33% of its requested walltime.
WARNING: Job only used 9% of its requested cpu time.
WARNING: Job only used 14% of its requested memory.
              job id: 7019387
         exit status: 0
            cpu time: 4.9h / 60.0h (8 %)
        elapsed time: 2.9h / 10.0h (28 %)
      virtual memory: 1.8G / 12.0G (14 %)

Job completed successfully
WARNING: Job only used 28% of its requested walltime.
WARNING: Job only used 8% of its requested cpu time.
WARNING: Job only used 14% of its requested memory.
              job id: 7019386
         exit status: 0
            cpu time: 5.2h / 60.0h (8 %)
        elapsed time: 3.1h / 10.0h (31 %)
      virtual memory: 2.4G / 12.0G (19 %)

Job completed successfully
WARNING: Job only used 31% of its requested walltime.
WARNING: Job only used 8% of its requested cpu time.
WARNING: Job only used 19% of its requested memory.
