              job id: 7019428
         exit status: 0
            cpu time: 5.0h / 110.0h (4 %)
        elapsed time: 3.6h / 10.0h (35 %)
      virtual memory: 2.6G / 22.0G (11 %)

Job completed successfully
WARNING: Job only used 35% of its requested walltime.
WARNING: Job only used 4% of its requested cpu time.
WARNING: Job only used 11% of its requested memory.
              job id: 7019430
         exit status: 0
            cpu time: 5.3h / 110.0h (4 %)
        elapsed time: 3.7h / 10.0h (37 %)
      virtual memory: 2.8G / 22.0G (12 %)

Job completed successfully
WARNING: Job only used 37% of its requested walltime.
WARNING: Job only used 4% of its requested cpu time.
WARNING: Job only used 12% of its requested memory.
              job id: 7019429
         exit status: 0
            cpu time: 5.9h / 110.0h (5 %)
        elapsed time: 4.5h / 10.0h (44 %)
      virtual memory: 2.7G / 22.0G (12 %)

Job completed successfully
WARNING: Job only used 44% of its requested walltime.
WARNING: Job only used 5% of its requested cpu time.
WARNING: Job only used 12% of its requested memory.
              job id: 7019431
         exit status: 0
            cpu time: 5.3h / 110.0h (4 %)
        elapsed time: 3.9h / 10.0h (39 %)
      virtual memory: 2.8G / 22.0G (12 %)

Job completed successfully
WARNING: Job only used 39% of its requested walltime.
WARNING: Job only used 4% of its requested cpu time.
WARNING: Job only used 12% of its requested memory.
              job id: 7019432
         exit status: 0
            cpu time: 5.4h / 110.0h (4 %)
        elapsed time: 4.0h / 10.0h (39 %)
      virtual memory: 2.7G / 22.0G (12 %)

Job completed successfully
WARNING: Job only used 39% of its requested walltime.
WARNING: Job only used 4% of its requested cpu time.
WARNING: Job only used 12% of its requested memory.
              job id: 7019433
         exit status: 0
            cpu time: 5.2h / 110.0h (4 %)
        elapsed time: 3.8h / 10.0h (37 %)
      virtual memory: 2.7G / 22.0G (12 %)

Job completed successfully
WARNING: Job only used 37% of its requested walltime.
WARNING: Job only used 4% of its requested cpu time.
WARNING: Job only used 12% of its requested memory.
              job id: 7019434
         exit status: 0
            cpu time: 4.9h / 110.0h (4 %)
        elapsed time: 3.5h / 10.0h (35 %)
      virtual memory: 2.6G / 22.0G (11 %)

Job completed successfully
WARNING: Job only used 35% of its requested walltime.
WARNING: Job only used 4% of its requested cpu time.
WARNING: Job only used 11% of its requested memory.
              job id: 7019435
         exit status: 0
            cpu time: 5.1h / 110.0h (4 %)
        elapsed time: 3.6h / 10.0h (36 %)
      virtual memory: 2.6G / 22.0G (11 %)

Job completed successfully
WARNING: Job only used 36% of its requested walltime.
WARNING: Job only used 4% of its requested cpu time.
WARNING: Job only used 11% of its requested memory.
              job id: 7019436
         exit status: 0
            cpu time: 5.7h / 110.0h (5 %)
        elapsed time: 4.3h / 10.0h (42 %)
      virtual memory: 2.5G / 22.0G (11 %)

Job completed successfully
WARNING: Job only used 42% of its requested walltime.
WARNING: Job only used 5% of its requested cpu time.
WARNING: Job only used 11% of its requested memory.
              job id: 7019437
         exit status: 0
            cpu time: 5.7h / 110.0h (5 %)
        elapsed time: 4.3h / 10.0h (43 %)
      virtual memory: 2.8G / 22.0G (12 %)

Job completed successfully
WARNING: Job only used 43% of its requested walltime.
WARNING: Job only used 5% of its requested cpu time.
WARNING: Job only used 12% of its requested memory.
