              job id: 7019479
         exit status: 0
            cpu time: 4.5h / 160.0h (2 %)
        elapsed time: 1.7h / 10.0h (17 %)
      virtual memory: 3.4G / 32.0G (10 %)

Job completed successfully
WARNING: Job only used 17% of its requested walltime.
WARNING: Job only used 2% of its requested cpu time.
WARNING: Job only used 10% of its requested memory.
              job id: 7019478
         exit status: 0
            cpu time: 5.3h / 160.0h (3 %)
        elapsed time: 2.3h / 10.0h (22 %)
      virtual memory: 3.6G / 32.0G (11 %)

Job completed successfully
WARNING: Job only used 22% of its requested walltime.
WARNING: Job only used 3% of its requested cpu time.
WARNING: Job only used 11% of its requested memory.
              job id: 7019480
         exit status: 0
            cpu time: 5.1h / 160.0h (3 %)
        elapsed time: 2.2h / 10.0h (21 %)
      virtual memory: 3.3G / 32.0G (10 %)

Job completed successfully
WARNING: Job only used 21% of its requested walltime.
WARNING: Job only used 3% of its requested cpu time.
WARNING: Job only used 10% of its requested memory.
              job id: 7019483
         exit status: 0
            cpu time: 4.5h / 160.0h (2 %)
        elapsed time: 1.8h / 10.0h (17 %)
      virtual memory: 3.6G / 32.0G (11 %)

Job completed successfully
WARNING: Job only used 17% of its requested walltime.
WARNING: Job only used 2% of its requested cpu time.
WARNING: Job only used 11% of its requested memory.
              job id: 7019482
         exit status: 0
            cpu time: 5.3h / 160.0h (3 %)
        elapsed time: 2.2h / 10.0h (22 %)
      virtual memory: 3.6G / 32.0G (11 %)

Job completed successfully
WARNING: Job only used 22% of its requested walltime.
WARNING: Job only used 3% of its requested cpu time.
WARNING: Job only used 11% of its requested memory.
              job id: 7019484
         exit status: 0
            cpu time: 5.5h / 160.0h (3 %)
        elapsed time: 2.3h / 10.0h (22 %)
      virtual memory: 3.5G / 32.0G (11 %)

Job completed successfully
WARNING: Job only used 22% of its requested walltime.
WARNING: Job only used 3% of its requested cpu time.
WARNING: Job only used 11% of its requested memory.
              job id: 7019481
         exit status: 0
            cpu time: 5.0h / 160.0h (3 %)
        elapsed time: 2.1h / 10.0h (20 %)
      virtual memory: 3.3G / 32.0G (10 %)

Job completed successfully
WARNING: Job only used 20% of its requested walltime.
WARNING: Job only used 3% of its requested cpu time.
WARNING: Job only used 10% of its requested memory.
              job id: 7019486
         exit status: 0
            cpu time: 4.5h / 160.0h (2 %)
        elapsed time: 1.8h / 10.0h (17 %)
      virtual memory: 3.5G / 32.0G (10 %)

Job completed successfully
WARNING: Job only used 17% of its requested walltime.
WARNING: Job only used 2% of its requested cpu time.
WARNING: Job only used 10% of its requested memory.
              job id: 7019487
         exit status: 0
            cpu time: 5.2h / 160.0h (3 %)
        elapsed time: 2.2h / 10.0h (21 %)
      virtual memory: 3.4G / 32.0G (10 %)

Job completed successfully
WARNING: Job only used 21% of its requested walltime.
WARNING: Job only used 3% of its requested cpu time.
WARNING: Job only used 10% of its requested memory.
              job id: 7019485
         exit status: 0
            cpu time: 5.6h / 160.0h (3 %)
        elapsed time: 2.3h / 10.0h (23 %)
      virtual memory: 3.4G / 32.0G (10 %)

Job completed successfully
WARNING: Job only used 23% of its requested walltime.
WARNING: Job only used 3% of its requested cpu time.
WARNING: Job only used 10% of its requested memory.
