              job id: 7019408
         exit status: 0
            cpu time: 4.6h / 90.0h (5 %)
        elapsed time: 3.6h / 10.0h (36 %)
      virtual memory: 2.2G / 18.0G (12 %)

Job completed successfully
WARNING: Job only used 36% of its requested walltime.
WARNING: Job only used 5% of its requested cpu time.
WARNING: Job only used 12% of its requested memory.
              job id: 7019409
         exit status: 0
            cpu time: 5.2h / 90.0h (5 %)
        elapsed time: 4.3h / 10.0h (42 %)
      virtual memory: 2.2G / 18.0G (12 %)

Job completed successfully
WARNING: Job only used 42% of its requested walltime.
WARNING: Job only used 5% of its requested cpu time.
WARNING: Job only used 12% of its requested memory.
              job id: 7019412
         exit status: 0
            cpu time: 4.5h / 90.0h (5 %)
        elapsed time: 3.6h / 10.0h (35 %)
      virtual memory: 2.2G / 18.0G (12 %)

Job completed successfully
WARNING: Job only used 35% of its requested walltime.
WARNING: Job only used 5% of its requested cpu time.
WARNING: Job only used 12% of its requested memory.
              job id: 7019410
         exit status: 0
            cpu time: 5.0h / 90.0h (5 %)
        elapsed time: 4.1h / 10.0h (41 %)
      virtual memory: 2.2G / 18.0G (12 %)

Job completed successfully
WARNING: Job only used 41% of its requested walltime.
WARNING: Job only used 5% of its requested cpu time.
WARNING: Job only used 12% of its requested memory.
              job id: 7019411
         exit status: 0
            cpu time: 4.9h / 90.0h (5 %)
        elapsed time: 3.9h / 10.0h (38 %)
      virtual memory: 2.4G / 18.0G (13 %)

Job completed successfully
WARNING: Job only used 38% of its requested walltime.
WARNING: Job only used 5% of its requested cpu time.
WARNING: Job only used 13% of its requested memory.
              job id: 7019413
         exit status: 0
            cpu time: 5.3h / 90.0h (5 %)
        elapsed time: 4.4h / 10.0h (43 %)
      virtual memory: 2.2G / 18.0G (12 %)

Job completed successfully
WARNING: Job only used 43% of its requested walltime.
WARNING: Job only used 5% of its requested cpu time.
WARNING: Job only used 12% of its requested memory.
              job id: 7019414
         exit status: 0
            cpu time: 4.8h / 90.0h (5 %)
        elapsed time: 3.8h / 10.0h (38 %)
      virtual memory: 2.2G / 18.0G (12 %)

Job completed successfully
WARNING: Job only used 38% of its requested walltime.
WARNING: Job only used 5% of its requested cpu time.
WARNING: Job only used 12% of its requested memory.
              job id: 7019415
         exit status: 0
            cpu time: 4.9h / 90.0h (5 %)
        elapsed time: 4.0h / 10.0h (39 %)
      virtual memory: 2.4G / 18.0G (13 %)

Job completed successfully
WARNING: Job only used 39% of its requested walltime.
WARNING: Job only used 5% of its requested cpu time.
WARNING: Job only used 13% of its requested memory.
              job id: 7019417
         exit status: 0
            cpu time: 4.7h / 90.0h (5 %)
        elapsed time: 3.8h / 10.0h (37 %)
      virtual memory: 2.7G / 18.0G (14 %)

Job completed successfully
WARNING: Job only used 37% of its requested walltime.
WARNING: Job only used 5% of its requested cpu time.
WARNING: Job only used 14% of its requested memory.
              job id: 7019416
         exit status: 0
            cpu time: 5.3h / 90.0h (5 %)
        elapsed time: 4.4h / 10.0h (43 %)
      virtual memory: 2.2G / 18.0G (12 %)

Job completed successfully
WARNING: Job only used 43% of its requested walltime.
WARNING: Job only used 5% of its requested cpu time.
WARNING: Job only used 12% of its requested memory.
