              job id: 7019368
         exit status: 0
            cpu time: 5.2h / 50.0h (10 %)
        elapsed time: 4.8h / 10.0h (47 %)
      virtual memory: 1.8G / 10.0G (17 %)

Job completed successfully
WARNING: Job only used 47% of its requested walltime.
WARNING: Job only used 10% of its requested cpu time.
WARNING: Job only used 17% of its requested memory.
              job id: 7019369
         exit status: 0
            cpu time: 5.5h / 50.0h (10 %)
        elapsed time: 5.0h / 10.0h (50 %)
      virtual memory: 1.8G / 10.0G (17 %)

Job completed successfully
WARNING: Job only used 50% of its requested walltime.
WARNING: Job only used 10% of its requested cpu time.
WARNING: Job only used 17% of its requested memory.
              job id: 7019370
         exit status: 0
            cpu time: 5.6h / 50.0h (11 %)
        elapsed time: 5.2h / 10.0h (51 %)
      virtual memory: 1.8G / 10.0G (17 %)

Job completed successfully
WARNING: Job only used 51% of its requested walltime.
WARNING: Job only used 11% of its requested cpu time.
WARNING: Job only used 17% of its requested memory.
              job id: 7019371
         exit status: 0
            cpu time: 5.4h / 50.0h (10 %)
        elapsed time: 5.0h / 10.0h (49 %)
      virtual memory: 1.7G / 10.0G (17 %)

Job completed successfully
WARNING: Job only used 49% of its requested walltime.
WARNING: Job only used 10% of its requested cpu time.
WARNING: Job only used 17% of its requested memory.
              job id: 7019372
         exit status: 0
            cpu time: 5.2h / 50.0h (10 %)
        elapsed time: 4.7h / 10.0h (47 %)
      virtual memory: 1.7G / 10.0G (17 %)

Job completed successfully
WARNING: Job only used 47% of its requested walltime.
WARNING: Job only used 10% of its requested cpu time.
WARNING: Job only used 17% of its requested memory.
              job id: 7019373
         exit status: 0
            cpu time: 5.3h / 50.0h (10 %)
        elapsed time: 4.9h / 10.0h (48 %)
      virtual memory: 1.9G / 10.0G (19 %)

Job completed successfully
WARNING: Job only used 48% of its requested walltime.
WARNING: Job only used 10% of its requested cpu time.
WARNING: Job only used 19% of its requested memory.
              job id: 7019374
         exit status: 0
            cpu time: 6.2h / 50.0h (12 %)
        elapsed time: 5.8h / 10.0h (57 %)
      virtual memory: 1.7G / 10.0G (17 %)

Job completed successfully
WARNING: Job only used 57% of its requested walltime.
WARNING: Job only used 12% of its requested cpu time.
WARNING: Job only used 17% of its requested memory.
              job id: 7019375
         exit status: 0
            cpu time: 5.7h / 50.0h (11 %)
        elapsed time: 5.3h / 10.0h (52 %)
      virtual memory: 1.7G / 10.0G (17 %)

Job completed successfully
WARNING: Job only used 52% of its requested walltime.
WARNING: Job only used 11% of its requested cpu time.
WARNING: Job only used 17% of its requested memory.
              job id: 7019376
         exit status: 0
            cpu time: 5.5h / 50.0h (11 %)
        elapsed time: 5.1h / 10.0h (50 %)
      virtual memory: 1.8G / 10.0G (17 %)

Job completed successfully
WARNING: Job only used 50% of its requested walltime.
WARNING: Job only used 11% of its requested cpu time.
WARNING: Job only used 17% of its requested memory.
              job id: 7019377
         exit status: 0
            cpu time: 5.7h / 50.0h (11 %)
        elapsed time: 5.3h / 10.0h (53 %)
      virtual memory: 1.8G / 10.0G (17 %)

Job completed successfully
WARNING: Job only used 53% of its requested walltime.
WARNING: Job only used 11% of its requested cpu time.
WARNING: Job only used 17% of its requested memory.
