And(Not(nexusonehtc),
    Not(inhousefilemanager),
    implicitreportssync,
    inhousechatprotocol,
    Not(mysql),
    radiotriangulation)
              job id: 7066549
         exit status: 0
            cpu time: 3s / 600s (0 %)
        elapsed time: 5s / 600s (0 %)

Job completed successfully
WARNING: Job only used 0% of its requested walltime.
WARNING: Job only used 0% of its requested cpu time.
And(Not(nexusonehtc),
    Not(inhousefilemanager),
    implicitreportssync,
    inhousechatprotocol,
    Not(mysql),
    radiotriangulation)
              job id: 7066654
         exit status: 0
            cpu time: 3s / 600s (0 %)
        elapsed time: 4s / 600s (0 %)

Job completed successfully
WARNING: Job only used 0% of its requested walltime.
WARNING: Job only used 0% of its requested cpu time.
