And(Not(nexusonehtc),
    inhousefilemanager,
    Not(openfire),
    gps,
    sqlite,
    Not(implicitreportssync))
              job id: 7066558
         exit status: 0
            cpu time: 3s / 600s (0 %)
        elapsed time: 5s / 600s (0 %)
      virtual memory: 391.0M / 2.0G (19 %)

Job completed successfully
WARNING: Job only used 0% of its requested walltime.
WARNING: Job only used 0% of its requested cpu time.
WARNING: Job only used 19% of its requested memory.
And(Not(nexusonehtc),
    inhousefilemanager,
    Not(openfire),
    gps,
    sqlite,
    Not(implicitreportssync))
              job id: 7066663
         exit status: 0
            cpu time: 3s / 600s (0 %)
        elapsed time: 5s / 600s (0 %)

Job completed successfully
WARNING: Job only used 0% of its requested walltime.
WARNING: Job only used 0% of its requested cpu time.
