And(Not(nexusonehtc),
    Not(inhousefilemanager),
    Not(implicitreportssync),
    Not(inhousechatprotocol),
    gps,
    Not(sqlite))
              job id: 7066538
         exit status: 0
            cpu time: 3s / 600s (0 %)
        elapsed time: 4s / 600s (0 %)
      virtual memory: 378.8M / 2.0G (18 %)

Job completed successfully
WARNING: Job only used 0% of its requested walltime.
WARNING: Job only used 0% of its requested cpu time.
WARNING: Job only used 18% of its requested memory.
And(Not(nexusonehtc),
    Not(inhousefilemanager),
    Not(implicitreportssync),
    Not(inhousechatprotocol),
    gps,
    Not(sqlite))
              job id: 7066643
         exit status: 0
            cpu time: 2s / 600s (0 %)
        elapsed time: 4s / 600s (0 %)

Job completed successfully
WARNING: Job only used 0% of its requested walltime.
WARNING: Job only used 0% of its requested cpu time.
