And(Not(nexusonehtc),
    inhousefilemanager,
    openfire,
    Not(explicitreportssync),
    sqlite,
    Not(radiotriangulation))
              job id: 7066562
         exit status: 0
            cpu time: 3s / 600s (0 %)
        elapsed time: 4s / 600s (0 %)

Job completed successfully
WARNING: Job only used 0% of its requested walltime.
WARNING: Job only used 0% of its requested cpu time.
And(Not(nexusonehtc),
    inhousefilemanager,
    openfire,
    Not(explicitreportssync),
    sqlite,
    Not(radiotriangulation))
              job id: 7066667
         exit status: 0
            cpu time: 3s / 600s (0 %)
        elapsed time: 5s / 600s (0 %)

Job completed successfully
WARNING: Job only used 0% of its requested walltime.
WARNING: Job only used 0% of its requested cpu time.
