              job id: 7017479
         exit status: 0
            cpu time: 17.9h / 40.0h (44 %)
        elapsed time: 2.0h / 4.0h (49 %)
      virtual memory: 3.9G / 20.0G (19 %)

Job completed successfully
WARNING: Job only used 49% of its requested walltime.
WARNING: Job only used 44% of its requested cpu time.
WARNING: Job only used 19% of its requested memory.
              job id: 7017478
         exit status: 0
            cpu time: 17.7h / 40.0h (44 %)
        elapsed time: 2.0h / 4.0h (50 %)
      virtual memory: 3.9G / 20.0G (19 %)

Job completed successfully
WARNING: Job only used 50% of its requested walltime.
WARNING: Job only used 44% of its requested cpu time.
WARNING: Job only used 19% of its requested memory.
              job id: 7017480
         exit status: 0
            cpu time: 16.6h / 40.0h (41 %)
        elapsed time: 1.8h / 4.0h (43 %)
      virtual memory: 3.8G / 20.0G (19 %)

Job completed successfully
WARNING: Job only used 43% of its requested walltime.
WARNING: Job only used 41% of its requested cpu time.
WARNING: Job only used 19% of its requested memory.
              job id: 7017481
         exit status: 0
            cpu time: 17.5h / 40.0h (43 %)
        elapsed time: 2.0h / 4.0h (49 %)
      virtual memory: 3.8G / 20.0G (19 %)

Job completed successfully
WARNING: Job only used 49% of its requested walltime.
WARNING: Job only used 43% of its requested cpu time.
WARNING: Job only used 19% of its requested memory.
              job id: 7017482
         exit status: 0
            cpu time: 17.0h / 40.0h (42 %)
        elapsed time: 1.9h / 4.0h (48 %)
      virtual memory: 3.8G / 20.0G (19 %)

Job completed successfully
WARNING: Job only used 48% of its requested walltime.
WARNING: Job only used 42% of its requested cpu time.
WARNING: Job only used 19% of its requested memory.
              job id: 7017483
         exit status: 0
            cpu time: 17.0h / 40.0h (42 %)
        elapsed time: 1.9h / 4.0h (47 %)
      virtual memory: 3.8G / 20.0G (19 %)

Job completed successfully
WARNING: Job only used 47% of its requested walltime.
WARNING: Job only used 42% of its requested cpu time.
WARNING: Job only used 19% of its requested memory.
              job id: 7017484
         exit status: 0
            cpu time: 14.8h / 40.0h (36 %)
        elapsed time: 1.7h / 4.0h (43 %)
      virtual memory: 3.9G / 20.0G (19 %)

Job completed successfully
WARNING: Job only used 43% of its requested walltime.
WARNING: Job only used 36% of its requested cpu time.
WARNING: Job only used 19% of its requested memory.
              job id: 7017485
         exit status: 0
            cpu time: 15.4h / 40.0h (38 %)
        elapsed time: 1.7h / 4.0h (41 %)
      virtual memory: 3.8G / 20.0G (19 %)

Job completed successfully
WARNING: Job only used 41% of its requested walltime.
WARNING: Job only used 38% of its requested cpu time.
WARNING: Job only used 19% of its requested memory.
              job id: 7017486
         exit status: 0
            cpu time: 16.2h / 40.0h (40 %)
        elapsed time: 1.7h / 4.0h (43 %)
      virtual memory: 3.8G / 20.0G (19 %)

Job completed successfully
WARNING: Job only used 43% of its requested walltime.
WARNING: Job only used 40% of its requested cpu time.
WARNING: Job only used 19% of its requested memory.
              job id: 7017487
         exit status: 0
            cpu time: 16.8h / 40.0h (42 %)
        elapsed time: 2.0h / 4.0h (48 %)
      virtual memory: 3.8G / 20.0G (19 %)

Job completed successfully
WARNING: Job only used 48% of its requested walltime.
WARNING: Job only used 42% of its requested cpu time.
WARNING: Job only used 19% of its requested memory.
