              job id: 7017418
         exit status: 0
            cpu time: 7.8h / 16.0h (49 %)
        elapsed time: 2.1h / 4.0h (51 %)
      virtual memory: 2.0G / 8.0G (25 %)

Job completed successfully
WARNING: Job only used 51% of its requested walltime.
WARNING: Job only used 49% of its requested cpu time.
WARNING: Job only used 25% of its requested memory.
              job id: 7017419
         exit status: 0
            cpu time: 8.0h / 16.0h (50 %)
        elapsed time: 2.1h / 4.0h (52 %)
      virtual memory: 2.0G / 8.0G (25 %)

Job completed successfully
WARNING: Job only used 52% of its requested walltime.
WARNING: Job only used 50% of its requested cpu time.
WARNING: Job only used 25% of its requested memory.
              job id: 7017422
         exit status: 0
            cpu time: 6.9h / 16.0h (43 %)
        elapsed time: 1.8h / 4.0h (43 %)
      virtual memory: 2.0G / 8.0G (25 %)

Job completed successfully
WARNING: Job only used 43% of its requested walltime.
WARNING: Job only used 43% of its requested cpu time.
WARNING: Job only used 25% of its requested memory.
              job id: 7017424
         exit status: 0
            cpu time: 6.8h / 16.0h (42 %)
        elapsed time: 1.8h / 4.0h (43 %)
      virtual memory: 2.0G / 8.0G (25 %)

Job completed successfully
WARNING: Job only used 43% of its requested walltime.
WARNING: Job only used 42% of its requested cpu time.
WARNING: Job only used 25% of its requested memory.
              job id: 7017423
         exit status: 0
            cpu time: 7.2h / 16.0h (44 %)
        elapsed time: 1.9h / 4.0h (47 %)
      virtual memory: 2.1G / 8.0G (25 %)

Job completed successfully
WARNING: Job only used 47% of its requested walltime.
WARNING: Job only used 44% of its requested cpu time.
WARNING: Job only used 25% of its requested memory.
              job id: 7017425
         exit status: 0
            cpu time: 7.4h / 16.0h (46 %)
        elapsed time: 2.1h / 4.0h (53 %)
      virtual memory: 2.0G / 8.0G (25 %)

Job completed successfully
WARNING: Job only used 53% of its requested walltime.
WARNING: Job only used 46% of its requested cpu time.
WARNING: Job only used 25% of its requested memory.
              job id: 7017426
         exit status: 0
            cpu time: 7.8h / 16.0h (49 %)
        elapsed time: 2.1h / 4.0h (52 %)
      virtual memory: 2.0G / 8.0G (25 %)

Job completed successfully
WARNING: Job only used 52% of its requested walltime.
WARNING: Job only used 49% of its requested cpu time.
WARNING: Job only used 25% of its requested memory.
              job id: 7017421
         exit status: 0
            cpu time: 9.3h / 16.0h (57 %)
        elapsed time: 2.5h / 4.0h (62 %)
      virtual memory: 2.0G / 8.0G (24 %)

Job completed successfully
WARNING: Job only used 62% of its requested walltime.
WARNING: Job only used 57% of its requested cpu time.
WARNING: Job only used 24% of its requested memory.
              job id: 7017420
         exit status: 0
            cpu time: 9.0h / 16.0h (56 %)
        elapsed time: 2.5h / 4.0h (63 %)
      virtual memory: 2.0G / 8.0G (25 %)

Job completed successfully
WARNING: Job only used 63% of its requested walltime.
WARNING: Job only used 56% of its requested cpu time.
WARNING: Job only used 25% of its requested memory.
              job id: 7017427
         exit status: 0
            cpu time: 8.2h / 16.0h (51 %)
        elapsed time: 2.3h / 4.0h (57 %)
      virtual memory: 2.0G / 8.0G (25 %)

Job completed successfully
WARNING: Job only used 57% of its requested walltime.
WARNING: Job only used 51% of its requested cpu time.
WARNING: Job only used 25% of its requested memory.
