              job id: 7017438
         exit status: 0
            cpu time: 10.5h / 24.0h (43 %)
        elapsed time: 1.9h / 4.0h (46 %)
      virtual memory: 2.6G / 12.0G (21 %)

Job completed successfully
WARNING: Job only used 46% of its requested walltime.
WARNING: Job only used 43% of its requested cpu time.
WARNING: Job only used 21% of its requested memory.
              job id: 7017439
         exit status: 0
            cpu time: 9.7h / 24.0h (40 %)
        elapsed time: 1.8h / 4.0h (44 %)
      virtual memory: 2.6G / 12.0G (21 %)

Job completed successfully
WARNING: Job only used 44% of its requested walltime.
WARNING: Job only used 40% of its requested cpu time.
WARNING: Job only used 21% of its requested memory.
              job id: 7017440
         exit status: 0
            cpu time: 10.7h / 24.0h (44 %)
        elapsed time: 2.0h / 4.0h (50 %)
      virtual memory: 2.7G / 12.0G (22 %)

Job completed successfully
WARNING: Job only used 50% of its requested walltime.
WARNING: Job only used 44% of its requested cpu time.
WARNING: Job only used 22% of its requested memory.
              job id: 7017441
         exit status: 0
            cpu time: 10.0h / 24.0h (41 %)
        elapsed time: 1.8h / 4.0h (44 %)
      virtual memory: 2.6G / 12.0G (21 %)

Job completed successfully
WARNING: Job only used 44% of its requested walltime.
WARNING: Job only used 41% of its requested cpu time.
WARNING: Job only used 21% of its requested memory.
              job id: 7017444
         exit status: 0
            cpu time: 10.0h / 24.0h (41 %)
        elapsed time: 1.8h / 4.0h (43 %)
      virtual memory: 2.6G / 12.0G (21 %)

Job completed successfully
WARNING: Job only used 43% of its requested walltime.
WARNING: Job only used 41% of its requested cpu time.
WARNING: Job only used 21% of its requested memory.
              job id: 7017442
         exit status: 0
            cpu time: 9.6h / 24.0h (40 %)
        elapsed time: 1.8h / 4.0h (43 %)
      virtual memory: 2.7G / 12.0G (22 %)

Job completed successfully
WARNING: Job only used 43% of its requested walltime.
WARNING: Job only used 40% of its requested cpu time.
WARNING: Job only used 22% of its requested memory.
              job id: 7017443
         exit status: 0
            cpu time: 9.7h / 24.0h (40 %)
        elapsed time: 1.9h / 4.0h (48 %)
      virtual memory: 2.6G / 12.0G (21 %)

Job completed successfully
WARNING: Job only used 48% of its requested walltime.
WARNING: Job only used 40% of its requested cpu time.
WARNING: Job only used 21% of its requested memory.
              job id: 7017445
         exit status: 0
            cpu time: 10.5h / 24.0h (43 %)
        elapsed time: 1.9h / 4.0h (46 %)
      virtual memory: 2.6G / 12.0G (21 %)

Job completed successfully
WARNING: Job only used 46% of its requested walltime.
WARNING: Job only used 43% of its requested cpu time.
WARNING: Job only used 21% of its requested memory.
              job id: 7017446
         exit status: 0
            cpu time: 10.2h / 24.0h (42 %)
        elapsed time: 2.0h / 4.0h (48 %)
      virtual memory: 2.7G / 12.0G (22 %)

Job completed successfully
WARNING: Job only used 48% of its requested walltime.
WARNING: Job only used 42% of its requested cpu time.
WARNING: Job only used 22% of its requested memory.
              job id: 7017447
         exit status: 0
            cpu time: 11.6h / 24.0h (48 %)
        elapsed time: 2.2h / 4.0h (54 %)
      virtual memory: 2.6G / 12.0G (21 %)

Job completed successfully
WARNING: Job only used 54% of its requested walltime.
WARNING: Job only used 48% of its requested cpu time.
WARNING: Job only used 21% of its requested memory.
