              job id: 7017498
         exit status: 0
            cpu time: 18.4h / 48.0h (38 %)
        elapsed time: 1.7h / 4.0h (42 %)
      virtual memory: 4.5G / 24.0G (18 %)

Job completed successfully
WARNING: Job only used 42% of its requested walltime.
WARNING: Job only used 38% of its requested cpu time.
WARNING: Job only used 18% of its requested memory.
              job id: 7017499
         exit status: 0
            cpu time: 18.5h / 48.0h (38 %)
        elapsed time: 2.0h / 4.0h (49 %)
      virtual memory: 4.5G / 24.0G (18 %)

Job completed successfully
WARNING: Job only used 49% of its requested walltime.
WARNING: Job only used 38% of its requested cpu time.
WARNING: Job only used 18% of its requested memory.
              job id: 7017501
         exit status: 0
            cpu time: 20.6h / 48.0h (42 %)
        elapsed time: 1.9h / 4.0h (47 %)
      virtual memory: 4.5G / 24.0G (18 %)

Job completed successfully
WARNING: Job only used 47% of its requested walltime.
WARNING: Job only used 42% of its requested cpu time.
WARNING: Job only used 18% of its requested memory.
              job id: 7017500
         exit status: 0
            cpu time: 20.9h / 48.0h (43 %)
        elapsed time: 2.0h / 4.0h (48 %)
      virtual memory: 4.5G / 24.0G (18 %)

Job completed successfully
WARNING: Job only used 48% of its requested walltime.
WARNING: Job only used 43% of its requested cpu time.
WARNING: Job only used 18% of its requested memory.
              job id: 7017502
         exit status: 0
            cpu time: 20.5h / 48.0h (42 %)
        elapsed time: 2.1h / 4.0h (51 %)
      virtual memory: 4.5G / 24.0G (18 %)

Job completed successfully
WARNING: Job only used 51% of its requested walltime.
WARNING: Job only used 42% of its requested cpu time.
WARNING: Job only used 18% of its requested memory.
              job id: 7017503
         exit status: 0
            cpu time: 19.6h / 48.0h (40 %)
        elapsed time: 1.8h / 4.0h (45 %)
      virtual memory: 4.5G / 24.0G (18 %)

Job completed successfully
WARNING: Job only used 45% of its requested walltime.
WARNING: Job only used 40% of its requested cpu time.
WARNING: Job only used 18% of its requested memory.
              job id: 7017504
         exit status: 0
            cpu time: 18.8h / 48.0h (39 %)
        elapsed time: 1.8h / 4.0h (45 %)
      virtual memory: 4.5G / 24.0G (18 %)

Job completed successfully
WARNING: Job only used 45% of its requested walltime.
WARNING: Job only used 39% of its requested cpu time.
WARNING: Job only used 18% of its requested memory.
              job id: 7017506
         exit status: 0
            cpu time: 19.5h / 48.0h (40 %)
        elapsed time: 1.8h / 4.0h (44 %)
      virtual memory: 4.5G / 24.0G (18 %)

Job completed successfully
WARNING: Job only used 44% of its requested walltime.
WARNING: Job only used 40% of its requested cpu time.
WARNING: Job only used 18% of its requested memory.
              job id: 7017505
         exit status: 0
            cpu time: 20.1h / 48.0h (41 %)
        elapsed time: 1.9h / 4.0h (47 %)
      virtual memory: 4.5G / 24.0G (18 %)

Job completed successfully
WARNING: Job only used 47% of its requested walltime.
WARNING: Job only used 41% of its requested cpu time.
WARNING: Job only used 18% of its requested memory.
              job id: 7017507
         exit status: 0
            cpu time: 19.3h / 48.0h (40 %)
        elapsed time: 1.9h / 4.0h (47 %)
      virtual memory: 4.4G / 24.0G (18 %)

Job completed successfully
WARNING: Job only used 47% of its requested walltime.
WARNING: Job only used 40% of its requested cpu time.
WARNING: Job only used 18% of its requested memory.
