              job id: 7017488
         exit status: 0
            cpu time: 17.5h / 44.0h (39 %)
        elapsed time: 1.7h / 4.0h (42 %)
      virtual memory: 4.1G / 22.0G (18 %)

Job completed successfully
WARNING: Job only used 42% of its requested walltime.
WARNING: Job only used 39% of its requested cpu time.
WARNING: Job only used 18% of its requested memory.
              job id: 7017489
         exit status: 0
            cpu time: 18.0h / 44.0h (40 %)
        elapsed time: 1.9h / 4.0h (47 %)
      virtual memory: 4.1G / 22.0G (18 %)

Job completed successfully
WARNING: Job only used 47% of its requested walltime.
WARNING: Job only used 40% of its requested cpu time.
WARNING: Job only used 18% of its requested memory.
              job id: 7017490
         exit status: 0
            cpu time: 20.2h / 44.0h (45 %)
        elapsed time: 2.0h / 4.0h (48 %)
      virtual memory: 4.2G / 22.0G (18 %)

Job completed successfully
WARNING: Job only used 48% of its requested walltime.
WARNING: Job only used 45% of its requested cpu time.
WARNING: Job only used 18% of its requested memory.
              job id: 7017492
         exit status: 0
            cpu time: 18.7h / 44.0h (42 %)
        elapsed time: 1.8h / 4.0h (45 %)
      virtual memory: 4.2G / 22.0G (18 %)

Job completed successfully
WARNING: Job only used 45% of its requested walltime.
WARNING: Job only used 42% of its requested cpu time.
WARNING: Job only used 18% of its requested memory.
              job id: 7017491
         exit status: 0
            cpu time: 18.8h / 44.0h (42 %)
        elapsed time: 2.0h / 4.0h (50 %)
      virtual memory: 4.2G / 22.0G (19 %)

Job completed successfully
WARNING: Job only used 50% of its requested walltime.
WARNING: Job only used 42% of its requested cpu time.
WARNING: Job only used 19% of its requested memory.
              job id: 7017493
         exit status: 0
            cpu time: 18.5h / 44.0h (42 %)
        elapsed time: 1.9h / 4.0h (46 %)
      virtual memory: 4.1G / 22.0G (18 %)

Job completed successfully
WARNING: Job only used 46% of its requested walltime.
WARNING: Job only used 42% of its requested cpu time.
WARNING: Job only used 18% of its requested memory.
              job id: 7017494
         exit status: 0
            cpu time: 17.1h / 44.0h (38 %)
        elapsed time: 1.9h / 4.0h (47 %)
      virtual memory: 4.1G / 22.0G (18 %)

Job completed successfully
WARNING: Job only used 47% of its requested walltime.
WARNING: Job only used 38% of its requested cpu time.
WARNING: Job only used 18% of its requested memory.
              job id: 7017495
         exit status: 0
            cpu time: 17.0h / 44.0h (38 %)
        elapsed time: 1.7h / 4.0h (41 %)
      virtual memory: 4.2G / 22.0G (18 %)

Job completed successfully
WARNING: Job only used 41% of its requested walltime.
WARNING: Job only used 38% of its requested cpu time.
WARNING: Job only used 18% of its requested memory.
              job id: 7017497
         exit status: 0
            cpu time: 18.6h / 44.0h (42 %)
        elapsed time: 1.9h / 4.0h (46 %)
      virtual memory: 4.2G / 22.0G (18 %)

Job completed successfully
WARNING: Job only used 46% of its requested walltime.
WARNING: Job only used 42% of its requested cpu time.
WARNING: Job only used 18% of its requested memory.
              job id: 7017496
         exit status: 0
            cpu time: 19.1h / 44.0h (43 %)
        elapsed time: 2.2h / 4.0h (54 %)
      virtual memory: 4.1G / 22.0G (18 %)

Job completed successfully
WARNING: Job only used 54% of its requested walltime.
WARNING: Job only used 43% of its requested cpu time.
WARNING: Job only used 18% of its requested memory.
