              job id: 7017409
         exit status: 0
            cpu time: 7.0h / 12.0h (58 %)
        elapsed time: 2.4h / 4.0h (60 %)
      virtual memory: 1.7G / 6.0G (28 %)

Job completed successfully
WARNING: Job only used 60% of its requested walltime.
WARNING: Job only used 58% of its requested cpu time.
WARNING: Job only used 28% of its requested memory.
              job id: 7017410
         exit status: 0
            cpu time: 5.7h / 12.0h (47 %)
        elapsed time: 1.9h / 4.0h (48 %)
      virtual memory: 1.7G / 6.0G (27 %)

Job completed successfully
WARNING: Job only used 48% of its requested walltime.
WARNING: Job only used 47% of its requested cpu time.
WARNING: Job only used 27% of its requested memory.
              job id: 7017408
         exit status: 0
            cpu time: 7.1h / 12.0h (58 %)
        elapsed time: 2.5h / 4.0h (63 %)
      virtual memory: 1.7G / 6.0G (28 %)

Job completed successfully
WARNING: Job only used 63% of its requested walltime.
WARNING: Job only used 58% of its requested cpu time.
WARNING: Job only used 28% of its requested memory.
              job id: 7017411
         exit status: 0
            cpu time: 5.4h / 12.0h (44 %)
        elapsed time: 1.9h / 4.0h (46 %)
      virtual memory: 1.7G / 6.0G (28 %)

Job completed successfully
WARNING: Job only used 46% of its requested walltime.
WARNING: Job only used 44% of its requested cpu time.
WARNING: Job only used 28% of its requested memory.
              job id: 7017412
         exit status: 0
            cpu time: 6.0h / 12.0h (50 %)
        elapsed time: 2.0h / 4.0h (50 %)
      virtual memory: 1.7G / 6.0G (28 %)

Job completed successfully
WARNING: Job only used 50% of its requested walltime.
WARNING: Job only used 50% of its requested cpu time.
WARNING: Job only used 28% of its requested memory.
              job id: 7017413
         exit status: 0
            cpu time: 5.9h / 12.0h (49 %)
        elapsed time: 2.1h / 4.0h (51 %)
      virtual memory: 1.7G / 6.0G (28 %)

Job completed successfully
WARNING: Job only used 51% of its requested walltime.
WARNING: Job only used 49% of its requested cpu time.
WARNING: Job only used 28% of its requested memory.
              job id: 7017416
         exit status: 0
            cpu time: 5.5h / 12.0h (45 %)
        elapsed time: 2.0h / 4.0h (49 %)
      virtual memory: 1.7G / 6.0G (28 %)

Job completed successfully
WARNING: Job only used 49% of its requested walltime.
WARNING: Job only used 45% of its requested cpu time.
WARNING: Job only used 28% of its requested memory.
              job id: 7017415
         exit status: 0
            cpu time: 6.1h / 12.0h (51 %)
        elapsed time: 2.1h / 4.0h (53 %)
      virtual memory: 1.7G / 6.0G (28 %)

Job completed successfully
WARNING: Job only used 53% of its requested walltime.
WARNING: Job only used 51% of its requested cpu time.
WARNING: Job only used 28% of its requested memory.
              job id: 7017417
         exit status: 0
            cpu time: 5.3h / 12.0h (44 %)
        elapsed time: 1.9h / 4.0h (47 %)
      virtual memory: 1.7G / 6.0G (28 %)

Job completed successfully
WARNING: Job only used 47% of its requested walltime.
WARNING: Job only used 44% of its requested cpu time.
WARNING: Job only used 28% of its requested memory.
              job id: 7017414
         exit status: 0
            cpu time: 7.3h / 12.0h (60 %)
        elapsed time: 2.6h / 4.0h (64 %)
      virtual memory: 1.7G / 6.0G (28 %)

Job completed successfully
WARNING: Job only used 64% of its requested walltime.
WARNING: Job only used 60% of its requested cpu time.
WARNING: Job only used 28% of its requested memory.
