              job id: 7017449
         exit status: 0
            cpu time: 12.3h / 28.0h (43 %)
        elapsed time: 1.9h / 4.0h (47 %)
      virtual memory: 2.9G / 14.0G (20 %)

Job completed successfully
WARNING: Job only used 47% of its requested walltime.
WARNING: Job only used 43% of its requested cpu time.
WARNING: Job only used 20% of its requested memory.
              job id: 7017448
         exit status: 0
            cpu time: 12.4h / 28.0h (44 %)
        elapsed time: 2.0h / 4.0h (49 %)
      virtual memory: 3.0G / 14.0G (21 %)

Job completed successfully
WARNING: Job only used 49% of its requested walltime.
WARNING: Job only used 44% of its requested cpu time.
WARNING: Job only used 21% of its requested memory.
              job id: 7017450
         exit status: 0
            cpu time: 12.2h / 28.0h (43 %)
        elapsed time: 2.0h / 4.0h (49 %)
      virtual memory: 3.0G / 14.0G (21 %)

Job completed successfully
WARNING: Job only used 49% of its requested walltime.
WARNING: Job only used 43% of its requested cpu time.
WARNING: Job only used 21% of its requested memory.
              job id: 7017451
         exit status: 0
            cpu time: 12.8h / 28.0h (45 %)
        elapsed time: 2.0h / 4.0h (50 %)
      virtual memory: 2.9G / 14.0G (20 %)

Job completed successfully
WARNING: Job only used 50% of its requested walltime.
WARNING: Job only used 45% of its requested cpu time.
WARNING: Job only used 20% of its requested memory.
              job id: 7017452
         exit status: 0
            cpu time: 12.0h / 28.0h (42 %)
        elapsed time: 1.9h / 4.0h (48 %)
      virtual memory: 2.9G / 14.0G (20 %)

Job completed successfully
WARNING: Job only used 48% of its requested walltime.
WARNING: Job only used 42% of its requested cpu time.
WARNING: Job only used 20% of its requested memory.
              job id: 7017454
         exit status: 0
            cpu time: 12.8h / 28.0h (45 %)
        elapsed time: 2.0h / 4.0h (50 %)
      virtual memory: 2.9G / 14.0G (20 %)

Job completed successfully
WARNING: Job only used 50% of its requested walltime.
WARNING: Job only used 45% of its requested cpu time.
WARNING: Job only used 20% of its requested memory.
              job id: 7017453
         exit status: 0
            cpu time: 12.6h / 28.0h (45 %)
        elapsed time: 2.0h / 4.0h (50 %)
      virtual memory: 2.9G / 14.0G (20 %)

Job completed successfully
WARNING: Job only used 50% of its requested walltime.
WARNING: Job only used 45% of its requested cpu time.
WARNING: Job only used 20% of its requested memory.
              job id: 7017455
         exit status: 0
            cpu time: 11.3h / 28.0h (40 %)
        elapsed time: 1.8h / 4.0h (45 %)
      virtual memory: 2.9G / 14.0G (20 %)

Job completed successfully
WARNING: Job only used 45% of its requested walltime.
WARNING: Job only used 40% of its requested cpu time.
WARNING: Job only used 20% of its requested memory.
              job id: 7017456
         exit status: 0
            cpu time: 12.4h / 28.0h (44 %)
        elapsed time: 1.8h / 4.0h (45 %)
      virtual memory: 2.9G / 14.0G (20 %)

Job completed successfully
WARNING: Job only used 45% of its requested walltime.
WARNING: Job only used 44% of its requested cpu time.
WARNING: Job only used 20% of its requested memory.
              job id: 7017457
         exit status: 0
            cpu time: 12.7h / 28.0h (45 %)
        elapsed time: 1.9h / 4.0h (48 %)
      virtual memory: 2.9G / 14.0G (20 %)

Job completed successfully
WARNING: Job only used 48% of its requested walltime.
WARNING: Job only used 45% of its requested cpu time.
WARNING: Job only used 20% of its requested memory.
