              job id: 7017469
         exit status: 0
            cpu time: 15.3h / 36.0h (42 %)
        elapsed time: 1.9h / 4.0h (48 %)
      virtual memory: 3.5G / 18.0G (19 %)

Job completed successfully
WARNING: Job only used 48% of its requested walltime.
WARNING: Job only used 42% of its requested cpu time.
WARNING: Job only used 19% of its requested memory.
              job id: 7017468
         exit status: 0
            cpu time: 15.4h / 36.0h (42 %)
        elapsed time: 1.9h / 4.0h (48 %)
      virtual memory: 3.5G / 18.0G (19 %)

Job completed successfully
WARNING: Job only used 48% of its requested walltime.
WARNING: Job only used 42% of its requested cpu time.
WARNING: Job only used 19% of its requested memory.
              job id: 7017470
         exit status: 0
            cpu time: 15.2h / 36.0h (42 %)
        elapsed time: 1.8h / 4.0h (45 %)
      virtual memory: 3.5G / 18.0G (19 %)

Job completed successfully
WARNING: Job only used 45% of its requested walltime.
WARNING: Job only used 42% of its requested cpu time.
WARNING: Job only used 19% of its requested memory.
              job id: 7017471
         exit status: 0
            cpu time: 15.2h / 36.0h (42 %)
        elapsed time: 2.1h / 4.0h (51 %)
      virtual memory: 3.5G / 18.0G (19 %)

Job completed successfully
WARNING: Job only used 51% of its requested walltime.
WARNING: Job only used 42% of its requested cpu time.
WARNING: Job only used 19% of its requested memory.
              job id: 7017472
         exit status: 0
            cpu time: 15.2h / 36.0h (42 %)
        elapsed time: 1.9h / 4.0h (48 %)
      virtual memory: 3.5G / 18.0G (19 %)

Job completed successfully
WARNING: Job only used 48% of its requested walltime.
WARNING: Job only used 42% of its requested cpu time.
WARNING: Job only used 19% of its requested memory.
              job id: 7017473
         exit status: 0
            cpu time: 16.1h / 36.0h (44 %)
        elapsed time: 2.1h / 4.0h (53 %)
      virtual memory: 3.6G / 18.0G (19 %)

Job completed successfully
WARNING: Job only used 53% of its requested walltime.
WARNING: Job only used 44% of its requested cpu time.
WARNING: Job only used 19% of its requested memory.
              job id: 7017474
         exit status: 0
            cpu time: 15.7h / 36.0h (43 %)
        elapsed time: 1.9h / 4.0h (48 %)
      virtual memory: 3.5G / 18.0G (19 %)

Job completed successfully
WARNING: Job only used 48% of its requested walltime.
WARNING: Job only used 43% of its requested cpu time.
WARNING: Job only used 19% of its requested memory.
              job id: 7017475
         exit status: 0
            cpu time: 16.0h / 36.0h (44 %)
        elapsed time: 2.0h / 4.0h (49 %)
      virtual memory: 3.5G / 18.0G (19 %)

Job completed successfully
WARNING: Job only used 49% of its requested walltime.
WARNING: Job only used 44% of its requested cpu time.
WARNING: Job only used 19% of its requested memory.
              job id: 7017476
         exit status: 0
            cpu time: 16.5h / 36.0h (45 %)
        elapsed time: 2.0h / 4.0h (49 %)
      virtual memory: 3.6G / 18.0G (20 %)

Job completed successfully
WARNING: Job only used 49% of its requested walltime.
WARNING: Job only used 45% of its requested cpu time.
WARNING: Job only used 20% of its requested memory.
              job id: 7017477
         exit status: 0
            cpu time: 16.5h / 36.0h (45 %)
        elapsed time: 2.1h / 4.0h (52 %)
      virtual memory: 3.5G / 18.0G (19 %)

Job completed successfully
WARNING: Job only used 52% of its requested walltime.
WARNING: Job only used 45% of its requested cpu time.
WARNING: Job only used 19% of its requested memory.
