              job id: 7017458
         exit status: 0
            cpu time: 15.4h / 32.0h (48 %)
        elapsed time: 2.2h / 4.0h (54 %)
      virtual memory: 3.2G / 16.0G (20 %)

Job completed successfully
WARNING: Job only used 54% of its requested walltime.
WARNING: Job only used 48% of its requested cpu time.
WARNING: Job only used 20% of its requested memory.
              job id: 7017459
         exit status: 0
            cpu time: 13.7h / 32.0h (42 %)
        elapsed time: 1.8h / 4.0h (45 %)
      virtual memory: 3.2G / 16.0G (20 %)

Job completed successfully
WARNING: Job only used 45% of its requested walltime.
WARNING: Job only used 42% of its requested cpu time.
WARNING: Job only used 20% of its requested memory.
              job id: 7017460
         exit status: 0
            cpu time: 14.5h / 32.0h (45 %)
        elapsed time: 2.1h / 4.0h (51 %)
      virtual memory: 3.2G / 16.0G (20 %)

Job completed successfully
WARNING: Job only used 51% of its requested walltime.
WARNING: Job only used 45% of its requested cpu time.
WARNING: Job only used 20% of its requested memory.
              job id: 7017461
         exit status: 0
            cpu time: 13.7h / 32.0h (42 %)
        elapsed time: 1.9h / 4.0h (46 %)
      virtual memory: 3.2G / 16.0G (20 %)

Job completed successfully
WARNING: Job only used 46% of its requested walltime.
WARNING: Job only used 42% of its requested cpu time.
WARNING: Job only used 20% of its requested memory.
              job id: 7017462
         exit status: 0
            cpu time: 13.3h / 32.0h (41 %)
        elapsed time: 1.9h / 4.0h (48 %)
      virtual memory: 3.2G / 16.0G (20 %)

Job completed successfully
WARNING: Job only used 48% of its requested walltime.
WARNING: Job only used 41% of its requested cpu time.
WARNING: Job only used 20% of its requested memory.
              job id: 7017463
         exit status: 0
            cpu time: 13.9h / 32.0h (43 %)
        elapsed time: 1.9h / 4.0h (46 %)
      virtual memory: 3.2G / 16.0G (20 %)

Job completed successfully
WARNING: Job only used 46% of its requested walltime.
WARNING: Job only used 43% of its requested cpu time.
WARNING: Job only used 20% of its requested memory.
              job id: 7017464
         exit status: 0
            cpu time: 14.0h / 32.0h (43 %)
        elapsed time: 1.9h / 4.0h (47 %)
      virtual memory: 3.2G / 16.0G (20 %)

Job completed successfully
WARNING: Job only used 47% of its requested walltime.
WARNING: Job only used 43% of its requested cpu time.
WARNING: Job only used 20% of its requested memory.
              job id: 7017465
         exit status: 0
            cpu time: 13.3h / 32.0h (41 %)
        elapsed time: 2.1h / 4.0h (51 %)
      virtual memory: 3.3G / 16.0G (20 %)

Job completed successfully
WARNING: Job only used 51% of its requested walltime.
WARNING: Job only used 41% of its requested cpu time.
WARNING: Job only used 20% of its requested memory.
              job id: 7017467
         exit status: 0
            cpu time: 13.2h / 32.0h (41 %)
        elapsed time: 1.9h / 4.0h (46 %)
      virtual memory: 3.2G / 16.0G (20 %)

Job completed successfully
WARNING: Job only used 46% of its requested walltime.
WARNING: Job only used 41% of its requested cpu time.
WARNING: Job only used 20% of its requested memory.
