              job id: 7017400
         exit status: 0
            cpu time: 4.4h / 8.0h (55 %)
        elapsed time: 2.2h / 4.0h (55 %)
      virtual memory: 1.4G / 4.0G (35 %)

Job completed successfully
WARNING: Job only used 55% of its requested walltime.
WARNING: Job only used 55% of its requested cpu time.
WARNING: Job only used 35% of its requested memory.
              job id: 7017398
         exit status: 0
            cpu time: 5.0h / 8.0h (63 %)
        elapsed time: 2.7h / 4.0h (66 %)
      virtual memory: 1.4G / 4.0G (35 %)

Job completed successfully
WARNING: Job only used 66% of its requested walltime.
WARNING: Job only used 63% of its requested cpu time.
WARNING: Job only used 35% of its requested memory.
              job id: 7017399
         exit status: 0
            cpu time: 5.0h / 8.0h (62 %)
        elapsed time: 2.5h / 4.0h (62 %)
      virtual memory: 1.4G / 4.0G (35 %)

Job completed successfully
WARNING: Job only used 62% of its requested walltime.
WARNING: Job only used 62% of its requested cpu time.
WARNING: Job only used 35% of its requested memory.
              job id: 7017401
         exit status: 0
            cpu time: 4.2h / 8.0h (52 %)
        elapsed time: 2.1h / 4.0h (52 %)
      virtual memory: 1.4G / 4.0G (35 %)

Job completed successfully
WARNING: Job only used 52% of its requested walltime.
WARNING: Job only used 52% of its requested cpu time.
WARNING: Job only used 35% of its requested memory.
              job id: 7017402
         exit status: 0
            cpu time: 4.7h / 8.0h (59 %)
        elapsed time: 2.5h / 4.0h (61 %)
      virtual memory: 1.4G / 4.0G (35 %)

Job completed successfully
WARNING: Job only used 61% of its requested walltime.
WARNING: Job only used 59% of its requested cpu time.
WARNING: Job only used 35% of its requested memory.
              job id: 7017405
         exit status: 0
            cpu time: 5.0h / 8.0h (62 %)
        elapsed time: 2.5h / 4.0h (62 %)
      virtual memory: 1.4G / 4.0G (35 %)

Job completed successfully
WARNING: Job only used 62% of its requested walltime.
WARNING: Job only used 62% of its requested cpu time.
WARNING: Job only used 35% of its requested memory.
              job id: 7017404
         exit status: 0
            cpu time: 4.7h / 8.0h (59 %)
        elapsed time: 2.5h / 4.0h (62 %)
      virtual memory: 1.4G / 4.0G (35 %)

Job completed successfully
WARNING: Job only used 62% of its requested walltime.
WARNING: Job only used 59% of its requested cpu time.
WARNING: Job only used 35% of its requested memory.
              job id: 7017403
         exit status: 0
            cpu time: 5.1h / 8.0h (63 %)
        elapsed time: 2.6h / 4.0h (65 %)
      virtual memory: 1.4G / 4.0G (35 %)

Job completed successfully
WARNING: Job only used 65% of its requested walltime.
WARNING: Job only used 63% of its requested cpu time.
WARNING: Job only used 35% of its requested memory.
              job id: 7017407
         exit status: 0
            cpu time: 4.9h / 8.0h (61 %)
        elapsed time: 2.5h / 4.0h (61 %)
      virtual memory: 1.4G / 4.0G (35 %)

Job completed successfully
WARNING: Job only used 61% of its requested walltime.
WARNING: Job only used 61% of its requested cpu time.
WARNING: Job only used 35% of its requested memory.
              job id: 7017406
         exit status: 0
            cpu time: 5.0h / 8.0h (61 %)
        elapsed time: 2.5h / 4.0h (62 %)
      virtual memory: 1.4G / 4.0G (35 %)

Job completed successfully
WARNING: Job only used 62% of its requested walltime.
WARNING: Job only used 61% of its requested cpu time.
WARNING: Job only used 35% of its requested memory.
