              job id: 7017518
         exit status: 0
            cpu time: 24.0h / 56.0h (42 %)
        elapsed time: 1.9h / 4.0h (48 %)
      virtual memory: 5.1G / 28.0G (18 %)

Job completed successfully
WARNING: Job only used 48% of its requested walltime.
WARNING: Job only used 42% of its requested cpu time.
WARNING: Job only used 18% of its requested memory.
              job id: 7017519
         exit status: 0
            cpu time: 23.3h / 56.0h (41 %)
        elapsed time: 2.0h / 4.0h (51 %)
      virtual memory: 5.1G / 28.0G (18 %)

Job completed successfully
WARNING: Job only used 51% of its requested walltime.
WARNING: Job only used 41% of its requested cpu time.
WARNING: Job only used 18% of its requested memory.
              job id: 7017521
         exit status: 0
            cpu time: 21.1h / 56.0h (37 %)
        elapsed time: 1.6h / 4.0h (40 %)
      virtual memory: 5.1G / 28.0G (18 %)

Job completed successfully
WARNING: Job only used 40% of its requested walltime.
WARNING: Job only used 37% of its requested cpu time.
WARNING: Job only used 18% of its requested memory.
              job id: 7017520
         exit status: 0
            cpu time: 21.9h / 56.0h (39 %)
        elapsed time: 1.8h / 4.0h (44 %)
      virtual memory: 5.1G / 28.0G (18 %)

Job completed successfully
WARNING: Job only used 44% of its requested walltime.
WARNING: Job only used 39% of its requested cpu time.
WARNING: Job only used 18% of its requested memory.
              job id: 7017522
         exit status: 0
            cpu time: 24.4h / 56.0h (43 %)
        elapsed time: 2.1h / 4.0h (52 %)
      virtual memory: 5.1G / 28.0G (18 %)

Job completed successfully
WARNING: Job only used 52% of its requested walltime.
WARNING: Job only used 43% of its requested cpu time.
WARNING: Job only used 18% of its requested memory.
              job id: 7017523
         exit status: 0
            cpu time: 22.0h / 56.0h (39 %)
        elapsed time: 1.9h / 4.0h (48 %)
      virtual memory: 5.1G / 28.0G (18 %)

Job completed successfully
WARNING: Job only used 48% of its requested walltime.
WARNING: Job only used 39% of its requested cpu time.
WARNING: Job only used 18% of its requested memory.
              job id: 7017525
         exit status: 0
            cpu time: 21.1h / 56.0h (37 %)
        elapsed time: 1.7h / 4.0h (43 %)
      virtual memory: 5.1G / 28.0G (18 %)

Job completed successfully
WARNING: Job only used 43% of its requested walltime.
WARNING: Job only used 37% of its requested cpu time.
WARNING: Job only used 18% of its requested memory.
              job id: 7017526
         exit status: 0
            cpu time: 21.9h / 56.0h (39 %)
        elapsed time: 1.8h / 4.0h (43 %)
      virtual memory: 5.1G / 28.0G (18 %)

Job completed successfully
WARNING: Job only used 43% of its requested walltime.
WARNING: Job only used 39% of its requested cpu time.
WARNING: Job only used 18% of its requested memory.
              job id: 7017524
         exit status: 0
            cpu time: 22.7h / 56.0h (40 %)
        elapsed time: 2.0h / 4.0h (48 %)
      virtual memory: 5.1G / 28.0G (18 %)

Job completed successfully
WARNING: Job only used 48% of its requested walltime.
WARNING: Job only used 40% of its requested cpu time.
WARNING: Job only used 18% of its requested memory.
              job id: 7017527
         exit status: 0
            cpu time: 22.0h / 56.0h (39 %)
        elapsed time: 1.7h / 4.0h (42 %)
      virtual memory: 5.1G / 28.0G (18 %)

Job completed successfully
WARNING: Job only used 42% of its requested walltime.
WARNING: Job only used 39% of its requested cpu time.
WARNING: Job only used 18% of its requested memory.
