              job id: 7017538
         exit status: 0
            cpu time: 24.3h / 64.0h (37 %)
        elapsed time: 1.8h / 4.0h (44 %)
      virtual memory: 5.7G / 32.0G (17 %)

Job completed successfully
WARNING: Job only used 44% of its requested walltime.
WARNING: Job only used 37% of its requested cpu time.
WARNING: Job only used 17% of its requested memory.
              job id: 7017539
         exit status: 0
            cpu time: 25.8h / 64.0h (40 %)
        elapsed time: 1.8h / 4.0h (46 %)
      virtual memory: 5.7G / 32.0G (17 %)

Job completed successfully
WARNING: Job only used 46% of its requested walltime.
WARNING: Job only used 40% of its requested cpu time.
WARNING: Job only used 17% of its requested memory.
              job id: 7017540
         exit status: 0
            cpu time: 25.8h / 64.0h (40 %)
        elapsed time: 1.8h / 4.0h (43 %)
      virtual memory: 5.7G / 32.0G (17 %)

Job completed successfully
WARNING: Job only used 43% of its requested walltime.
WARNING: Job only used 40% of its requested cpu time.
WARNING: Job only used 17% of its requested memory.
              job id: 7017542
         exit status: 0
            cpu time: 23.2h / 64.0h (36 %)
        elapsed time: 1.6h / 4.0h (40 %)
      virtual memory: 5.7G / 32.0G (17 %)

Job completed successfully
WARNING: Job only used 40% of its requested walltime.
WARNING: Job only used 36% of its requested cpu time.
WARNING: Job only used 17% of its requested memory.
              job id: 7017541
         exit status: 0
            cpu time: 25.5h / 64.0h (39 %)
        elapsed time: 2.0h / 4.0h (49 %)
      virtual memory: 5.7G / 32.0G (17 %)

Job completed successfully
WARNING: Job only used 49% of its requested walltime.
WARNING: Job only used 39% of its requested cpu time.
WARNING: Job only used 17% of its requested memory.
              job id: 7017543
         exit status: 0
            cpu time: 27.5h / 64.0h (42 %)
        elapsed time: 2.1h / 4.0h (52 %)
      virtual memory: 5.7G / 32.0G (17 %)

Job completed successfully
WARNING: Job only used 52% of its requested walltime.
WARNING: Job only used 42% of its requested cpu time.
WARNING: Job only used 17% of its requested memory.
              job id: 7017544
         exit status: 0
            cpu time: 23.9h / 64.0h (37 %)
        elapsed time: 1.7h / 4.0h (43 %)
      virtual memory: 5.7G / 32.0G (17 %)

Job completed successfully
WARNING: Job only used 43% of its requested walltime.
WARNING: Job only used 37% of its requested cpu time.
WARNING: Job only used 17% of its requested memory.
              job id: 7017545
         exit status: 0
            cpu time: 23.4h / 64.0h (36 %)
        elapsed time: 1.7h / 4.0h (41 %)
      virtual memory: 5.7G / 32.0G (17 %)

Job completed successfully
WARNING: Job only used 41% of its requested walltime.
WARNING: Job only used 36% of its requested cpu time.
WARNING: Job only used 17% of its requested memory.
              job id: 7017546
         exit status: 0
            cpu time: 23.5h / 64.0h (36 %)
        elapsed time: 1.8h / 4.0h (45 %)
      virtual memory: 5.7G / 32.0G (17 %)

Job completed successfully
WARNING: Job only used 45% of its requested walltime.
WARNING: Job only used 36% of its requested cpu time.
WARNING: Job only used 17% of its requested memory.
              job id: 7017547
         exit status: 0
            cpu time: 27.2h / 64.0h (42 %)
        elapsed time: 2.1h / 4.0h (53 %)
      virtual memory: 5.7G / 32.0G (17 %)

Job completed successfully
WARNING: Job only used 53% of its requested walltime.
WARNING: Job only used 42% of its requested cpu time.
WARNING: Job only used 17% of its requested memory.
