              job id: 7017428
         exit status: 0
            cpu time: 8.6h / 20.0h (42 %)
        elapsed time: 1.9h / 4.0h (47 %)
      virtual memory: 2.4G / 10.0G (23 %)

Job completed successfully
WARNING: Job only used 47% of its requested walltime.
WARNING: Job only used 42% of its requested cpu time.
WARNING: Job only used 23% of its requested memory.
              job id: 7017431
         exit status: 0
            cpu time: 8.4h / 20.0h (42 %)
        elapsed time: 1.8h / 4.0h (44 %)
      virtual memory: 2.3G / 10.0G (23 %)

Job completed successfully
WARNING: Job only used 44% of its requested walltime.
WARNING: Job only used 42% of its requested cpu time.
WARNING: Job only used 23% of its requested memory.
              job id: 7017430
         exit status: 0
            cpu time: 9.0h / 20.0h (44 %)
        elapsed time: 1.9h / 4.0h (46 %)
      virtual memory: 2.3G / 10.0G (22 %)

Job completed successfully
WARNING: Job only used 46% of its requested walltime.
WARNING: Job only used 44% of its requested cpu time.
WARNING: Job only used 22% of its requested memory.
              job id: 7017429
         exit status: 0
            cpu time: 9.6h / 20.0h (48 %)
        elapsed time: 2.2h / 4.0h (53 %)
      virtual memory: 2.3G / 10.0G (22 %)

Job completed successfully
WARNING: Job only used 53% of its requested walltime.
WARNING: Job only used 48% of its requested cpu time.
WARNING: Job only used 22% of its requested memory.
              job id: 7017432
         exit status: 0
            cpu time: 9.3h / 20.0h (46 %)
        elapsed time: 1.9h / 4.0h (47 %)
      virtual memory: 2.3G / 10.0G (23 %)

Job completed successfully
WARNING: Job only used 47% of its requested walltime.
WARNING: Job only used 46% of its requested cpu time.
WARNING: Job only used 23% of its requested memory.
              job id: 7017433
         exit status: 0
            cpu time: 8.4h / 20.0h (41 %)
        elapsed time: 1.8h / 4.0h (44 %)
      virtual memory: 2.3G / 10.0G (23 %)

Job completed successfully
WARNING: Job only used 44% of its requested walltime.
WARNING: Job only used 41% of its requested cpu time.
WARNING: Job only used 23% of its requested memory.
              job id: 7017436
         exit status: 0
            cpu time: 7.7h / 20.0h (38 %)
        elapsed time: 1.7h / 4.0h (42 %)
      virtual memory: 2.3G / 10.0G (22 %)

Job completed successfully
WARNING: Job only used 42% of its requested walltime.
WARNING: Job only used 38% of its requested cpu time.
WARNING: Job only used 22% of its requested memory.
              job id: 7017434
         exit status: 0
            cpu time: 8.2h / 20.0h (41 %)
        elapsed time: 1.8h / 4.0h (46 %)
      virtual memory: 2.4G / 10.0G (23 %)

Job completed successfully
WARNING: Job only used 46% of its requested walltime.
WARNING: Job only used 41% of its requested cpu time.
WARNING: Job only used 23% of its requested memory.
              job id: 7017435
         exit status: 0
            cpu time: 8.5h / 20.0h (42 %)
        elapsed time: 1.9h / 4.0h (46 %)
      virtual memory: 2.3G / 10.0G (23 %)

Job completed successfully
WARNING: Job only used 46% of its requested walltime.
WARNING: Job only used 42% of its requested cpu time.
WARNING: Job only used 23% of its requested memory.
              job id: 7017437
         exit status: 0
            cpu time: 8.4h / 20.0h (42 %)
        elapsed time: 1.8h / 4.0h (45 %)
      virtual memory: 2.3G / 10.0G (22 %)

Job completed successfully
WARNING: Job only used 45% of its requested walltime.
WARNING: Job only used 42% of its requested cpu time.
WARNING: Job only used 22% of its requested memory.
