              job id: 7017529
         exit status: 0
            cpu time: 23.1h / 60.0h (38 %)
        elapsed time: 1.7h / 4.0h (43 %)
      virtual memory: 5.4G / 30.0G (18 %)

Job completed successfully
WARNING: Job only used 43% of its requested walltime.
WARNING: Job only used 38% of its requested cpu time.
WARNING: Job only used 18% of its requested memory.
              job id: 7017528
         exit status: 0
            cpu time: 22.2h / 60.0h (36 %)
        elapsed time: 1.9h / 4.0h (46 %)
      virtual memory: 5.4G / 30.0G (17 %)

Job completed successfully
WARNING: Job only used 46% of its requested walltime.
WARNING: Job only used 36% of its requested cpu time.
WARNING: Job only used 17% of its requested memory.
              job id: 7017530
         exit status: 0
            cpu time: 25.6h / 60.0h (42 %)
        elapsed time: 2.0h / 4.0h (51 %)
      virtual memory: 5.4G / 30.0G (17 %)

Job completed successfully
WARNING: Job only used 51% of its requested walltime.
WARNING: Job only used 42% of its requested cpu time.
WARNING: Job only used 17% of its requested memory.
              job id: 7017531
         exit status: 0
            cpu time: 24.1h / 60.0h (40 %)
        elapsed time: 1.8h / 4.0h (44 %)
      virtual memory: 5.4G / 30.0G (18 %)

Job completed successfully
WARNING: Job only used 44% of its requested walltime.
WARNING: Job only used 40% of its requested cpu time.
WARNING: Job only used 18% of its requested memory.
              job id: 7017533
         exit status: 0
            cpu time: 21.9h / 60.0h (36 %)
        elapsed time: 1.7h / 4.0h (43 %)
      virtual memory: 5.5G / 30.0G (18 %)

Job completed successfully
WARNING: Job only used 43% of its requested walltime.
WARNING: Job only used 36% of its requested cpu time.
WARNING: Job only used 18% of its requested memory.
              job id: 7017532
         exit status: 0
            cpu time: 23.4h / 60.0h (38 %)
        elapsed time: 1.8h / 4.0h (44 %)
      virtual memory: 5.4G / 30.0G (17 %)

Job completed successfully
WARNING: Job only used 44% of its requested walltime.
WARNING: Job only used 38% of its requested cpu time.
WARNING: Job only used 17% of its requested memory.
              job id: 7017534
         exit status: 0
            cpu time: 25.3h / 60.0h (42 %)
        elapsed time: 1.9h / 4.0h (48 %)
      virtual memory: 5.4G / 30.0G (18 %)

Job completed successfully
WARNING: Job only used 48% of its requested walltime.
WARNING: Job only used 42% of its requested cpu time.
WARNING: Job only used 18% of its requested memory.
              job id: 7017536
         exit status: 0
            cpu time: 24.2h / 60.0h (40 %)
        elapsed time: 1.8h / 4.0h (44 %)
      virtual memory: 5.4G / 30.0G (17 %)

Job completed successfully
WARNING: Job only used 44% of its requested walltime.
WARNING: Job only used 40% of its requested cpu time.
WARNING: Job only used 17% of its requested memory.
              job id: 7017535
         exit status: 0
            cpu time: 23.4h / 60.0h (38 %)
        elapsed time: 1.9h / 4.0h (46 %)
      virtual memory: 5.5G / 30.0G (18 %)

Job completed successfully
WARNING: Job only used 46% of its requested walltime.
WARNING: Job only used 38% of its requested cpu time.
WARNING: Job only used 18% of its requested memory.
              job id: 7017537
         exit status: 0
            cpu time: 22.1h / 60.0h (36 %)
        elapsed time: 1.9h / 4.0h (47 %)
      virtual memory: 5.4G / 30.0G (17 %)

Job completed successfully
WARNING: Job only used 47% of its requested walltime.
WARNING: Job only used 36% of its requested cpu time.
WARNING: Job only used 17% of its requested memory.
