              job id: 7017508
         exit status: 0
            cpu time: 21.6h / 52.0h (41 %)
        elapsed time: 1.9h / 4.0h (47 %)
      virtual memory: 4.8G / 26.0G (18 %)

Job completed successfully
WARNING: Job only used 47% of its requested walltime.
WARNING: Job only used 41% of its requested cpu time.
WARNING: Job only used 18% of its requested memory.
              job id: 7017509
         exit status: 0
            cpu time: 20.1h / 52.0h (38 %)
        elapsed time: 1.7h / 4.0h (43 %)
      virtual memory: 4.8G / 26.0G (18 %)

Job completed successfully
WARNING: Job only used 43% of its requested walltime.
WARNING: Job only used 38% of its requested cpu time.
WARNING: Job only used 18% of its requested memory.
              job id: 7017510
         exit status: 0
            cpu time: 22.6h / 52.0h (43 %)
        elapsed time: 1.9h / 4.0h (48 %)
      virtual memory: 4.8G / 26.0G (18 %)

Job completed successfully
WARNING: Job only used 48% of its requested walltime.
WARNING: Job only used 43% of its requested cpu time.
WARNING: Job only used 18% of its requested memory.
              job id: 7017513
         exit status: 0
            cpu time: 20.3h / 52.0h (39 %)
        elapsed time: 1.7h / 4.0h (42 %)
      virtual memory: 4.8G / 26.0G (18 %)

Job completed successfully
WARNING: Job only used 42% of its requested walltime.
WARNING: Job only used 39% of its requested cpu time.
WARNING: Job only used 18% of its requested memory.
              job id: 7017511
         exit status: 0
            cpu time: 21.1h / 52.0h (40 %)
        elapsed time: 1.8h / 4.0h (45 %)
      virtual memory: 4.8G / 26.0G (18 %)

Job completed successfully
WARNING: Job only used 45% of its requested walltime.
WARNING: Job only used 40% of its requested cpu time.
WARNING: Job only used 18% of its requested memory.
              job id: 7017512
         exit status: 0
            cpu time: 22.8h / 52.0h (43 %)
        elapsed time: 2.1h / 4.0h (53 %)
      virtual memory: 4.8G / 26.0G (18 %)

Job completed successfully
WARNING: Job only used 53% of its requested walltime.
WARNING: Job only used 43% of its requested cpu time.
WARNING: Job only used 18% of its requested memory.
              job id: 7017514
         exit status: 0
            cpu time: 22.0h / 52.0h (42 %)
        elapsed time: 1.9h / 4.0h (46 %)
      virtual memory: 4.8G / 26.0G (18 %)

Job completed successfully
WARNING: Job only used 46% of its requested walltime.
WARNING: Job only used 42% of its requested cpu time.
WARNING: Job only used 18% of its requested memory.
              job id: 7017516
         exit status: 0
            cpu time: 19.6h / 52.0h (37 %)
        elapsed time: 1.6h / 4.0h (40 %)
      virtual memory: 4.8G / 26.0G (18 %)

Job completed successfully
WARNING: Job only used 40% of its requested walltime.
WARNING: Job only used 37% of its requested cpu time.
WARNING: Job only used 18% of its requested memory.
              job id: 7017515
         exit status: 0
            cpu time: 19.0h / 52.0h (36 %)
        elapsed time: 1.8h / 4.0h (44 %)
      virtual memory: 4.8G / 26.0G (18 %)

Job completed successfully
WARNING: Job only used 44% of its requested walltime.
WARNING: Job only used 36% of its requested cpu time.
WARNING: Job only used 18% of its requested memory.
              job id: 7017517
         exit status: 0
            cpu time: 21.4h / 52.0h (41 %)
        elapsed time: 1.8h / 4.0h (45 %)
      virtual memory: 4.8G / 26.0G (18 %)

Job completed successfully
WARNING: Job only used 45% of its requested walltime.
WARNING: Job only used 41% of its requested cpu time.
WARNING: Job only used 18% of its requested memory.
