And(Not(implicitreportssync),
    Not(openfire),
    droidmotoroal,
    mysql,
    gps,
    inhousefilemanager)
              job id: 7066487
         exit status: 0
            cpu time: 2s / 600s (0 %)
        elapsed time: 10s / 600s (1 %)
      virtual memory: 421.6M / 2.0G (20 %)

Job completed successfully
WARNING: Job only used 1% of its requested walltime.
WARNING: Job only used 0% of its requested cpu time.
WARNING: Job only used 20% of its requested memory.
And(Not(implicitreportssync),
    Not(openfire),
    droidmotoroal,
    mysql,
    gps,
    inhousefilemanager)
              job id: 7066592
         exit status: 0
            cpu time: 3s / 600s (0 %)
        elapsed time: 5s / 600s (0 %)
      virtual memory: 421.7M / 2.0G (20 %)

Job completed successfully
WARNING: Job only used 0% of its requested walltime.
WARNING: Job only used 0% of its requested cpu time.
WARNING: Job only used 20% of its requested memory.
