And(Not(implicitreportssync),
    openfire,
    filemanageropentintents,
    Not(radiotriangulation),
    Not(nexusonehtc),
    mysql)
              job id: 7066497
         exit status: 0
            cpu time: 3s / 600s (0 %)
        elapsed time: 5s / 600s (0 %)
      virtual memory: 421.4M / 2.0G (20 %)

Job completed successfully
WARNING: Job only used 0% of its requested walltime.
WARNING: Job only used 0% of its requested cpu time.
WARNING: Job only used 20% of its requested memory.
And(Not(implicitreportssync),
    openfire,
    filemanageropentintents,
    Not(radiotriangulation),
    Not(nexusonehtc),
    mysql)
              job id: 7066602
         exit status: 0
            cpu time: 2s / 600s (0 %)
        elapsed time: 4s / 600s (0 %)

Job completed successfully
WARNING: Job only used 0% of its requested walltime.
WARNING: Job only used 0% of its requested cpu time.
