And(Not(implicitreportssync),
    Not(openfire),
    Not(droidmotoroal),
    mysql,
    Not(inhousefilemanager),
    radiotriangulation)
              job id: 7066477
         exit status: 0
            cpu time: 3s / 600s (0 %)
        elapsed time: 5s / 600s (0 %)

Job completed successfully
WARNING: Job only used 0% of its requested walltime.
WARNING: Job only used 0% of its requested cpu time.
And(Not(implicitreportssync),
    Not(openfire),
    Not(droidmotoroal),
    mysql,
    Not(inhousefilemanager),
    radiotriangulation)
              job id: 7066582
         exit status: 0
            cpu time: 3s / 600s (0 %)
        elapsed time: 5s / 600s (0 %)
      virtual memory: 107.7M / 2.0G (5 %)

Job completed successfully
WARNING: Job only used 0% of its requested walltime.
WARNING: Job only used 0% of its requested cpu time.
WARNING: Job only used 5% of its requested memory.
