And(Not(implicitreportssync),
    Not(openfire),
    droidmotoroal,
    mysql,
    Not(gps),
    inhousefilemanager)
              job id: 7066485
         exit status: 0
            cpu time: 3s / 600s (0 %)
        elapsed time: 4s / 600s (0 %)

Job completed successfully
WARNING: Job only used 0% of its requested walltime.
WARNING: Job only used 0% of its requested cpu time.
And(Not(implicitreportssync),
    Not(openfire),
    droidmotoroal,
    mysql,
    Not(gps),
    inhousefilemanager)
              job id: 7066590
         exit status: 0
            cpu time: 3s / 600s (0 %)
        elapsed time: 4s / 600s (0 %)

Job completed successfully
WARNING: Job only used 0% of its requested walltime.
WARNING: Job only used 0% of its requested cpu time.
