And(implicitreportssync,
    Not(inhousefilemanager),
    sqlite,
    Not(nexusonehtc),
    Not(inhousechatprotocol),
    gps)
              job id: 7066513
         exit status: 0
            cpu time: 3s / 600s (0 %)
        elapsed time: 5s / 600s (0 %)
      virtual memory: 428.9M / 2.0G (20 %)

Job completed successfully
WARNING: Job only used 0% of its requested walltime.
WARNING: Job only used 0% of its requested cpu time.
WARNING: Job only used 20% of its requested memory.
And(implicitreportssync,
    Not(inhousefilemanager),
    sqlite,
    Not(nexusonehtc),
    Not(inhousechatprotocol),
    gps)
              job id: 7066618
         exit status: 0
            cpu time: 3s / 600s (0 %)
        elapsed time: 8s / 600s (1 %)
      virtual memory: 428.9M / 2.0G (20 %)

Job completed successfully
WARNING: Job only used 1% of its requested walltime.
WARNING: Job only used 0% of its requested cpu time.
WARNING: Job only used 20% of its requested memory.
