And(implicitreportssync,
    inhousefilemanager,
    sqlite,
    Not(radiotriangulation),
    openfire,
    droidmotoroal)
              job id: 7066531
         exit status: 0
            cpu time: 3s / 600s (0 %)
        elapsed time: 14s / 600s (2 %)
      virtual memory: 419.2M / 2.0G (20 %)

Job completed successfully
WARNING: Job only used 2% of its requested walltime.
WARNING: Job only used 0% of its requested cpu time.
WARNING: Job only used 20% of its requested memory.
And(implicitreportssync,
    inhousefilemanager,
    sqlite,
    Not(radiotriangulation),
    openfire,
    droidmotoroal)
              job id: 7066636
         exit status: 0
            cpu time: 3s / 600s (0 %)
        elapsed time: 4s / 600s (0 %)

Job completed successfully
WARNING: Job only used 0% of its requested walltime.
WARNING: Job only used 0% of its requested cpu time.
