              job id: 7017118
         exit status: 0
            cpu time: 127s / 1.5h (2 %)
        elapsed time: 45s / 1800s (2 %)
      virtual memory: 1.6G / 3.0G (53 %)

Job completed successfully
WARNING: Job only used 2% of its requested walltime.
WARNING: Job only used 2% of its requested cpu time.
WARNING: Job only used 53% of its requested memory.
              job id: 7017119
         exit status: 0
            cpu time: 127s / 1.5h (2 %)
        elapsed time: 51s / 1800s (2 %)
      virtual memory: 1.6G / 3.0G (53 %)

Job completed successfully
WARNING: Job only used 2% of its requested walltime.
WARNING: Job only used 2% of its requested cpu time.
WARNING: Job only used 53% of its requested memory.
              job id: 7017121
         exit status: 0
            cpu time: 127s / 1.5h (2 %)
        elapsed time: 46s / 1800s (2 %)
      virtual memory: 1.6G / 3.0G (53 %)

Job completed successfully
WARNING: Job only used 2% of its requested walltime.
WARNING: Job only used 2% of its requested cpu time.
WARNING: Job only used 53% of its requested memory.
              job id: 7017120
         exit status: 0
            cpu time: 125s / 1.5h (2 %)
        elapsed time: 44s / 1800s (2 %)
      virtual memory: 1.5G / 3.0G (51 %)

Job completed successfully
WARNING: Job only used 2% of its requested walltime.
WARNING: Job only used 2% of its requested cpu time.
WARNING: Job only used 51% of its requested memory.
              job id: 7017123
         exit status: 0
            cpu time: 122s / 1.5h (2 %)
        elapsed time: 43s / 1800s (2 %)
      virtual memory: 1.6G / 3.0G (53 %)

Job completed successfully
WARNING: Job only used 2% of its requested walltime.
WARNING: Job only used 2% of its requested cpu time.
WARNING: Job only used 53% of its requested memory.
              job id: 7017122
         exit status: 0
            cpu time: 127s / 1.5h (2 %)
        elapsed time: 46s / 1800s (2 %)
      virtual memory: 1.6G / 3.0G (53 %)

Job completed successfully
WARNING: Job only used 2% of its requested walltime.
WARNING: Job only used 2% of its requested cpu time.
WARNING: Job only used 53% of its requested memory.
              job id: 7017125
         exit status: 0
            cpu time: 122s / 1.5h (2 %)
        elapsed time: 44s / 1800s (2 %)
      virtual memory: 1.5G / 3.0G (51 %)

Job completed successfully
WARNING: Job only used 2% of its requested walltime.
WARNING: Job only used 2% of its requested cpu time.
WARNING: Job only used 51% of its requested memory.
              job id: 7017124
         exit status: 0
            cpu time: 142s / 1.5h (2 %)
        elapsed time: 50s / 1800s (2 %)
      virtual memory: 1.5G / 3.0G (50 %)

Job completed successfully
WARNING: Job only used 2% of its requested walltime.
WARNING: Job only used 2% of its requested cpu time.
WARNING: Job only used 50% of its requested memory.
              job id: 7017127
         exit status: 0
            cpu time: 124s / 1.5h (2 %)
        elapsed time: 44s / 1800s (2 %)
      virtual memory: 1.5G / 3.0G (50 %)

Job completed successfully
WARNING: Job only used 2% of its requested walltime.
WARNING: Job only used 2% of its requested cpu time.
WARNING: Job only used 50% of its requested memory.
              job id: 7017126
         exit status: 0
            cpu time: 130s / 1.5h (2 %)
        elapsed time: 47s / 1800s (2 %)
      virtual memory: 1.6G / 3.0G (53 %)

Job completed successfully
WARNING: Job only used 2% of its requested walltime.
WARNING: Job only used 2% of its requested cpu time.
WARNING: Job only used 53% of its requested memory.
