              job id: 7017228
         exit status: 0
            cpu time: 361s / 7.0h (1 %)
        elapsed time: 29s / 1800s (1 %)

Job completed successfully
WARNING: Job only used 1% of its requested walltime.
WARNING: Job only used 1% of its requested cpu time.
              job id: 7017229
         exit status: 0
            cpu time: 307s / 7.0h (1 %)
        elapsed time: 26s / 1800s (1 %)

Job completed successfully
WARNING: Job only used 1% of its requested walltime.
WARNING: Job only used 1% of its requested cpu time.
              job id: 7017230
         exit status: 0
            cpu time: 319s / 7.0h (1 %)
        elapsed time: 27s / 1800s (1 %)
      virtual memory: 2.6G / 14.0G (18 %)

Job completed successfully
WARNING: Job only used 1% of its requested walltime.
WARNING: Job only used 1% of its requested cpu time.
WARNING: Job only used 18% of its requested memory.
              job id: 7017231
         exit status: 0
            cpu time: 316s / 7.0h (1 %)
        elapsed time: 26s / 1800s (1 %)

Job completed successfully
WARNING: Job only used 1% of its requested walltime.
WARNING: Job only used 1% of its requested cpu time.
              job id: 7017232
         exit status: 0
            cpu time: 357s / 7.0h (1 %)
        elapsed time: 31s / 1800s (1 %)
      virtual memory: 3.9G / 14.0G (27 %)

Job completed successfully
WARNING: Job only used 1% of its requested walltime.
WARNING: Job only used 1% of its requested cpu time.
WARNING: Job only used 27% of its requested memory.
              job id: 7017233
         exit status: 0
            cpu time: 345s / 7.0h (1 %)
        elapsed time: 29s / 1800s (1 %)

Job completed successfully
WARNING: Job only used 1% of its requested walltime.
WARNING: Job only used 1% of its requested cpu time.
              job id: 7017234
         exit status: 0
            cpu time: 351s / 7.0h (1 %)
        elapsed time: 28s / 1800s (1 %)
      virtual memory: 3.3G / 14.0G (23 %)

Job completed successfully
WARNING: Job only used 1% of its requested walltime.
WARNING: Job only used 1% of its requested cpu time.
WARNING: Job only used 23% of its requested memory.
              job id: 7017235
         exit status: 0
            cpu time: 330s / 7.0h (1 %)
        elapsed time: 27s / 1800s (1 %)

Job completed successfully
WARNING: Job only used 1% of its requested walltime.
WARNING: Job only used 1% of its requested cpu time.
              job id: 7017236
         exit status: 0
            cpu time: 332s / 7.0h (1 %)
        elapsed time: 28s / 1800s (1 %)
      virtual memory: 4.5G / 14.0G (32 %)

Job completed successfully
WARNING: Job only used 1% of its requested walltime.
WARNING: Job only used 1% of its requested cpu time.
WARNING: Job only used 32% of its requested memory.
              job id: 7017237
         exit status: 0
            cpu time: 335s / 7.0h (1 %)
        elapsed time: 28s / 1800s (1 %)

Job completed successfully
WARNING: Job only used 1% of its requested walltime.
WARNING: Job only used 1% of its requested cpu time.
