              job id: 7017148
         exit status: 0
            cpu time: 204s / 3.0h (1 %)
        elapsed time: 38s / 1800s (2 %)
      virtual memory: 1.2G / 6.0G (19 %)

Job completed successfully
WARNING: Job only used 2% of its requested walltime.
WARNING: Job only used 1% of its requested cpu time.
WARNING: Job only used 19% of its requested memory.
              job id: 7017149
         exit status: 0
            cpu time: 174s / 3.0h (1 %)
        elapsed time: 33s / 1800s (1 %)

Job completed successfully
WARNING: Job only used 1% of its requested walltime.
WARNING: Job only used 1% of its requested cpu time.
              job id: 7017150
         exit status: 0
            cpu time: 183s / 3.0h (1 %)
        elapsed time: 34s / 1800s (1 %)

Job completed successfully
WARNING: Job only used 1% of its requested walltime.
WARNING: Job only used 1% of its requested cpu time.
              job id: 7017151
         exit status: 0
            cpu time: 212s / 3.0h (1 %)
        elapsed time: 39s / 1800s (2 %)
      virtual memory: 1.6G / 6.0G (27 %)

Job completed successfully
WARNING: Job only used 2% of its requested walltime.
WARNING: Job only used 1% of its requested cpu time.
WARNING: Job only used 27% of its requested memory.
              job id: 7017152
         exit status: 0
            cpu time: 197s / 3.0h (1 %)
        elapsed time: 38s / 1800s (2 %)

Job completed successfully
WARNING: Job only used 2% of its requested walltime.
WARNING: Job only used 1% of its requested cpu time.
              job id: 7017153
         exit status: 0
            cpu time: 187s / 3.0h (1 %)
        elapsed time: 35s / 1800s (1 %)

Job completed successfully
WARNING: Job only used 1% of its requested walltime.
WARNING: Job only used 1% of its requested cpu time.
              job id: 7017154
         exit status: 0
            cpu time: 208s / 3.0h (1 %)
        elapsed time: 38s / 1800s (2 %)

Job completed successfully
WARNING: Job only used 2% of its requested walltime.
WARNING: Job only used 1% of its requested cpu time.
              job id: 7017155
         exit status: 0
            cpu time: 188s / 3.0h (1 %)
        elapsed time: 35s / 1800s (1 %)

Job completed successfully
WARNING: Job only used 1% of its requested walltime.
WARNING: Job only used 1% of its requested cpu time.
              job id: 7017156
         exit status: 0
            cpu time: 208s / 3.0h (1 %)
        elapsed time: 39s / 1800s (2 %)

Job completed successfully
WARNING: Job only used 2% of its requested walltime.
WARNING: Job only used 1% of its requested cpu time.
              job id: 7017157
         exit status: 0
            cpu time: 176s / 3.0h (1 %)
        elapsed time: 33s / 1800s (1 %)

Job completed successfully
WARNING: Job only used 1% of its requested walltime.
WARNING: Job only used 1% of its requested cpu time.
