              job id: 7017218
         exit status: 0
            cpu time: 336s / 6.5h (1 %)
        elapsed time: 29s / 1800s (1 %)

Job completed successfully
WARNING: Job only used 1% of its requested walltime.
WARNING: Job only used 1% of its requested cpu time.
              job id: 7017219
         exit status: 0
            cpu time: 311s / 6.5h (1 %)
        elapsed time: 28s / 1800s (1 %)
      virtual memory: 2.9G / 13.0G (22 %)

Job completed successfully
WARNING: Job only used 1% of its requested walltime.
WARNING: Job only used 1% of its requested cpu time.
WARNING: Job only used 22% of its requested memory.
              job id: 7017220
         exit status: 0
            cpu time: 305s / 6.5h (1 %)
        elapsed time: 27s / 1800s (1 %)

Job completed successfully
WARNING: Job only used 1% of its requested walltime.
WARNING: Job only used 1% of its requested cpu time.
              job id: 7017221
         exit status: 0
            cpu time: 318s / 6.5h (1 %)
        elapsed time: 28s / 1800s (1 %)
      virtual memory: 433.3M / 13.0G (3 %)

Job completed successfully
WARNING: Job only used 1% of its requested walltime.
WARNING: Job only used 1% of its requested cpu time.
WARNING: Job only used 3% of its requested memory.
              job id: 7017222
         exit status: 0
            cpu time: 321s / 6.5h (1 %)
        elapsed time: 30s / 1800s (1 %)

Job completed successfully
WARNING: Job only used 1% of its requested walltime.
WARNING: Job only used 1% of its requested cpu time.
              job id: 7017223
         exit status: 0
            cpu time: 317s / 6.5h (1 %)
        elapsed time: 28s / 1800s (1 %)
      virtual memory: 2.8G / 13.0G (21 %)

Job completed successfully
WARNING: Job only used 1% of its requested walltime.
WARNING: Job only used 1% of its requested cpu time.
WARNING: Job only used 21% of its requested memory.
              job id: 7017224
         exit status: 0
            cpu time: 314s / 6.5h (1 %)
        elapsed time: 29s / 1800s (1 %)

Job completed successfully
WARNING: Job only used 1% of its requested walltime.
WARNING: Job only used 1% of its requested cpu time.
              job id: 7017225
         exit status: 0
            cpu time: 299s / 6.5h (1 %)
        elapsed time: 27s / 1800s (1 %)
      virtual memory: 2.2G / 13.0G (16 %)

Job completed successfully
WARNING: Job only used 1% of its requested walltime.
WARNING: Job only used 1% of its requested cpu time.
WARNING: Job only used 16% of its requested memory.
              job id: 7017226
         exit status: 0
            cpu time: 326s / 6.5h (1 %)
        elapsed time: 30s / 1800s (1 %)

Job completed successfully
WARNING: Job only used 1% of its requested walltime.
WARNING: Job only used 1% of its requested cpu time.
              job id: 7017227
         exit status: 0
            cpu time: 343s / 6.5h (1 %)
        elapsed time: 30s / 1800s (1 %)
      virtual memory: 4.3G / 13.0G (33 %)

Job completed successfully
WARNING: Job only used 1% of its requested walltime.
WARNING: Job only used 1% of its requested cpu time.
WARNING: Job only used 33% of its requested memory.
