              job id: 7017248
         exit status: 0
            cpu time: 386s / 8.0h (1 %)
        elapsed time: 28s / 1800s (1 %)
      virtual memory: 1.8G / 16.0G (11 %)

Job completed successfully
WARNING: Job only used 1% of its requested walltime.
WARNING: Job only used 1% of its requested cpu time.
WARNING: Job only used 11% of its requested memory.
              job id: 7017249
         exit status: 0
            cpu time: 364s / 8.0h (1 %)
        elapsed time: 28s / 1800s (1 %)

Job completed successfully
WARNING: Job only used 1% of its requested walltime.
WARNING: Job only used 1% of its requested cpu time.
              job id: 7017250
         exit status: 0
            cpu time: 389s / 8.0h (1 %)
        elapsed time: 28s / 1800s (1 %)

Job completed successfully
WARNING: Job only used 1% of its requested walltime.
WARNING: Job only used 1% of its requested cpu time.
              job id: 7017251
         exit status: 0
            cpu time: 379s / 8.0h (1 %)
        elapsed time: 29s / 1800s (1 %)

Job completed successfully
WARNING: Job only used 1% of its requested walltime.
WARNING: Job only used 1% of its requested cpu time.
              job id: 7017252
         exit status: 0
            cpu time: 383s / 8.0h (1 %)
        elapsed time: 28s / 1800s (1 %)

Job completed successfully
WARNING: Job only used 1% of its requested walltime.
WARNING: Job only used 1% of its requested cpu time.
              job id: 7017253
         exit status: 0
            cpu time: 402s / 8.0h (1 %)
        elapsed time: 30s / 1800s (1 %)
      virtual memory: 2.3G / 16.0G (14 %)

Job completed successfully
WARNING: Job only used 1% of its requested walltime.
WARNING: Job only used 1% of its requested cpu time.
WARNING: Job only used 14% of its requested memory.
              job id: 7017254
         exit status: 0
            cpu time: 393s / 8.0h (1 %)
        elapsed time: 30s / 1800s (1 %)

Job completed successfully
WARNING: Job only used 1% of its requested walltime.
WARNING: Job only used 1% of its requested cpu time.
              job id: 7017255
         exit status: 0
            cpu time: 396s / 8.0h (1 %)
        elapsed time: 28s / 1800s (1 %)

Job completed successfully
WARNING: Job only used 1% of its requested walltime.
WARNING: Job only used 1% of its requested cpu time.
              job id: 7017256
         exit status: 0
            cpu time: 381s / 8.0h (1 %)
        elapsed time: 27s / 1800s (1 %)

Job completed successfully
WARNING: Job only used 1% of its requested walltime.
WARNING: Job only used 1% of its requested cpu time.
              job id: 7017257
         exit status: 0
            cpu time: 361s / 8.0h (1 %)
        elapsed time: 27s / 1800s (1 %)

Job completed successfully
WARNING: Job only used 1% of its requested walltime.
WARNING: Job only used 1% of its requested cpu time.
