              job id: 7017188
         exit status: 0
            cpu time: 255s / 5.0h (1 %)
        elapsed time: 30s / 1800s (1 %)

Job completed successfully
WARNING: Job only used 1% of its requested walltime.
WARNING: Job only used 1% of its requested cpu time.
              job id: 7017189
         exit status: 0
            cpu time: 271s / 5.0h (1 %)
        elapsed time: 32s / 1800s (1 %)
      virtual memory: 3.5G / 10.0G (34 %)

Job completed successfully
WARNING: Job only used 1% of its requested walltime.
WARNING: Job only used 1% of its requested cpu time.
WARNING: Job only used 34% of its requested memory.
              job id: 7017190
         exit status: 0
            cpu time: 276s / 5.0h (1 %)
        elapsed time: 32s / 1800s (1 %)

Job completed successfully
WARNING: Job only used 1% of its requested walltime.
WARNING: Job only used 1% of its requested cpu time.
              job id: 7017191
         exit status: 0
            cpu time: 275s / 5.0h (1 %)
        elapsed time: 32s / 1800s (1 %)
      virtual memory: 3.5G / 10.0G (34 %)

Job completed successfully
WARNING: Job only used 1% of its requested walltime.
WARNING: Job only used 1% of its requested cpu time.
WARNING: Job only used 34% of its requested memory.
              job id: 7017192
         exit status: 0
            cpu time: 260s / 5.0h (1 %)
        elapsed time: 30s / 1800s (1 %)

Job completed successfully
WARNING: Job only used 1% of its requested walltime.
WARNING: Job only used 1% of its requested cpu time.
              job id: 7017193
         exit status: 0
            cpu time: 282s / 5.0h (1 %)
        elapsed time: 32s / 1800s (1 %)
      virtual memory: 3.5G / 10.0G (34 %)

Job completed successfully
WARNING: Job only used 1% of its requested walltime.
WARNING: Job only used 1% of its requested cpu time.
WARNING: Job only used 34% of its requested memory.
              job id: 7017194
         exit status: 0
            cpu time: 275s / 5.0h (1 %)
        elapsed time: 32s / 1800s (1 %)

Job completed successfully
WARNING: Job only used 1% of its requested walltime.
WARNING: Job only used 1% of its requested cpu time.
              job id: 7017195
         exit status: 0
            cpu time: 279s / 5.0h (1 %)
        elapsed time: 32s / 1800s (1 %)

Job completed successfully
WARNING: Job only used 1% of its requested walltime.
WARNING: Job only used 1% of its requested cpu time.
              job id: 7017196
         exit status: 0
            cpu time: 265s / 5.0h (1 %)
        elapsed time: 31s / 1800s (1 %)

Job completed successfully
WARNING: Job only used 1% of its requested walltime.
WARNING: Job only used 1% of its requested cpu time.
              job id: 7017197
         exit status: 0
            cpu time: 294s / 5.0h (1 %)
        elapsed time: 35s / 1800s (1 %)
      virtual memory: 3.5G / 10.0G (34 %)

Job completed successfully
WARNING: Job only used 1% of its requested walltime.
WARNING: Job only used 1% of its requested cpu time.
WARNING: Job only used 34% of its requested memory.
