              job id: 7017198
         exit status: 0
            cpu time: 309s / 5.5h (1 %)
        elapsed time: 36s / 1800s (2 %)

Job completed successfully
WARNING: Job only used 2% of its requested walltime.
WARNING: Job only used 1% of its requested cpu time.
              job id: 7017199
         exit status: 0
            cpu time: 302s / 5.5h (1 %)
        elapsed time: 33s / 1800s (1 %)
      virtual memory: 3.7G / 11.0G (34 %)

Job completed successfully
WARNING: Job only used 1% of its requested walltime.
WARNING: Job only used 1% of its requested cpu time.
WARNING: Job only used 34% of its requested memory.
              job id: 7017200
         exit status: 0
            cpu time: 335s / 5.5h (1 %)
        elapsed time: 34s / 1800s (1 %)

Job completed successfully
WARNING: Job only used 1% of its requested walltime.
WARNING: Job only used 1% of its requested cpu time.
              job id: 7017201
         exit status: 0
            cpu time: 284s / 5.5h (1 %)
        elapsed time: 30s / 1800s (1 %)
      virtual memory: 3.7G / 11.0G (34 %)

Job completed successfully
WARNING: Job only used 1% of its requested walltime.
WARNING: Job only used 1% of its requested cpu time.
WARNING: Job only used 34% of its requested memory.
              job id: 7017202
         exit status: 0
            cpu time: 279s / 5.5h (1 %)
        elapsed time: 29s / 1800s (1 %)

Job completed successfully
WARNING: Job only used 1% of its requested walltime.
WARNING: Job only used 1% of its requested cpu time.
              job id: 7017203
         exit status: 0
            cpu time: 281s / 5.5h (1 %)
        elapsed time: 29s / 1800s (1 %)
      virtual memory: 3.7G / 11.0G (34 %)

Job completed successfully
WARNING: Job only used 1% of its requested walltime.
WARNING: Job only used 1% of its requested cpu time.
WARNING: Job only used 34% of its requested memory.
              job id: 7017204
         exit status: 0
            cpu time: 284s / 5.5h (1 %)
        elapsed time: 29s / 1800s (1 %)

Job completed successfully
WARNING: Job only used 1% of its requested walltime.
WARNING: Job only used 1% of its requested cpu time.
              job id: 7017205
         exit status: 0
            cpu time: 281s / 5.5h (1 %)
        elapsed time: 32s / 1800s (1 %)
      virtual memory: 3.7G / 11.0G (34 %)

Job completed successfully
WARNING: Job only used 1% of its requested walltime.
WARNING: Job only used 1% of its requested cpu time.
WARNING: Job only used 34% of its requested memory.
              job id: 7017206
         exit status: 0
            cpu time: 289s / 5.5h (1 %)
        elapsed time: 30s / 1800s (1 %)

Job completed successfully
WARNING: Job only used 1% of its requested walltime.
WARNING: Job only used 1% of its requested cpu time.
              job id: 7017207
         exit status: 0
            cpu time: 281s / 5.5h (1 %)
        elapsed time: 30s / 1800s (1 %)
      virtual memory: 3.7G / 11.0G (34 %)

Job completed successfully
WARNING: Job only used 1% of its requested walltime.
WARNING: Job only used 1% of its requested cpu time.
WARNING: Job only used 34% of its requested memory.
