              job id: 7017108
         exit status: 0
            cpu time: 110s / 1.0h (3 %)
        elapsed time: 58s / 1800s (3 %)
      virtual memory: 1.3G / 2.0G (65 %)

Job completed successfully
WARNING: Job only used 3% of its requested walltime.
WARNING: Job only used 3% of its requested cpu time.
WARNING: Job only used 65% of its requested memory.
              job id: 7017109
         exit status: 0
            cpu time: 101s / 1.0h (2 %)
        elapsed time: 60s / 1800s (3 %)
      virtual memory: 1.3G / 2.0G (65 %)

Job completed successfully
WARNING: Job only used 3% of its requested walltime.
WARNING: Job only used 2% of its requested cpu time.
WARNING: Job only used 65% of its requested memory.
              job id: 7017110
         exit status: 0
            cpu time: 104s / 1.0h (2 %)
        elapsed time: 56s / 1800s (3 %)
      virtual memory: 1.3G / 2.0G (65 %)

Job completed successfully
WARNING: Job only used 3% of its requested walltime.
WARNING: Job only used 2% of its requested cpu time.
WARNING: Job only used 65% of its requested memory.
              job id: 7017111
         exit status: 0
            cpu time: 95s / 1.0h (2 %)
        elapsed time: 50s / 1800s (2 %)
      virtual memory: 1.3G / 2.0G (62 %)

Job completed successfully
WARNING: Job only used 2% of its requested walltime.
WARNING: Job only used 2% of its requested cpu time.
WARNING: Job only used 62% of its requested memory.
              job id: 7017112
         exit status: 0
            cpu time: 102s / 1.0h (2 %)
        elapsed time: 53s / 1800s (2 %)
      virtual memory: 1.3G / 2.0G (65 %)

Job completed successfully
WARNING: Job only used 2% of its requested walltime.
WARNING: Job only used 2% of its requested cpu time.
WARNING: Job only used 65% of its requested memory.
              job id: 7017113
         exit status: 0
            cpu time: 100s / 1.0h (2 %)
        elapsed time: 53s / 1800s (2 %)
      virtual memory: 1.3G / 2.0G (65 %)

Job completed successfully
WARNING: Job only used 2% of its requested walltime.
WARNING: Job only used 2% of its requested cpu time.
WARNING: Job only used 65% of its requested memory.
              job id: 7017114
         exit status: 0
            cpu time: 94s / 1.0h (2 %)
        elapsed time: 51s / 1800s (2 %)
      virtual memory: 1.3G / 2.0G (65 %)

Job completed successfully
WARNING: Job only used 2% of its requested walltime.
WARNING: Job only used 2% of its requested cpu time.
WARNING: Job only used 65% of its requested memory.
              job id: 7017115
         exit status: 0
            cpu time: 98s / 1.0h (2 %)
        elapsed time: 51s / 1800s (2 %)
      virtual memory: 1.3G / 2.0G (65 %)

Job completed successfully
WARNING: Job only used 2% of its requested walltime.
WARNING: Job only used 2% of its requested cpu time.
WARNING: Job only used 65% of its requested memory.
              job id: 7017116
         exit status: 0
            cpu time: 95s / 1.0h (2 %)
        elapsed time: 50s / 1800s (2 %)
      virtual memory: 1.4G / 2.0G (68 %)

Job completed successfully
WARNING: Job only used 2% of its requested walltime.
WARNING: Job only used 2% of its requested cpu time.
WARNING: Job only used 68% of its requested memory.
              job id: 7017117
         exit status: 0
            cpu time: 105s / 1.0h (2 %)
        elapsed time: 55s / 1800s (3 %)
      virtual memory: 1.3G / 2.0G (62 %)

Job completed successfully
WARNING: Job only used 3% of its requested walltime.
WARNING: Job only used 2% of its requested cpu time.
WARNING: Job only used 62% of its requested memory.
