              job id: 7017128
         exit status: 0
            cpu time: 144s / 2.0h (2 %)
        elapsed time: 39s / 1800s (2 %)
      virtual memory: 1.9G / 4.0G (46 %)

Job completed successfully
WARNING: Job only used 2% of its requested walltime.
WARNING: Job only used 2% of its requested cpu time.
WARNING: Job only used 46% of its requested memory.
              job id: 7017129
         exit status: 0
            cpu time: 155s / 2.0h (2 %)
        elapsed time: 42s / 1800s (2 %)
      virtual memory: 1.9G / 4.0G (46 %)

Job completed successfully
WARNING: Job only used 2% of its requested walltime.
WARNING: Job only used 2% of its requested cpu time.
WARNING: Job only used 46% of its requested memory.
              job id: 7017130
         exit status: 0
            cpu time: 160s / 2.0h (2 %)
        elapsed time: 43s / 1800s (2 %)
      virtual memory: 1.9G / 4.0G (46 %)

Job completed successfully
WARNING: Job only used 2% of its requested walltime.
WARNING: Job only used 2% of its requested cpu time.
WARNING: Job only used 46% of its requested memory.
              job id: 7017131
         exit status: 0
            cpu time: 143s / 2.0h (1 %)
        elapsed time: 39s / 1800s (2 %)
      virtual memory: 1.4G / 4.0G (36 %)

Job completed successfully
WARNING: Job only used 2% of its requested walltime.
WARNING: Job only used 1% of its requested cpu time.
WARNING: Job only used 36% of its requested memory.
              job id: 7017132
         exit status: 0
            cpu time: 150s / 2.0h (2 %)
        elapsed time: 41s / 1800s (2 %)
      virtual memory: 1.7G / 4.0G (41 %)

Job completed successfully
WARNING: Job only used 2% of its requested walltime.
WARNING: Job only used 2% of its requested cpu time.
WARNING: Job only used 41% of its requested memory.
              job id: 7017133
         exit status: 0
            cpu time: 146s / 2.0h (2 %)
        elapsed time: 40s / 1800s (2 %)
      virtual memory: 1.8G / 4.0G (45 %)

Job completed successfully
WARNING: Job only used 2% of its requested walltime.
WARNING: Job only used 2% of its requested cpu time.
WARNING: Job only used 45% of its requested memory.
              job id: 7017134
         exit status: 0
            cpu time: 140s / 2.0h (1 %)
        elapsed time: 39s / 1800s (2 %)
      virtual memory: 1.7G / 4.0G (41 %)

Job completed successfully
WARNING: Job only used 2% of its requested walltime.
WARNING: Job only used 1% of its requested cpu time.
WARNING: Job only used 41% of its requested memory.
              job id: 7017135
         exit status: 0
            cpu time: 153s / 2.0h (2 %)
        elapsed time: 42s / 1800s (2 %)
      virtual memory: 1.9G / 4.0G (46 %)

Job completed successfully
WARNING: Job only used 2% of its requested walltime.
WARNING: Job only used 2% of its requested cpu time.
WARNING: Job only used 46% of its requested memory.
              job id: 7017136
         exit status: 0
            cpu time: 147s / 2.0h (2 %)
        elapsed time: 41s / 1800s (2 %)
      virtual memory: 1.9G / 4.0G (46 %)

Job completed successfully
WARNING: Job only used 2% of its requested walltime.
WARNING: Job only used 2% of its requested cpu time.
WARNING: Job only used 46% of its requested memory.
              job id: 7017137
         exit status: 0
            cpu time: 138s / 2.0h (1 %)
        elapsed time: 38s / 1800s (2 %)
      virtual memory: 1.9G / 4.0G (46 %)

Job completed successfully
WARNING: Job only used 2% of its requested walltime.
WARNING: Job only used 1% of its requested cpu time.
WARNING: Job only used 46% of its requested memory.
