              job id: 7017158
         exit status: 0
            cpu time: 197s / 3.5h (1 %)
        elapsed time: 31s / 1800s (1 %)
      virtual memory: 2.6G / 7.0G (37 %)

Job completed successfully
WARNING: Job only used 1% of its requested walltime.
WARNING: Job only used 1% of its requested cpu time.
WARNING: Job only used 37% of its requested memory.
              job id: 7017159
         exit status: 0
            cpu time: 225s / 3.5h (1 %)
        elapsed time: 36s / 1800s (2 %)

Job completed successfully
WARNING: Job only used 2% of its requested walltime.
WARNING: Job only used 1% of its requested cpu time.
              job id: 7017160
         exit status: 0
            cpu time: 200s / 3.5h (1 %)
        elapsed time: 32s / 1800s (1 %)

Job completed successfully
WARNING: Job only used 1% of its requested walltime.
WARNING: Job only used 1% of its requested cpu time.
              job id: 7017161
         exit status: 0
            cpu time: 196s / 3.5h (1 %)
        elapsed time: 32s / 1800s (1 %)
      virtual memory: 2.6G / 7.0G (37 %)

Job completed successfully
WARNING: Job only used 1% of its requested walltime.
WARNING: Job only used 1% of its requested cpu time.
WARNING: Job only used 37% of its requested memory.
              job id: 7017162
         exit status: 0
            cpu time: 208s / 3.5h (1 %)
        elapsed time: 34s / 1800s (1 %)

Job completed successfully
WARNING: Job only used 1% of its requested walltime.
WARNING: Job only used 1% of its requested cpu time.
              job id: 7017163
         exit status: 0
            cpu time: 204s / 3.5h (1 %)
        elapsed time: 32s / 1800s (1 %)
      virtual memory: 2.6G / 7.0G (37 %)

Job completed successfully
WARNING: Job only used 1% of its requested walltime.
WARNING: Job only used 1% of its requested cpu time.
WARNING: Job only used 37% of its requested memory.
              job id: 7017164
         exit status: 0
            cpu time: 225s / 3.5h (1 %)
        elapsed time: 35s / 1800s (1 %)

Job completed successfully
WARNING: Job only used 1% of its requested walltime.
WARNING: Job only used 1% of its requested cpu time.
              job id: 7017165
         exit status: 0
            cpu time: 236s / 3.5h (1 %)
        elapsed time: 38s / 1800s (2 %)

Job completed successfully
WARNING: Job only used 2% of its requested walltime.
WARNING: Job only used 1% of its requested cpu time.
              job id: 7017166
         exit status: 0
            cpu time: 232s / 3.5h (1 %)
        elapsed time: 37s / 1800s (2 %)

Job completed successfully
WARNING: Job only used 2% of its requested walltime.
WARNING: Job only used 1% of its requested cpu time.
              job id: 7017167
         exit status: 0
            cpu time: 207s / 3.5h (1 %)
        elapsed time: 34s / 1800s (1 %)

Job completed successfully
WARNING: Job only used 1% of its requested walltime.
WARNING: Job only used 1% of its requested cpu time.
