              job id: 7017168
         exit status: 0
            cpu time: 233s / 4.0h (1 %)
        elapsed time: 34s / 1800s (1 %)

Job completed successfully
WARNING: Job only used 1% of its requested walltime.
WARNING: Job only used 1% of its requested cpu time.
              job id: 7017169
         exit status: 0
            cpu time: 225s / 4.0h (1 %)
        elapsed time: 32s / 1800s (1 %)

Job completed successfully
WARNING: Job only used 1% of its requested walltime.
WARNING: Job only used 1% of its requested cpu time.
              job id: 7017170
         exit status: 0
            cpu time: 214s / 4.0h (1 %)
        elapsed time: 31s / 1800s (1 %)

Job completed successfully
WARNING: Job only used 1% of its requested walltime.
WARNING: Job only used 1% of its requested cpu time.
              job id: 7017171
         exit status: 0
            cpu time: 231s / 4.0h (1 %)
        elapsed time: 32s / 1800s (1 %)

Job completed successfully
WARNING: Job only used 1% of its requested walltime.
WARNING: Job only used 1% of its requested cpu time.
              job id: 7017172
         exit status: 0
            cpu time: 217s / 4.0h (1 %)
        elapsed time: 32s / 1800s (1 %)

Job completed successfully
WARNING: Job only used 1% of its requested walltime.
WARNING: Job only used 1% of its requested cpu time.
              job id: 7017173
         exit status: 0
            cpu time: 229s / 4.0h (1 %)
        elapsed time: 32s / 1800s (1 %)
      virtual memory: 107.7M / 8.0G (1 %)

Job completed successfully
WARNING: Job only used 1% of its requested walltime.
WARNING: Job only used 1% of its requested cpu time.
WARNING: Job only used 1% of its requested memory.
              job id: 7017174
         exit status: 0
            cpu time: 230s / 4.0h (1 %)
        elapsed time: 33s / 1800s (1 %)

Job completed successfully
WARNING: Job only used 1% of its requested walltime.
WARNING: Job only used 1% of its requested cpu time.
              job id: 7017175
         exit status: 0
            cpu time: 236s / 4.0h (1 %)
        elapsed time: 33s / 1800s (1 %)

Job completed successfully
WARNING: Job only used 1% of its requested walltime.
WARNING: Job only used 1% of its requested cpu time.
              job id: 7017176
         exit status: 0
            cpu time: 215s / 4.0h (1 %)
        elapsed time: 30s / 1800s (1 %)

Job completed successfully
WARNING: Job only used 1% of its requested walltime.
WARNING: Job only used 1% of its requested cpu time.
              job id: 7017177
         exit status: 0
            cpu time: 218s / 4.0h (1 %)
        elapsed time: 30s / 1800s (1 %)

Job completed successfully
WARNING: Job only used 1% of its requested walltime.
WARNING: Job only used 1% of its requested cpu time.
