              job id: 7017138
         exit status: 0
            cpu time: 168s / 2.5h (1 %)
        elapsed time: 38s / 1800s (2 %)
      virtual memory: 2.1G / 5.0G (42 %)

Job completed successfully
WARNING: Job only used 2% of its requested walltime.
WARNING: Job only used 1% of its requested cpu time.
WARNING: Job only used 42% of its requested memory.
              job id: 7017139
         exit status: 0
            cpu time: 164s / 2.5h (1 %)
        elapsed time: 35s / 1800s (1 %)
      virtual memory: 2.1G / 5.0G (42 %)

Job completed successfully
WARNING: Job only used 1% of its requested walltime.
WARNING: Job only used 1% of its requested cpu time.
WARNING: Job only used 42% of its requested memory.
              job id: 7017140
         exit status: 0
            cpu time: 168s / 2.5h (1 %)
        elapsed time: 37s / 1800s (2 %)

Job completed successfully
WARNING: Job only used 2% of its requested walltime.
WARNING: Job only used 1% of its requested cpu time.
              job id: 7017141
         exit status: 0
            cpu time: 156s / 2.5h (1 %)
        elapsed time: 34s / 1800s (1 %)

Job completed successfully
WARNING: Job only used 1% of its requested walltime.
WARNING: Job only used 1% of its requested cpu time.
              job id: 7017142
         exit status: 0
            cpu time: 162s / 2.5h (1 %)
        elapsed time: 35s / 1800s (1 %)

Job completed successfully
WARNING: Job only used 1% of its requested walltime.
WARNING: Job only used 1% of its requested cpu time.
              job id: 7017143
         exit status: 0
            cpu time: 154s / 2.5h (1 %)
        elapsed time: 33s / 1800s (1 %)

Job completed successfully
WARNING: Job only used 1% of its requested walltime.
WARNING: Job only used 1% of its requested cpu time.
              job id: 7017144
         exit status: 0
            cpu time: 169s / 2.5h (1 %)
        elapsed time: 37s / 1800s (2 %)

Job completed successfully
WARNING: Job only used 2% of its requested walltime.
WARNING: Job only used 1% of its requested cpu time.
              job id: 7017145
         exit status: 0
            cpu time: 180s / 2.5h (2 %)
        elapsed time: 39s / 1800s (2 %)
      virtual memory: 1.3G / 5.0G (25 %)

Job completed successfully
WARNING: Job only used 2% of its requested walltime.
WARNING: Job only used 2% of its requested cpu time.
WARNING: Job only used 25% of its requested memory.
              job id: 7017146
         exit status: 0
            cpu time: 168s / 2.5h (1 %)
        elapsed time: 36s / 1800s (2 %)
      virtual memory: 1.3G / 5.0G (25 %)

Job completed successfully
WARNING: Job only used 2% of its requested walltime.
WARNING: Job only used 1% of its requested cpu time.
WARNING: Job only used 25% of its requested memory.
              job id: 7017147
         exit status: 0
            cpu time: 181s / 2.5h (2 %)
        elapsed time: 41s / 1800s (2 %)
      virtual memory: 2.1G / 5.0G (41 %)

Job completed successfully
WARNING: Job only used 2% of its requested walltime.
WARNING: Job only used 2% of its requested cpu time.
WARNING: Job only used 41% of its requested memory.
