              job id: 7017208
         exit status: 0
            cpu time: 301s / 6.0h (1 %)
        elapsed time: 29s / 1800s (1 %)

Job completed successfully
WARNING: Job only used 1% of its requested walltime.
WARNING: Job only used 1% of its requested cpu time.
              job id: 7017209
         exit status: 0
            cpu time: 297s / 6.0h (1 %)
        elapsed time: 30s / 1800s (1 %)
      virtual memory: 4.0G / 12.0G (33 %)

Job completed successfully
WARNING: Job only used 1% of its requested walltime.
WARNING: Job only used 1% of its requested cpu time.
WARNING: Job only used 33% of its requested memory.
              job id: 7017210
         exit status: 0
            cpu time: 298s / 6.0h (1 %)
        elapsed time: 29s / 1800s (1 %)

Job completed successfully
WARNING: Job only used 1% of its requested walltime.
WARNING: Job only used 1% of its requested cpu time.
              job id: 7017211
         exit status: 0
            cpu time: 297s / 6.0h (1 %)
        elapsed time: 28s / 1800s (1 %)
      virtual memory: 4.0G / 12.0G (33 %)

Job completed successfully
WARNING: Job only used 1% of its requested walltime.
WARNING: Job only used 1% of its requested cpu time.
WARNING: Job only used 33% of its requested memory.
              job id: 7017212
         exit status: 0
            cpu time: 279s / 6.0h (1 %)
        elapsed time: 28s / 1800s (1 %)
      virtual memory: 4.0G / 12.0G (33 %)

Job completed successfully
WARNING: Job only used 1% of its requested walltime.
WARNING: Job only used 1% of its requested cpu time.
WARNING: Job only used 33% of its requested memory.
              job id: 7017213
         exit status: 0
            cpu time: 284s / 6.0h (1 %)
        elapsed time: 27s / 1800s (1 %)

Job completed successfully
WARNING: Job only used 1% of its requested walltime.
WARNING: Job only used 1% of its requested cpu time.
              job id: 7017214
         exit status: 0
            cpu time: 287s / 6.0h (1 %)
        elapsed time: 28s / 1800s (1 %)
      virtual memory: 4.0G / 12.0G (33 %)

Job completed successfully
WARNING: Job only used 1% of its requested walltime.
WARNING: Job only used 1% of its requested cpu time.
WARNING: Job only used 33% of its requested memory.
              job id: 7017215
         exit status: 0
            cpu time: 277s / 6.0h (1 %)
        elapsed time: 29s / 1800s (1 %)
      virtual memory: 4.0G / 12.0G (33 %)

Job completed successfully
WARNING: Job only used 1% of its requested walltime.
WARNING: Job only used 1% of its requested cpu time.
WARNING: Job only used 33% of its requested memory.
              job id: 7017216
         exit status: 0
            cpu time: 281s / 6.0h (1 %)
        elapsed time: 28s / 1800s (1 %)

Job completed successfully
WARNING: Job only used 1% of its requested walltime.
WARNING: Job only used 1% of its requested cpu time.
              job id: 7017217
         exit status: 0
            cpu time: 278s / 6.0h (1 %)
        elapsed time: 28s / 1800s (1 %)
      virtual memory: 3.0G / 12.0G (25 %)

Job completed successfully
WARNING: Job only used 1% of its requested walltime.
WARNING: Job only used 1% of its requested cpu time.
WARNING: Job only used 25% of its requested memory.
