              job id: 7017178
         exit status: 0
            cpu time: 234s / 4.5h (1 %)
        elapsed time: 30s / 1800s (1 %)

Job completed successfully
WARNING: Job only used 1% of its requested walltime.
WARNING: Job only used 1% of its requested cpu time.
              job id: 7017179
         exit status: 0
            cpu time: 241s / 4.5h (1 %)
        elapsed time: 30s / 1800s (1 %)
      virtual memory: 3.2G / 9.0G (35 %)

Job completed successfully
WARNING: Job only used 1% of its requested walltime.
WARNING: Job only used 1% of its requested cpu time.
WARNING: Job only used 35% of its requested memory.
              job id: 7017180
         exit status: 0
            cpu time: 255s / 4.5h (1 %)
        elapsed time: 33s / 1800s (1 %)

Job completed successfully
WARNING: Job only used 1% of its requested walltime.
WARNING: Job only used 1% of its requested cpu time.
              job id: 7017181
         exit status: 0
            cpu time: 249s / 4.5h (1 %)
        elapsed time: 31s / 1800s (1 %)
      virtual memory: 3.2G / 9.0G (35 %)

Job completed successfully
WARNING: Job only used 1% of its requested walltime.
WARNING: Job only used 1% of its requested cpu time.
WARNING: Job only used 35% of its requested memory.
              job id: 7017182
         exit status: 0
            cpu time: 252s / 4.5h (1 %)
        elapsed time: 33s / 1800s (1 %)

Job completed successfully
WARNING: Job only used 1% of its requested walltime.
WARNING: Job only used 1% of its requested cpu time.
              job id: 7017183
         exit status: 0
            cpu time: 225s / 4.5h (1 %)
        elapsed time: 29s / 1800s (1 %)

Job completed successfully
WARNING: Job only used 1% of its requested walltime.
WARNING: Job only used 1% of its requested cpu time.
              job id: 7017184
         exit status: 0
            cpu time: 240s / 4.5h (1 %)
        elapsed time: 31s / 1800s (1 %)

Job completed successfully
WARNING: Job only used 1% of its requested walltime.
WARNING: Job only used 1% of its requested cpu time.
              job id: 7017185
         exit status: 0
            cpu time: 253s / 4.5h (1 %)
        elapsed time: 32s / 1800s (1 %)
      virtual memory: 3.2G / 9.0G (35 %)

Job completed successfully
WARNING: Job only used 1% of its requested walltime.
WARNING: Job only used 1% of its requested cpu time.
WARNING: Job only used 35% of its requested memory.
              job id: 7017186
         exit status: 0
            cpu time: 268s / 4.5h (1 %)
        elapsed time: 34s / 1800s (1 %)

Job completed successfully
WARNING: Job only used 1% of its requested walltime.
WARNING: Job only used 1% of its requested cpu time.
              job id: 7017187
         exit status: 0
            cpu time: 255s / 4.5h (1 %)
        elapsed time: 32s / 1800s (1 %)

Job completed successfully
WARNING: Job only used 1% of its requested walltime.
WARNING: Job only used 1% of its requested cpu time.
